;  LST file generated by mikroListExporter - v.2.0 
; Date/Time: 2011-1-30 13:34:23
;----------------------------------------------

;Address Opcode 	ASM
0x0000	0x000000040828  	GOTO	_main
0x0004	0x000000  	0
0x0006	0x000000  	0
0x0008	0x000000  	0
0x000A	0x000000  	0
0x000C	0x000000  	0
0x000E	0x000000  	0
0x0010	0x000000  	0
0x0012	0x000000  	0
0x0014	0x000000  	0
0x0016	0x000000  	0
0x0018	0x000000  	0
0x001A	0x000000  	0
0x001C	0x000000  	0
0x001E	0x000000  	0
0x0020	0x000000  	0
0x0022	0x000000  	0
0x0024	0x000000  	0
0x0026	0x000000  	0
0x0028	0x000000  	0
0x002A	0x000000  	0
0x002C	0x000000  	0
0x002E	0x000000  	0
0x0030	0x000000  	0
0x0032	0x000000  	0
0x0034	0x000000  	0
0x0036	0x000000  	0
0x0038	0x000000  	0
0x003A	0x000000  	0
0x003C	0x000000  	0
0x003E	0x000000  	0
0x0040	0x000000  	0
0x0042	0x000000  	0
0x0044	0x000000  	0
0x0046	0x000000  	0
0x0048	0x000000  	0
0x004A	0x000000  	0
0x004C	0x000000  	0
0x004E	0x000000  	0
0x0050	0x000000  	0
0x0052	0x000000  	0
0x0054	0x000000  	0
0x0056	0x000000  	0
0x0058	0x000000  	0
0x005A	0x000000  	0
0x005C	0x000000  	0
0x005E	0x000000  	0
0x0060	0x000000  	0
0x0062	0x000000  	0
0x0064	0x000000  	0
0x0066	0x000000  	0
0x0068	0x000000  	0
0x006A	0x000000  	0
0x006C	0x000000  	0
0x006E	0x000000  	0
0x0070	0x000000  	0
0x0072	0x000000  	0
0x0074	0x000000  	0
0x0076	0x000000  	0
0x0078	0x000000  	0
0x007A	0x000000  	0
0x007C	0x000000  	0
0x007E	0x000000  	0
0x0080	0x000000  	0
0x0082	0x000000  	0
0x0084	0x000000  	0
0x0086	0x000000  	0
0x0088	0x000000  	0
0x008A	0x000000  	0
0x008C	0x000000  	0
0x008E	0x000000  	0
0x0090	0x000000  	0
0x0092	0x000000  	0
0x0094	0x000000  	0
0x0096	0x000000  	0
0x0098	0x000000  	0
0x009A	0x000000  	0
0x009C	0x000000  	0
0x009E	0x000000  	0
0x00A0	0x000000  	0
0x00A2	0x000000  	0
0x00A4	0x000000  	0
0x00A6	0x000000  	0
0x00A8	0x000000  	0
0x00AA	0x000000  	0
0x00AC	0x000000  	0
0x00AE	0x000000  	0
0x00B0	0x000000  	0
0x00B2	0x000000  	0
0x00B4	0x000000  	0
0x00B6	0x000000  	0
0x00B8	0x000000  	0
0x00BA	0x000000  	0
0x00BC	0x000000  	0
0x00BE	0x000000  	0
0x00C0	0x000000  	0
0x00C2	0x000000  	0
0x00C4	0x000000  	0
0x00C6	0x000000  	0
0x00C8	0x000000  	0
0x00CA	0x000000  	0
0x00CC	0x000000  	0
0x00CE	0x000000  	0
0x00D0	0x000000  	0
0x00D2	0x000000  	0
0x00D4	0x000000  	0
0x00D6	0x000000  	0
0x00D8	0x000000  	0
0x00DA	0x000000  	0
0x00DC	0x000000  	0
0x00DE	0x000000  	0
0x00E0	0x000000  	0
0x00E2	0x000000  	0
0x00E4	0x000000  	0
0x00E6	0x000000  	0
0x00E8	0x000000  	0
0x00EA	0x000000  	0
0x00EC	0x000000  	0
0x00EE	0x000000  	0
0x00F0	0x000000  	0
0x00F2	0x000000  	0
0x00F4	0x000000  	0
0x00F6	0x000000  	0
0x00F8	0x000000  	0
0x00FA	0x000000  	0
0x00FC	0x000000  	0
0x00FE	0x000000  	0
_main:
0x0828	0x20812F  	MOV	#2066, WREG15
0x082A	0x227FF0  	MOV	#10239, WREG0
0x082C	0xB7A020  	MOV	WREG, SPLIM
0x082E	0x200010  	MOV	#1, WREG0
0x0830	0xB7A034  	MOV	WREG, PSVPAG
0x0832	0x200040  	MOV	#4, WREG0
0x0834	0xB72044  	IOR	CORCON
0x0836	0xFA0002  	LNK	#2
0x0838	0x0000000208C8  	CALL	2248
;project.c,36 :: 		void main() {
;project.c,37 :: 		Glcd_Init();
0x083C	0x781F8A  	PUSH	WREG10
0x083E	0x781F8B  	PUSH	WREG11
0x0840	0x781F8C  	PUSH	WREG12
0x0842	0x07FF82  	RCALL	_Glcd_Init
;project.c,39 :: 		while(1)
L_main0:
;project.c,41 :: 		Glcd_Fill(0x00);
0x0844	0xEF2014  	CLR	WREG10
0x0846	0x07FF59  	RCALL	_Glcd_Fill
;project.c,42 :: 		x=0;
0x0848	0xEF2000  	CLR	WREG0
0x084A	0xEF2002  	CLR	WREG1
0x084C	0x884020  	MOV	WREG0, _x
0x084E	0x884031  	MOV	WREG1, _x+2
;project.c,43 :: 		while(x < 127)
L_main2:
0x0850	0x200002  	MOV	#0, WREG2
0x0852	0x242FE3  	MOV	#17150, WREG3
0x0854	0x804020  	MOV	_x, WREG0
0x0856	0x804031  	MOV	_x+2, WREG1
0x0858	0x07FFA2  	RCALL	__Compare_Le_Fp
0x085A	0xE00000  	CP0	WREG0
0x085C	0xEF6000  	CLR.B	WREG0
0x085E	0x3D0001  	BRA GE	L__main7
0x0860	0xEC6000  	INC.B	WREG0
L__main7:
0x0862	0xE24000  	CP0.B	WREG0
0x0864	0x32002E  	BRA Z	L_main3
L__main8:
;project.c,45 :: 		x1=x * 3.14 / 127.0;
0x0866	0x804020  	MOV	_x, WREG0
0x0868	0x804031  	MOV	_x+2, WREG1
0x086A	0x2F5C32  	MOV	#62915, WREG2
0x086C	0x240483  	MOV	#16456, WREG3
0x086E	0x07FE1D  	RCALL	__Mul_FP
0x0870	0x200002  	MOV	#0, WREG2
0x0872	0x242FE3  	MOV	#17150, WREG3
0x0874	0x07FEA7  	RCALL	__Div_FP
0x0876	0x884000  	MOV	WREG0, _x1
0x0878	0x884011  	MOV	WREG1, _x1+2
;project.c,46 :: 		y=30 + 30* x1;
0x087A	0x200002  	MOV	#0, WREG2
0x087C	0x241F03  	MOV	#16880, WREG3
0x087E	0x07FE15  	RCALL	__Mul_FP
0x0880	0x200002  	MOV	#0, WREG2
0x0882	0x241F03  	MOV	#16880, WREG3
0x0884	0x07FD20  	RCALL	__AddSub_FP
0x0886	0x884060  	MOV	WREG0, _y
0x0888	0x884071  	MOV	WREG1, _y+2
;project.c,47 :: 		x+=dx;
0x088A	0x804022  	MOV	_x, WREG2
0x088C	0x804033  	MOV	_x+2, WREG3
0x088E	0x804040  	MOV	_dx, WREG0
0x0890	0x804051  	MOV	_dx+2, WREG1
0x0892	0x07FD19  	RCALL	__AddSub_FP
0x0894	0x884020  	MOV	WREG0, _x
0x0896	0x884031  	MOV	WREG1, _x+2
;project.c,48 :: 		Delay_ms(100);
0x0898	0x200028  	MOV	#2, WREG8
0x089A	0x245847  	MOV	#17796, WREG7
L_main4:
0x089C	0xED200E  	DEC	WREG7
0x089E	0x3AFFFE  	BRA NZ	L_main4
0x08A0	0xED2010  	DEC	WREG8
0x08A2	0x3AFFFC  	BRA NZ	L_main4
0x08A4	0x000000  	NOP
0x08A6	0x000000  	NOP
;project.c,49 :: 		Glcd_Dot(x, y, 1);
0x08A8	0x804060  	MOV	_y, WREG0
0x08AA	0x804071  	MOV	_y+2, WREG1
0x08AC	0x07FDC2  	RCALL	__Float2Longint
0x08AE	0x984700  	MOV.B	WREG0, [WREG14+0]
0x08B0	0x804020  	MOV	_x, WREG0
0x08B2	0x804031  	MOV	_x+2, WREG1
0x08B4	0x07FDBE  	RCALL	__Float2Longint
0x08B6	0xB3C01C  	MOV.B	#1, WREG12
0x08B8	0x90408E  	MOV.B	[WREG14+0], WREG1
0x08BA	0x784581  	MOV.B	WREG1, WREG11
0x08BC	0x784500  	MOV.B	WREG0, WREG10
0x08BE	0x07FF74  	RCALL	_Glcd_Dot
;project.c,50 :: 		}
0x08C0	0x37FFC7  	BRA	L_main2
L_main3:
;project.c,51 :: 		}
0x08C2	0x37FFC0  	BRA	L_main0
;project.c,52 :: 		}
L_end_main:
0x08C4	0xFA8000  	ULNK
L__main9:
0x08C6	0x37FFFF  	BRA	L__main9
; end of _main
_Glcd_Init:
0x0748	0xFA0000  	LNK	#0
;__Lib_Glcd.c,196 :: 		
;__Lib_Glcd.c,197 :: 		
0x074A	0x781F8A  	PUSH	WREG10
0x074C	0x208101  	MOV	#lo_addr(__Lib_Glcd_FontInitialized), WREG1
0x074E	0xEF2000  	CLR	WREG0
0x0750	0x784880  	MOV.B	WREG0, [WREG1]
;__Lib_Glcd.c,199 :: 		
0x0752	0xA9E2C6  	BCLR	GLCD_RST_Direction, BitPos(GLCD_RST_Direction+0)
;__Lib_Glcd.c,200 :: 		
0x0754	0xA9C2C6  	BCLR	GLCD_EN_Direction, BitPos(GLCD_EN_Direction+0)
;__Lib_Glcd.c,201 :: 		
0x0756	0xA982C6  	BCLR	GLCD_RS_Direction, BitPos(GLCD_RS_Direction+0)
;__Lib_Glcd.c,202 :: 		
0x0758	0xA9A2C6  	BCLR	GLCD_RW_Direction, BitPos(GLCD_RW_Direction+0)
;__Lib_Glcd.c,203 :: 		
0x075A	0xA942C6  	BCLR	GLCD_CS1_Direction, BitPos(GLCD_CS1_Direction+0)
;__Lib_Glcd.c,204 :: 		
0x075C	0xA962C6  	BCLR	GLCD_CS2_Direction, BitPos(GLCD_CS2_Direction+0)
;__Lib_Glcd.c,207 :: 		
0x075E	0xA9E2CA  	BCLR	GLCD_RST, BitPos(GLCD_RST+0)
;__Lib_Glcd.c,213 :: 		
0x0760	0xA9E2D2  	BCLR	GLCD_D7_Direction, BitPos(GLCD_D7_Direction+0)
;__Lib_Glcd.c,214 :: 		
0x0762	0xA9C2D2  	BCLR	GLCD_D6_Direction, BitPos(GLCD_D6_Direction+0)
;__Lib_Glcd.c,215 :: 		
0x0764	0xA9A2D2  	BCLR	GLCD_D5_Direction, BitPos(GLCD_D5_Direction+0)
;__Lib_Glcd.c,216 :: 		
0x0766	0xA982D2  	BCLR	GLCD_D4_Direction, BitPos(GLCD_D4_Direction+0)
;__Lib_Glcd.c,217 :: 		
0x0768	0xA962D2  	BCLR	GLCD_D3_Direction, BitPos(GLCD_D3_Direction+0)
;__Lib_Glcd.c,218 :: 		
0x076A	0xA942D2  	BCLR	GLCD_D2_Direction, BitPos(GLCD_D2_Direction+0)
;__Lib_Glcd.c,219 :: 		
0x076C	0xA922D2  	BCLR	GLCD_D1_Direction, BitPos(GLCD_D1_Direction+0)
;__Lib_Glcd.c,220 :: 		
0x076E	0xA902D2  	BCLR	GLCD_D0_Direction, BitPos(GLCD_D0_Direction+0)
;__Lib_Glcd.c,230 :: 		
0x0770	0xA982CA  	BCLR	GLCD_RS, BitPos(GLCD_RS+0)
;__Lib_Glcd.c,231 :: 		
0x0772	0xA9A2CA  	BCLR	GLCD_RW, BitPos(GLCD_RW+0)
;__Lib_Glcd.c,233 :: 		
0x0774	0xA942CA  	BCLR	GLCD_CS1, BitPos(GLCD_CS1+0)
;__Lib_Glcd.c,234 :: 		
0x0776	0xA862CA  	BSET	GLCD_CS2, BitPos(GLCD_CS2+0)
;__Lib_Glcd.c,236 :: 		
0x0778	0xA8E2CA  	BSET	GLCD_RST, BitPos(GLCD_RST+0)
;__Lib_Glcd.c,239 :: 		
0x077A	0x07FD78  	RCALL	_Delay_1us
;__Lib_Glcd.c,246 :: 		
0x077C	0xB3C3FA  	MOV.B	#63, WREG10
0x077E	0x07FD80  	RCALL	__Lib_Glcd_Write_To_Pins
;__Lib_Glcd.c,247 :: 		
0x0780	0x07FD78  	RCALL	__Lib_Glcd_Strobe
;__Lib_Glcd.c,251 :: 		
0x0782	0xB3CC0A  	MOV.B	#192, WREG10
0x0784	0x07FD7D  	RCALL	__Lib_Glcd_Write_To_Pins
;__Lib_Glcd.c,252 :: 		
0x0786	0x07FD75  	RCALL	__Lib_Glcd_Strobe
;__Lib_Glcd.c,254 :: 		
0x0788	0xA842CA  	BSET	GLCD_CS1, BitPos(GLCD_CS1+0)
;__Lib_Glcd.c,255 :: 		
0x078A	0xA962CA  	BCLR	GLCD_CS2, BitPos(GLCD_CS2+0)
;__Lib_Glcd.c,259 :: 		
0x078C	0xB3C3FA  	MOV.B	#63, WREG10
0x078E	0x07FD78  	RCALL	__Lib_Glcd_Write_To_Pins
;__Lib_Glcd.c,260 :: 		
0x0790	0x07FD70  	RCALL	__Lib_Glcd_Strobe
;__Lib_Glcd.c,265 :: 		
0x0792	0xB3CC0A  	MOV.B	#192, WREG10
0x0794	0x07FD75  	RCALL	__Lib_Glcd_Write_To_Pins
;__Lib_Glcd.c,266 :: 		
0x0796	0x07FD6D  	RCALL	__Lib_Glcd_Strobe
;__Lib_Glcd.c,268 :: 		
L_end_Glcd_Init:
0x0798	0x78054F  	POP	WREG10
0x079A	0xFA8000  	ULNK
0x079C	0x060000  	RETURN
; end of _Glcd_Init
_Delay_1us:
;__Lib_Delays.c,380 :: 		void Delay_1us()
;__Lib_Delays.c,382 :: 		Delay_us(1);
0x026C	0x000000  	NOP
0x026E	0x000000  	NOP
;__Lib_Delays.c,383 :: 		}
L_end_Delay_1us:
0x0270	0x060000  	RETURN
; end of _Delay_1us
__Lib_Glcd_Write_To_Pins:
0x0280	0xFA0000  	LNK	#0
;__Lib_Glcd.c,33 :: 		
;__Lib_Glcd.c,34 :: 		
0x0282	0xAEE014  	BTSS.B	WREG10, #7
0x0284	0xA9E2D6  	BCLR	GLCD_D7, BitPos(GLCD_D7+0)
0x0286	0xAFE014  	BTSC.B	WREG10, #7
0x0288	0xA8E2D6  	BSET	GLCD_D7, BitPos(GLCD_D7+0)
;__Lib_Glcd.c,35 :: 		
0x028A	0xAEC014  	BTSS.B	WREG10, #6
0x028C	0xA9C2D6  	BCLR	GLCD_D6, BitPos(GLCD_D6+0)
0x028E	0xAFC014  	BTSC.B	WREG10, #6
0x0290	0xA8C2D6  	BSET	GLCD_D6, BitPos(GLCD_D6+0)
;__Lib_Glcd.c,36 :: 		
0x0292	0xAEA014  	BTSS.B	WREG10, #5
0x0294	0xA9A2D6  	BCLR	GLCD_D5, BitPos(GLCD_D5+0)
0x0296	0xAFA014  	BTSC.B	WREG10, #5
0x0298	0xA8A2D6  	BSET	GLCD_D5, BitPos(GLCD_D5+0)
;__Lib_Glcd.c,37 :: 		
0x029A	0xAE8014  	BTSS.B	WREG10, #4
0x029C	0xA982D6  	BCLR	GLCD_D4, BitPos(GLCD_D4+0)
0x029E	0xAF8014  	BTSC.B	WREG10, #4
0x02A0	0xA882D6  	BSET	GLCD_D4, BitPos(GLCD_D4+0)
;__Lib_Glcd.c,38 :: 		
0x02A2	0xAE6014  	BTSS.B	WREG10, #3
0x02A4	0xA962D6  	BCLR	GLCD_D3, BitPos(GLCD_D3+0)
0x02A6	0xAF6014  	BTSC.B	WREG10, #3
0x02A8	0xA862D6  	BSET	GLCD_D3, BitPos(GLCD_D3+0)
;__Lib_Glcd.c,39 :: 		
0x02AA	0xAE4014  	BTSS.B	WREG10, #2
0x02AC	0xA942D6  	BCLR	GLCD_D2, BitPos(GLCD_D2+0)
0x02AE	0xAF4014  	BTSC.B	WREG10, #2
0x02B0	0xA842D6  	BSET	GLCD_D2, BitPos(GLCD_D2+0)
;__Lib_Glcd.c,40 :: 		
0x02B2	0xAE2014  	BTSS.B	WREG10, #1
0x02B4	0xA922D6  	BCLR	GLCD_D1, BitPos(GLCD_D1+0)
0x02B6	0xAF2014  	BTSC.B	WREG10, #1
0x02B8	0xA822D6  	BSET	GLCD_D1, BitPos(GLCD_D1+0)
;__Lib_Glcd.c,41 :: 		
0x02BA	0xAE0014  	BTSS.B	WREG10, #0
0x02BC	0xA902D6  	BCLR	GLCD_D0, BitPos(GLCD_D0+0)
0x02BE	0xAF0014  	BTSC.B	WREG10, #0
0x02C0	0xA802D6  	BSET	GLCD_D0, BitPos(GLCD_D0+0)
;__Lib_Glcd.c,42 :: 		
L_end_Write_To_Pins:
0x02C2	0xFA8000  	ULNK
0x02C4	0x060000  	RETURN
; end of __Lib_Glcd_Write_To_Pins
__Lib_Glcd_Strobe:
0x0272	0xFA0000  	LNK	#0
;__Lib_Glcd.c,45 :: 		
;__Lib_Glcd.c,46 :: 		
0x0274	0x07FF45  	RCALL	_Delay_10us
;__Lib_Glcd.c,47 :: 		
0x0276	0xA8C2CA  	BSET	GLCD_EN, BitPos(GLCD_EN+0)
;__Lib_Glcd.c,48 :: 		
0x0278	0x07FF43  	RCALL	_Delay_10us
;__Lib_Glcd.c,49 :: 		
0x027A	0xA9C2CA  	BCLR	GLCD_EN, BitPos(GLCD_EN+0)
;__Lib_Glcd.c,50 :: 		
L_end_Strobe:
0x027C	0xFA8000  	ULNK
0x027E	0x060000  	RETURN
; end of __Lib_Glcd_Strobe
_Delay_10us:
;__Lib_Delays.c,406 :: 		void Delay_10us()
;__Lib_Delays.c,408 :: 		Delay_us(10);
0x0100	0x200087  	MOV	#8, WREG7
L_Delay_10us11:
0x0102	0xED200E  	DEC	WREG7
0x0104	0x3AFFFE  	BRA NZ	L_Delay_10us11
0x0106	0x000000  	NOP
;__Lib_Delays.c,409 :: 		}
L_end_Delay_10us:
0x0108	0x060000  	RETURN
; end of _Delay_10us
_Glcd_Fill:
0x06FA	0xFA0000  	LNK	#0
;__Lib_Glcd.c,172 :: 		
;__Lib_Glcd.c,175 :: 		
0x06FC	0xA942CA  	BCLR	GLCD_CS1, BitPos(GLCD_CS1+0)
;__Lib_Glcd.c,176 :: 		
0x06FE	0xA862CA  	BSET	GLCD_CS2, BitPos(GLCD_CS2+0)
;__Lib_Glcd.c,178 :: 		
; page start address is: 4 (W2)
; page start address is: 4 (W2)
0x0700	0xEF2004  	CLR	WREG2
; page end address is: 4 (W2)
; page end address is: 4 (W2)
L_Glcd_Fill2:
; page start address is: 4 (W2)
0x0702	0xE11067  	CP	WREG2, #7
0x0704	0x3E000D  	BRA GTU	L_Glcd_Fill3
L__Glcd_Fill188:
;__Lib_Glcd.c,179 :: 		
0x0706	0x781F8A  	PUSH	WREG10
0x0708	0x784502  	MOV.B	WREG2, WREG10
0x070A	0x07FD15  	RCALL	_Glcd_Set_Page
0x070C	0x78054F  	POP	WREG10
;__Lib_Glcd.c,181 :: 		
; yy start address is: 2 (W1)
; yy start address is: 2 (W1)
0x070E	0xEF2002  	CLR	WREG1
; yy end address is: 2 (W1)
; yy end address is: 2 (W1)
; page end address is: 4 (W2)
L_Glcd_Fill5:
; yy start address is: 2 (W1)
; page start address is: 4 (W2)
0x0710	0x2003F0  	MOV	#63, WREG0
0x0712	0xE10800  	CP	WREG1, WREG0
0x0714	0x3E0003  	BRA GTU	L_Glcd_Fill6
L__Glcd_Fill189:
;__Lib_Glcd.c,182 :: 		
0x0716	0x07FD2A  	RCALL	_Glcd_Write_Data
;__Lib_Glcd.c,181 :: 		
; yy start address is: 2 (W1)
0x0718	0xEC2002  	INC	WREG1
; yy end address is: 2 (W1)
;__Lib_Glcd.c,184 :: 		
; yy end address is: 2 (W1)
0x071A	0x37FFFA  	BRA	L_Glcd_Fill5
L_Glcd_Fill6:
;__Lib_Glcd.c,178 :: 		
; page start address is: 4 (W2)
0x071C	0xEC2004  	INC	WREG2
; page end address is: 4 (W2)
;__Lib_Glcd.c,185 :: 		
; page end address is: 4 (W2)
0x071E	0x37FFF1  	BRA	L_Glcd_Fill2
L_Glcd_Fill3:
;__Lib_Glcd.c,187 :: 		
0x0720	0xA962CA  	BCLR	GLCD_CS2, BitPos(GLCD_CS2+0)
0x0722	0xA842CA  	BSET	GLCD_CS1, BitPos(GLCD_CS1+0)
;__Lib_Glcd.c,188 :: 		
; page start address is: 4 (W2)
; page start address is: 4 (W2)
0x0724	0xEF2004  	CLR	WREG2
; page end address is: 4 (W2)
; page end address is: 4 (W2)
L_Glcd_Fill8:
; page start address is: 4 (W2)
0x0726	0xE11067  	CP	WREG2, #7
0x0728	0x3E000D  	BRA GTU	L_Glcd_Fill9
L__Glcd_Fill190:
;__Lib_Glcd.c,189 :: 		
0x072A	0x781F8A  	PUSH	WREG10
0x072C	0x784502  	MOV.B	WREG2, WREG10
0x072E	0x07FD03  	RCALL	_Glcd_Set_Page
0x0730	0x78054F  	POP	WREG10
;__Lib_Glcd.c,190 :: 		
; yy start address is: 2 (W1)
; yy start address is: 2 (W1)
0x0732	0xEF2002  	CLR	WREG1
; yy end address is: 2 (W1)
; yy end address is: 2 (W1)
; page end address is: 4 (W2)
L_Glcd_Fill11:
; yy start address is: 2 (W1)
; page start address is: 4 (W2)
0x0734	0x2003F0  	MOV	#63, WREG0
0x0736	0xE10800  	CP	WREG1, WREG0
0x0738	0x3E0003  	BRA GTU	L_Glcd_Fill12
L__Glcd_Fill191:
;__Lib_Glcd.c,191 :: 		
0x073A	0x07FD18  	RCALL	_Glcd_Write_Data
;__Lib_Glcd.c,190 :: 		
; yy start address is: 2 (W1)
0x073C	0xEC2002  	INC	WREG1
; yy end address is: 2 (W1)
;__Lib_Glcd.c,191 :: 		
; yy end address is: 2 (W1)
0x073E	0x37FFFA  	BRA	L_Glcd_Fill11
L_Glcd_Fill12:
;__Lib_Glcd.c,188 :: 		
; page start address is: 4 (W2)
0x0740	0xEC2004  	INC	WREG2
; page end address is: 4 (W2)
;__Lib_Glcd.c,192 :: 		
; page end address is: 4 (W2)
0x0742	0x37FFF1  	BRA	L_Glcd_Fill8
L_Glcd_Fill9:
;__Lib_Glcd.c,193 :: 		
L_end_Glcd_Fill:
0x0744	0xFA8000  	ULNK
0x0746	0x060000  	RETURN
; end of _Glcd_Fill
_Glcd_Set_Page:
0x0136	0xFA0000  	LNK	#0
;__Lib_Glcd.c,53 :: 		
;__Lib_Glcd.c,55 :: 		
0x0138	0x781F8A  	PUSH	WREG10
0x013A	0xA982CA  	BCLR	GLCD_RS, BitPos(GLCD_RS+0)
;__Lib_Glcd.c,56 :: 		
0x013C	0xA9A2CA  	BCLR	GLCD_RW, BitPos(GLCD_RW+0)
;__Lib_Glcd.c,58 :: 		
0x013E	0xFB808A  	ZE	WREG10, WREG1
0x0140	0x200B80  	MOV	#184, WREG0
0x0142	0x708000  	IOR	WREG1, WREG0, WREG0
0x0144	0x784500  	MOV.B	WREG0, WREG10
0x0146	0x07009C  	RCALL	__Lib_Glcd_Write_To_Pins
;__Lib_Glcd.c,59 :: 		
0x0148	0x070094  	RCALL	__Lib_Glcd_Strobe
;__Lib_Glcd.c,60 :: 		
L_end_Glcd_Set_Page:
0x014A	0x78054F  	POP	WREG10
0x014C	0xFA8000  	ULNK
0x014E	0x060000  	RETURN
; end of _Glcd_Set_Page
_Glcd_Write_Data:
0x016C	0xFA0000  	LNK	#0
;__Lib_Glcd.c,159 :: 		
;__Lib_Glcd.c,161 :: 		
0x016E	0xA9C2CA  	BCLR	GLCD_EN, BitPos(GLCD_EN+0)
;__Lib_Glcd.c,162 :: 		
0x0170	0xA882CA  	BSET	GLCD_RS, BitPos(GLCD_RS+0)
;__Lib_Glcd.c,163 :: 		
0x0172	0xA9A2CA  	BCLR	GLCD_RW, BitPos(GLCD_RW+0)
;__Lib_Glcd.c,166 :: 		
0x0174	0x070085  	RCALL	__Lib_Glcd_Write_To_Pins
;__Lib_Glcd.c,168 :: 		
0x0176	0x07007D  	RCALL	__Lib_Glcd_Strobe
;__Lib_Glcd.c,169 :: 		
L_end_Glcd_Write_Data:
0x0178	0xFA8000  	ULNK
0x017A	0x060000  	RETURN
; end of _Glcd_Write_Data
_Glcd_Dot:
0x07A8	0xFA0000  	LNK	#0
;__Lib_Glcd.c,372 :: 		
;__Lib_Glcd.c,376 :: 		
0x07AA	0x781F8A  	PUSH	WREG10
0x07AC	0xE15460  	CP.B	WREG10, #0
0x07AE	0x390009  	BRA LTU	L__Glcd_Dot157
L__Glcd_Dot207:
0x07B0	0xB3C7F0  	MOV.B	#127, WREG0
0x07B2	0xE15400  	CP.B	WREG10, WREG0
0x07B4	0x3E0006  	BRA GTU	L__Glcd_Dot156
L__Glcd_Dot208:
0x07B6	0xE15C60  	CP.B	WREG11, #0
0x07B8	0x390004  	BRA LTU	L__Glcd_Dot155
L__Glcd_Dot209:
0x07BA	0xB3C3F0  	MOV.B	#63, WREG0
0x07BC	0xE15C00  	CP.B	WREG11, WREG0
0x07BE	0x3E0001  	BRA GTU	L__Glcd_Dot154
L__Glcd_Dot210:
0x07C0	0x370001  	BRA	L_Glcd_Dot33
L__Glcd_Dot157:
L__Glcd_Dot156:
L__Glcd_Dot155:
L__Glcd_Dot154:
;__Lib_Glcd.c,377 :: 		
0x07C2	0x37002F  	BRA	L_end_Glcd_Dot
L_Glcd_Dot33:
;__Lib_Glcd.c,380 :: 		
0x07C4	0x781F8A  	PUSH	WREG10
0x07C6	0x07FCC4  	RCALL	_Glcd_Set_Side
;__Lib_Glcd.c,381 :: 		
0x07C8	0xFB800B  	ZE	WREG11, WREG0
0x07CA	0xDE0043  	LSR	WREG0, #3, WREG0
0x07CC	0x784500  	MOV.B	WREG0, WREG10
0x07CE	0x07FCB3  	RCALL	_Glcd_Set_Page
0x07D0	0x78054F  	POP	WREG10
;__Lib_Glcd.c,382 :: 		
0x07D2	0x781F8A  	PUSH	WREG10
0x07D4	0x07FC9A  	RCALL	_Glcd_Set_X
0x07D6	0x78054F  	POP	WREG10
;__Lib_Glcd.c,383 :: 		
0x07D8	0x07FC93  	RCALL	_Delay_10us
;__Lib_Glcd.c,386 :: 		
0x07DA	0x07FCD0  	RCALL	_Glcd_Read_Data
;__Lib_Glcd.c,387 :: 		
0x07DC	0x07FC91  	RCALL	_Delay_10us
;__Lib_Glcd.c,388 :: 		
0x07DE	0x07FCCE  	RCALL	_Glcd_Read_Data
; ddata start address is: 4 (W2)
0x07E0	0x784100  	MOV.B	WREG0, WREG2
;__Lib_Glcd.c,389 :: 		
0x07E2	0x07FC8E  	RCALL	_Delay_10us
;__Lib_Glcd.c,391 :: 		
0x07E4	0xFB800B  	ZE	WREG11, WREG0
0x07E6	0xDE0043  	LSR	WREG0, #3, WREG0
0x07E8	0x781F8A  	PUSH	WREG10
0x07EA	0x784500  	MOV.B	WREG0, WREG10
0x07EC	0x07FCA4  	RCALL	_Glcd_Set_Page
0x07EE	0x78054F  	POP	WREG10
;__Lib_Glcd.c,392 :: 		
0x07F0	0x07FC8C  	RCALL	_Glcd_Set_X
;__Lib_Glcd.c,394 :: 		
0x07F2	0xFB800B  	ZE	WREG11, WREG0
0x07F4	0x600067  	AND	WREG0, #7, WREG0
;__Lib_Glcd.c,395 :: 		
0x07F6	0xFB8080  	ZE	WREG0, WREG1
0x07F8	0x200010  	MOV	#1, WREG0
0x07FA	0xDD0001  	SL	WREG0, WREG1, WREG0
; bit_mask1 start address is: 2 (W1)
0x07FC	0x784080  	MOV.B	WREG0, WREG1
;__Lib_Glcd.c,396 :: 		
; bit_mask0 start address is: 0 (W0)
0x07FE	0xEEE000  	COM.B	WREG0
;__Lib_Glcd.c,399 :: 		
0x0800	0x370007  	BRA	L_Glcd_Dot34
; bit_mask1 end address is: 2 (W1)
;__Lib_Glcd.c,400 :: 		
L_Glcd_Dot36:
;__Lib_Glcd.c,401 :: 		
; ddata start address is: 2 (W1)
0x0802	0x614080  	AND.B	WREG2, WREG0, WREG1
; ddata end address is: 4 (W2)
; bit_mask0 end address is: 0 (W0)
;__Lib_Glcd.c,402 :: 		
0x0804	0x784001  	MOV.B	WREG1, WREG0
; ddata end address is: 2 (W1)
0x0806	0x37000B  	BRA	L_Glcd_Dot35
;__Lib_Glcd.c,403 :: 		
L_Glcd_Dot37:
;__Lib_Glcd.c,404 :: 		
; ddata start address is: 0 (W0)
; bit_mask1 start address is: 2 (W1)
; ddata start address is: 4 (W2)
0x0808	0x714001  	IOR.B	WREG2, WREG1, WREG0
; ddata end address is: 4 (W2)
; bit_mask1 end address is: 2 (W1)
;__Lib_Glcd.c,405 :: 		
; ddata end address is: 0 (W0)
0x080A	0x370009  	BRA	L_Glcd_Dot35
;__Lib_Glcd.c,406 :: 		
L_Glcd_Dot38:
;__Lib_Glcd.c,407 :: 		
; ddata start address is: 0 (W0)
; bit_mask1 start address is: 2 (W1)
; ddata start address is: 4 (W2)
0x080C	0x694001  	XOR.B	WREG2, WREG1, WREG0
; ddata end address is: 4 (W2)
; bit_mask1 end address is: 2 (W1)
;__Lib_Glcd.c,408 :: 		
; ddata end address is: 0 (W0)
0x080E	0x370007  	BRA	L_Glcd_Dot35
L_Glcd_Dot34:
; bit_mask0 start address is: 0 (W0)
; bit_mask1 start address is: 2 (W1)
; ddata start address is: 4 (W2)
0x0810	0xE16460  	CP.B	WREG12, #0
0x0812	0x32FFF7  	BRA Z	L_Glcd_Dot36
L__Glcd_Dot211:
; bit_mask0 end address is: 0 (W0)
0x0814	0xE16461  	CP.B	WREG12, #1
0x0816	0x32FFF8  	BRA Z	L_Glcd_Dot37
L__Glcd_Dot212:
0x0818	0xE16462  	CP.B	WREG12, #2
0x081A	0x32FFF8  	BRA Z	L_Glcd_Dot38
L__Glcd_Dot213:
; ddata end address is: 4 (W2)
; bit_mask1 end address is: 2 (W1)
0x081C	0x784002  	MOV.B	WREG2, WREG0
L_Glcd_Dot35:
;__Lib_Glcd.c,410 :: 		
; ddata start address is: 0 (W0)
0x081E	0x784500  	MOV.B	WREG0, WREG10
; ddata end address is: 0 (W0)
0x0820	0x07FCA5  	RCALL	_Glcd_Write_Data
;__Lib_Glcd.c,411 :: 		
L_end_Glcd_Dot:
0x0822	0x78054F  	POP	WREG10
0x0824	0xFA8000  	ULNK
0x0826	0x060000  	RETURN
; end of _Glcd_Dot
_Glcd_Set_Side:
0x0150	0xFA0000  	LNK	#0
;__Lib_Glcd.c,63 :: 		
;__Lib_Glcd.c,64 :: 		
0x0152	0xFB808A  	ZE	WREG10, WREG1
0x0154	0x2007F0  	MOV	#127, WREG0
0x0156	0x608000  	AND	WREG1, WREG0, WREG0
0x0158	0x784500  	MOV.B	WREG0, WREG10
;__Lib_Glcd.c,65 :: 		
0x015A	0xAEC000  	BTSS	WREG0, #6
0x015C	0x370003  	BRA	L_Glcd_Set_Side0
;__Lib_Glcd.c,66 :: 		
0x015E	0xA842CA  	BSET	GLCD_CS1, BitPos(GLCD_CS1+0)
;__Lib_Glcd.c,67 :: 		
0x0160	0xA962CA  	BCLR	GLCD_CS2, BitPos(GLCD_CS2+0)
;__Lib_Glcd.c,68 :: 		
0x0162	0x370002  	BRA	L_Glcd_Set_Side1
L_Glcd_Set_Side0:
;__Lib_Glcd.c,69 :: 		
0x0164	0xA942CA  	BCLR	GLCD_CS1, BitPos(GLCD_CS1+0)
;__Lib_Glcd.c,70 :: 		
0x0166	0xA862CA  	BSET	GLCD_CS2, BitPos(GLCD_CS2+0)
;__Lib_Glcd.c,71 :: 		
L_Glcd_Set_Side1:
;__Lib_Glcd.c,72 :: 		
L_end_Glcd_Set_Side:
0x0168	0xFA8000  	ULNK
0x016A	0x060000  	RETURN
; end of _Glcd_Set_Side
_Glcd_Set_X:
0x010A	0xFA0000  	LNK	#0
;__Lib_Glcd.c,75 :: 		
;__Lib_Glcd.c,77 :: 		
0x010C	0x781F8A  	PUSH	WREG10
0x010E	0xFB808A  	ZE	WREG10, WREG1
0x0110	0x2007F0  	MOV	#127, WREG0
0x0112	0x608000  	AND	WREG1, WREG0, WREG0
0x0114	0x784500  	MOV.B	WREG0, WREG10
;__Lib_Glcd.c,78 :: 		
0x0116	0xA982CA  	BCLR	GLCD_RS, BitPos(GLCD_RS+0)
;__Lib_Glcd.c,79 :: 		
0x0118	0xA9A2CA  	BCLR	GLCD_RW, BitPos(GLCD_RW+0)
;__Lib_Glcd.c,81 :: 		
0x011A	0xFB8080  	ZE	WREG0, WREG1
0x011C	0x200BF0  	MOV	#191, WREG0
0x011E	0x608000  	AND	WREG1, WREG0, WREG0
0x0120	0x784500  	MOV.B	WREG0, WREG10
;__Lib_Glcd.c,82 :: 		
0x0122	0xFB8080  	ZE	WREG0, WREG1
0x0124	0x200400  	MOV	#64, WREG0
0x0126	0x708000  	IOR	WREG1, WREG0, WREG0
0x0128	0x784500  	MOV.B	WREG0, WREG10
;__Lib_Glcd.c,85 :: 		
0x012A	0x784500  	MOV.B	WREG0, WREG10
0x012C	0x0700A9  	RCALL	__Lib_Glcd_Write_To_Pins
;__Lib_Glcd.c,87 :: 		
0x012E	0x0700A1  	RCALL	__Lib_Glcd_Strobe
;__Lib_Glcd.c,88 :: 		
L_end_Glcd_Set_X:
0x0130	0x78054F  	POP	WREG10
0x0132	0xFA8000  	ULNK
0x0134	0x060000  	RETURN
; end of _Glcd_Set_X
_Glcd_Read_Data:
0x017C	0xFA0002  	LNK	#2
;__Lib_Glcd.c,91 :: 		
;__Lib_Glcd.c,98 :: 		
0x017E	0xA8E2D2  	BSET	GLCD_D7_Direction, BitPos(GLCD_D7_Direction+0)
;__Lib_Glcd.c,99 :: 		
0x0180	0xA8C2D2  	BSET	GLCD_D6_Direction, BitPos(GLCD_D6_Direction+0)
;__Lib_Glcd.c,100 :: 		
0x0182	0xA8A2D2  	BSET	GLCD_D5_Direction, BitPos(GLCD_D5_Direction+0)
;__Lib_Glcd.c,101 :: 		
0x0184	0xA882D2  	BSET	GLCD_D4_Direction, BitPos(GLCD_D4_Direction+0)
;__Lib_Glcd.c,102 :: 		
0x0186	0xA862D2  	BSET	GLCD_D3_Direction, BitPos(GLCD_D3_Direction+0)
;__Lib_Glcd.c,103 :: 		
0x0188	0xA842D2  	BSET	GLCD_D2_Direction, BitPos(GLCD_D2_Direction+0)
;__Lib_Glcd.c,104 :: 		
0x018A	0xA822D2  	BSET	GLCD_D1_Direction, BitPos(GLCD_D1_Direction+0)
;__Lib_Glcd.c,105 :: 		
0x018C	0xA802D2  	BSET	GLCD_D0_Direction, BitPos(GLCD_D0_Direction+0)
;__Lib_Glcd.c,108 :: 		
0x018E	0x07006E  	RCALL	_Delay_1us
;__Lib_Glcd.c,109 :: 		
0x0190	0x07006D  	RCALL	_Delay_1us
;__Lib_Glcd.c,111 :: 		
0x0192	0xA882CA  	BSET	GLCD_RS, BitPos(GLCD_RS+0)
;__Lib_Glcd.c,112 :: 		
0x0194	0xA9C2CA  	BCLR	GLCD_EN, BitPos(GLCD_EN+0)
;__Lib_Glcd.c,113 :: 		
0x0196	0xA8A2CA  	BSET	GLCD_RW, BitPos(GLCD_RW+0)
;__Lib_Glcd.c,115 :: 		
0x0198	0xA8C2CA  	BSET	GLCD_EN, BitPos(GLCD_EN+0)
;__Lib_Glcd.c,117 :: 		
0x019A	0x07FFB2  	RCALL	_Delay_10us
;__Lib_Glcd.c,126 :: 		
0x019C	0x470060  	ADD	WREG14, #0, WREG0
0x019E	0xA07010  	BSET	[WREG0], #7
0x01A0	0xAEE2D6  	BTSS	GLCD_D7, BitPos(GLCD_D7+0)
0x01A2	0xA17010  	BCLR	[WREG0], #7
;__Lib_Glcd.c,127 :: 		
0x01A4	0x470060  	ADD	WREG14, #0, WREG0
0x01A6	0xA06010  	BSET	[WREG0], #6
0x01A8	0xAEC2D6  	BTSS	GLCD_D6, BitPos(GLCD_D6+0)
0x01AA	0xA16010  	BCLR	[WREG0], #6
;__Lib_Glcd.c,128 :: 		
0x01AC	0x470060  	ADD	WREG14, #0, WREG0
0x01AE	0xA05010  	BSET	[WREG0], #5
0x01B0	0xAEA2D6  	BTSS	GLCD_D5, BitPos(GLCD_D5+0)
0x01B2	0xA15010  	BCLR	[WREG0], #5
;__Lib_Glcd.c,129 :: 		
0x01B4	0x470060  	ADD	WREG14, #0, WREG0
0x01B6	0xA04010  	BSET	[WREG0], #4
0x01B8	0xAE82D6  	BTSS	GLCD_D4, BitPos(GLCD_D4+0)
0x01BA	0xA14010  	BCLR	[WREG0], #4
;__Lib_Glcd.c,130 :: 		
0x01BC	0x470060  	ADD	WREG14, #0, WREG0
0x01BE	0xA03010  	BSET	[WREG0], #3
0x01C0	0xAE62D6  	BTSS	GLCD_D3, BitPos(GLCD_D3+0)
0x01C2	0xA13010  	BCLR	[WREG0], #3
;__Lib_Glcd.c,131 :: 		
0x01C4	0x470060  	ADD	WREG14, #0, WREG0
0x01C6	0xA02010  	BSET	[WREG0], #2
0x01C8	0xAE42D6  	BTSS	GLCD_D2, BitPos(GLCD_D2+0)
0x01CA	0xA12010  	BCLR	[WREG0], #2
;__Lib_Glcd.c,132 :: 		
0x01CC	0x470060  	ADD	WREG14, #0, WREG0
0x01CE	0xA01010  	BSET	[WREG0], #1
0x01D0	0xAE22D6  	BTSS	GLCD_D1, BitPos(GLCD_D1+0)
0x01D2	0xA11010  	BCLR	[WREG0], #1
;__Lib_Glcd.c,133 :: 		
0x01D4	0x470060  	ADD	WREG14, #0, WREG0
0x01D6	0xA00010  	BSET	[WREG0], #0
0x01D8	0xAE02D6  	BTSS	GLCD_D0, BitPos(GLCD_D0+0)
0x01DA	0xA10010  	BCLR	[WREG0], #0
;__Lib_Glcd.c,136 :: 		
0x01DC	0xA9C2CA  	BCLR	GLCD_EN, BitPos(GLCD_EN+0)
;__Lib_Glcd.c,137 :: 		
0x01DE	0xA9A2CA  	BCLR	GLCD_RW, BitPos(GLCD_RW+0)
;__Lib_Glcd.c,139 :: 		
0x01E0	0x070045  	RCALL	_Delay_1us
;__Lib_Glcd.c,140 :: 		
0x01E2	0x070044  	RCALL	_Delay_1us
;__Lib_Glcd.c,146 :: 		
0x01E4	0xA9E2D2  	BCLR	GLCD_D7_Direction, BitPos(GLCD_D7_Direction+0)
;__Lib_Glcd.c,147 :: 		
0x01E6	0xA9C2D2  	BCLR	GLCD_D6_Direction, BitPos(GLCD_D6_Direction+0)
;__Lib_Glcd.c,148 :: 		
0x01E8	0xA9A2D2  	BCLR	GLCD_D5_Direction, BitPos(GLCD_D5_Direction+0)
;__Lib_Glcd.c,149 :: 		
0x01EA	0xA982D2  	BCLR	GLCD_D4_Direction, BitPos(GLCD_D4_Direction+0)
;__Lib_Glcd.c,150 :: 		
0x01EC	0xA962D2  	BCLR	GLCD_D3_Direction, BitPos(GLCD_D3_Direction+0)
;__Lib_Glcd.c,151 :: 		
0x01EE	0xA942D2  	BCLR	GLCD_D2_Direction, BitPos(GLCD_D2_Direction+0)
;__Lib_Glcd.c,152 :: 		
0x01F0	0xA922D2  	BCLR	GLCD_D1_Direction, BitPos(GLCD_D1_Direction+0)
;__Lib_Glcd.c,153 :: 		
0x01F2	0xA902D2  	BCLR	GLCD_D0_Direction, BitPos(GLCD_D0_Direction+0)
;__Lib_Glcd.c,155 :: 		
0x01F4	0x90400E  	MOV.B	[WREG14+0], WREG0
;__Lib_Glcd.c,156 :: 		
L_end_Glcd_Read_Data:
0x01F6	0xFA8000  	ULNK
0x01F8	0x060000  	RETURN
; end of _Glcd_Read_Data
__Compare_Le_Fp:
0x079E	0xFA0000  	LNK	#0
;__Lib_MathDouble.c,1348 :: 		
;__Lib_MathDouble.c,1349 :: 		
0x07A0	0x200014  	MOV	#1, WREG4
;__Lib_MathDouble.c,1350 :: 		
0x07A2	0x07FD2B  	RCALL	__Compare_Fp
;__Lib_MathDouble.c,1351 :: 		
L_end__Compare_Le_Fp:
0x07A4	0xFA8000  	ULNK
0x07A6	0x060000  	RETURN
; end of __Compare_Le_Fp
__Compare_Fp:
0x01FA	0xFA0000  	LNK	#0
;__Lib_MathDouble.c,1272 :: 		
;__Lib_MathDouble.c,1274 :: 		
0x01FC	0x070002  	RCALL	CompareFp__fcompare
;__Lib_MathDouble.c,1275 :: 		
0x01FE	0x000000040268  	GOTO	the_end__Compare_Fp
;__Lib_MathDouble.c,1277 :: 		
CompareFp__fcompare:
;__Lib_MathDouble.c,1278 :: 		
0x0202	0x781F84  	MOV	WREG4, [WREG15++]
;__Lib_MathDouble.c,1279 :: 		
0x0204	0x070014  	RCALL	CompareFp__funpack2
;__Lib_MathDouble.c,1280 :: 		
0x0206	0x78004F  	MOV	[--WREG15], WREG0
;__Lib_MathDouble.c,1281 :: 		
0x0208	0x330011  	BRA N	CompareFp_exit
;__Lib_MathDouble.c,1282 :: 		
0x020A	0x2FFFF0  	MOV	#65535, WREG0
;__Lib_MathDouble.c,1283 :: 		
0x020C	0x6C8F83  	XOR	WREG9, WREG3, [WREG15]
;__Lib_MathDouble.c,1284 :: 		
0x020E	0x3B0006  	BRA NN	CompareFp_comparemag
;__Lib_MathDouble.c,1285 :: 		
0x0210	0x650504  	AND	WREG10, WREG4, WREG10
;__Lib_MathDouble.c,1286 :: 		
0x0212	0xA7000A  	BTSC	WREG10, #0
;__Lib_MathDouble.c,1287 :: 		
0x0214	0x370008  	BRA	CompareFp_returnEqual
;__Lib_MathDouble.c,1288 :: 		
0x0216	0xA6F009  	BTSS	WREG9, #15
;__Lib_MathDouble.c,1289 :: 		
0x0218	0x200010  	MOV	#1, WREG0
;__Lib_MathDouble.c,1290 :: 		
0x021A	0x370008  	BRA	CompareFp_exit
;__Lib_MathDouble.c,1291 :: 		
CompareFp_comparemag:
;__Lib_MathDouble.c,1292 :: 		
0x021C	0x540F82  	SUB	WREG8, WREG2, [WREG15]
;__Lib_MathDouble.c,1293 :: 		
0x021E	0x5C8F83  	SUBB	WREG9, WREG3, [WREG15]
;__Lib_MathDouble.c,1294 :: 		
0x0220	0x390003  	BRA LTU	CompareFp_adjust
;__Lib_MathDouble.c,1295 :: 		
0x0222	0x200010  	MOV	#1, WREG0
;__Lib_MathDouble.c,1296 :: 		
0x0224	0x3E0001  	BRA GTU	CompareFp_adjust
;__Lib_MathDouble.c,1297 :: 		
CompareFp_returnEqual:
;__Lib_MathDouble.c,1298 :: 		
0x0226	0x200000  	MOV	#0, WREG0
;__Lib_MathDouble.c,1299 :: 		
CompareFp_adjust:
;__Lib_MathDouble.c,1300 :: 		
0x0228	0xA7F009  	BTSC	WREG9, #15
;__Lib_MathDouble.c,1301 :: 		
0x022A	0xEA0000  	NEG	WREG0, WREG0
;__Lib_MathDouble.c,1302 :: 		
CompareFp_exit:
;__Lib_MathDouble.c,1303 :: 		
0x022C	0x060000  	RETURN
;__Lib_MathDouble.c,1304 :: 		
CompareFp__funpack2:
;__Lib_MathDouble.c,1305 :: 		
0x022E	0xBE8400  	MOV.D	WREG0, WREG8
;__Lib_MathDouble.c,1306 :: 		
0x0230	0x070006  	RCALL	CompareFp__funpack
;__Lib_MathDouble.c,1307 :: 		
0x0232	0xBE8300  	MOV.D	WREG0, WREG6
;__Lib_MathDouble.c,1308 :: 		
0x0234	0xBE8504  	MOV.D	WREG4, WREG10
;__Lib_MathDouble.c,1309 :: 		
0x0236	0xBE8002  	MOV.D	WREG2, WREG0
;__Lib_MathDouble.c,1310 :: 		
0x0238	0x070002  	RCALL	CompareFp__funpack
;__Lib_MathDouble.c,1311 :: 		
0x023A	0x754F84  	IOR.B	WREG10, WREG4, [WREG15]
;__Lib_MathDouble.c,1312 :: 		
0x023C	0x060000  	RETURN
;__Lib_MathDouble.c,1313 :: 		
CompareFp__funpack:
;__Lib_MathDouble.c,1314 :: 		
0x023E	0xDE0AC7  	LSR	WREG1, #7, WREG5
;__Lib_MathDouble.c,1315 :: 		
0x0240	0xB207F1  	AND	#127, WREG1
;__Lib_MathDouble.c,1316 :: 		
0x0242	0xB20FF5  	AND	#255, WREG5
;__Lib_MathDouble.c,1317 :: 		
0x0244	0x320008  	BRA Z	CompareFp_zeroorsub
;__Lib_MathDouble.c,1318 :: 		
0x0246	0x42CFE1  	ADD.B	WREG5, #1, [WREG15]
;__Lib_MathDouble.c,1319 :: 		
0x0248	0x320002  	BRA Z	CompareFp_nanorinf
;__Lib_MathDouble.c,1320 :: 		
CompareFp_finitereturn:
;__Lib_MathDouble.c,1321 :: 		
0x024A	0xA8E002  	BSET	WREG1, #7
;__Lib_MathDouble.c,1322 :: 		
0x024C	0x050024  	RETLW	#2, WREG4
;__Lib_MathDouble.c,1323 :: 		
CompareFp_nanorinf:
;__Lib_MathDouble.c,1324 :: 		
0x024E	0x700F81  	IOR	WREG0, WREG1, [WREG15]
;__Lib_MathDouble.c,1325 :: 		
0x0250	0x320001  	BRA Z	CompareFp_infinite
;__Lib_MathDouble.c,1326 :: 		
0x0252	0x050804  	RETLW	#128, WREG4
;__Lib_MathDouble.c,1327 :: 		
CompareFp_infinite:
;__Lib_MathDouble.c,1328 :: 		
0x0254	0x050044  	RETLW	#4, WREG4
;__Lib_MathDouble.c,1329 :: 		
CompareFp_zeroorsub:
;__Lib_MathDouble.c,1330 :: 		
0x0256	0x700F81  	IOR	WREG0, WREG1, [WREG15]
;__Lib_MathDouble.c,1331 :: 		
0x0258	0x3A0002  	BRA NZ	CompareFp_subnormal
;__Lib_MathDouble.c,1332 :: 		
0x025A	0x050014  	RETLW	#1, WREG4
;__Lib_MathDouble.c,1333 :: 		
CompareFp_normalize:
;__Lib_MathDouble.c,1334 :: 		
0x025C	0xE90285  	DEC	WREG5, WREG5
;__Lib_MathDouble.c,1335 :: 		
CompareFp_subnormal:
;__Lib_MathDouble.c,1336 :: 		
0x025E	0x400000  	ADD	WREG0, WREG0, WREG0
;__Lib_MathDouble.c,1337 :: 		
0x0260	0x48C081  	ADDC.B	WREG1, WREG1, WREG1
;__Lib_MathDouble.c,1338 :: 		
0x0262	0x3BFFFC  	BRA NN	CompareFp_normalize
;__Lib_MathDouble.c,1339 :: 		
0x0264	0xA8E002  	BSET	WREG1, #7
;__Lib_MathDouble.c,1340 :: 		
0x0266	0x050024  	RETLW	#2, WREG4
;__Lib_MathDouble.c,1343 :: 		
the_end__Compare_Fp:
;__Lib_MathDouble.c,1345 :: 		
L_end__Compare_Fp:
0x0268	0xFA8000  	ULNK
0x026A	0x060000  	RETURN
; end of __Compare_Fp
__Mul_FP:
0x04AA	0xFA0000  	LNK	#0
;__Lib_MathDouble.c,855 :: 		
;__Lib_MathDouble.c,857 :: 		
0x04AC	0x070002  	RCALL	MulFP___mulsf3
;__Lib_MathDouble.c,858 :: 		
0x04AE	0x0000000405C0  	GOTO	the_end__Mul_FP
;__Lib_MathDouble.c,861 :: 		
MulFP___mulsf3:
;__Lib_MathDouble.c,862 :: 		
0x04B2	0xBE9F88  	MOV.D	WREG8, [WREG15++]
;__Lib_MathDouble.c,863 :: 		
0x04B4	0xBE9F8A  	MOV.D	WREG10, [WREG15++]
;__Lib_MathDouble.c,864 :: 		
0x04B6	0x781F8C  	MOV	WREG12, [WREG15++]
;__Lib_MathDouble.c,865 :: 		
0x04B8	0x070030  	RCALL	MulFP__funpack2
;__Lib_MathDouble.c,866 :: 		
0x04BA	0x330037  	BRA N	MulFP__fPropagateNaN
;__Lib_MathDouble.c,867 :: 		
0x04BC	0x6C8603  	XOR	WREG9, WREG3, WREG12
;__Lib_MathDouble.c,868 :: 		
0x04BE	0xE15064  	CP	WREG10, #4
;__Lib_MathDouble.c,869 :: 		
0x04C0	0x320024  	BRA Z	MulFP_aisinfinite
;__Lib_MathDouble.c,870 :: 		
0x04C2	0xE12064  	CP	WREG4, #4
;__Lib_MathDouble.c,871 :: 		
0x04C4	0x320027  	BRA Z	MulFP_bisinfinite
;__Lib_MathDouble.c,872 :: 		
0x04C6	0xE15061  	CP	WREG10, #1
;__Lib_MathDouble.c,873 :: 		
0x04C8	0x320022  	BRA Z	MulFP_return8_1
;__Lib_MathDouble.c,874 :: 		
0x04CA	0xE12061  	CP	WREG4, #1
;__Lib_MathDouble.c,875 :: 		
0x04CC	0x320021  	BRA Z	MulFP_return2_1
;__Lib_MathDouble.c,876 :: 		
0x04CE	0x42858B  	ADD	WREG5, WREG11, WREG11
;__Lib_MathDouble.c,877 :: 		
0x04D0	0xB107EB  	SUB	#126, WREG11
;__Lib_MathDouble.c,878 :: 		
0x04D2	0xB83401  	MUL.UU	WREG6, WREG1, WREG8
;__Lib_MathDouble.c,879 :: 		
0x04D4	0xB83A00  	MUL.UU	WREG7, WREG0, WREG4
;__Lib_MathDouble.c,880 :: 		
0x04D6	0x420408  	ADD	WREG4, WREG8, WREG8
;__Lib_MathDouble.c,881 :: 		
0x04D8	0x4A8489  	ADDC	WREG5, WREG9, WREG9
;__Lib_MathDouble.c,882 :: 		
0x04DA	0xB83A01  	MUL.UU	WREG7, WREG1, WREG4
;__Lib_MathDouble.c,883 :: 		
0x04DC	0xB83000  	MUL.UU	WREG6, WREG0, WREG0
;__Lib_MathDouble.c,884 :: 		
0x04DE	0x408088  	ADD	WREG1, WREG8, WREG1
;__Lib_MathDouble.c,885 :: 		
0x04E0	0x4A0109  	ADDC	WREG4, WREG9, WREG2
;__Lib_MathDouble.c,886 :: 		
0x04E2	0x330004  	BRA N	MulFP_formsticky
;__Lib_MathDouble.c,887 :: 		
0x04E4	0x400000  	ADD	WREG0, WREG0, WREG0
;__Lib_MathDouble.c,888 :: 		
0x04E6	0x488081  	ADDC	WREG1, WREG1, WREG1
;__Lib_MathDouble.c,889 :: 		
0x04E8	0x490102  	ADDC	WREG2, WREG2, WREG2
;__Lib_MathDouble.c,890 :: 		
0x04EA	0xE9058B  	DEC	WREG11, WREG11
;__Lib_MathDouble.c,891 :: 		
MulFP_formsticky:
;__Lib_MathDouble.c,892 :: 		
0x04EC	0xDD09C9  	SL	WREG1, #9, WREG3
;__Lib_MathDouble.c,893 :: 		
0x04EE	0x700183  	IOR	WREG0, WREG3, WREG3
;__Lib_MathDouble.c,894 :: 		
0x04F0	0x320001  	BRA Z	MulFP_formRandSig
;__Lib_MathDouble.c,895 :: 		
0x04F2	0x200013  	MOV	#1, WREG3
;__Lib_MathDouble.c,896 :: 		
MulFP_formRandSig:
;__Lib_MathDouble.c,897 :: 		
0x04F4	0xDE14C8  	LSR	WREG2, #8, WREG9
;__Lib_MathDouble.c,898 :: 		
0x04F6	0xDD1448  	SL	WREG2, #8, WREG8
;__Lib_MathDouble.c,899 :: 		
0x04F8	0xDE0947  	LSR	WREG1, #7, WREG2
;__Lib_MathDouble.c,900 :: 		
0x04FA	0xB20012  	AND	#1, WREG2
;__Lib_MathDouble.c,901 :: 		
0x04FC	0xDE08C8  	LSR	WREG1, #8, WREG1
;__Lib_MathDouble.c,902 :: 		
0x04FE	0x708408  	IOR	WREG1, WREG8, WREG8
;__Lib_MathDouble.c,903 :: 		
0x0500	0x070024  	RCALL	MulFP__fpack
;__Lib_MathDouble.c,904 :: 		
MulFP_return0_1:
;__Lib_MathDouble.c,905 :: 		
0x0502	0xA1F001  	BCLR	WREG1, #15
;__Lib_MathDouble.c,906 :: 		
0x0504	0xA7F00C  	BTSC	WREG12, #15
;__Lib_MathDouble.c,907 :: 		
0x0506	0xA8E003  	BSET	WREG1, #15
;__Lib_MathDouble.c,908 :: 		
0x0508	0x370019  	BRA	MulFP__fbopExit
;__Lib_MathDouble.c,909 :: 		
MulFP_aisinfinite:
;__Lib_MathDouble.c,910 :: 		
0x050A	0xE12061  	CP	WREG4, #1
;__Lib_MathDouble.c,911 :: 		
0x050C	0x32001B  	BRA Z	MulFP__fbopReturnNaN
;__Lib_MathDouble.c,912 :: 		
MulFP_return8_1:
;__Lib_MathDouble.c,913 :: 		
0x050E	0xBE8108  	MOV.D	WREG8, WREG2
;__Lib_MathDouble.c,914 :: 		
MulFP_return2_1:
;__Lib_MathDouble.c,915 :: 		
0x0510	0xBE8002  	MOV.D	WREG2, WREG0
;__Lib_MathDouble.c,916 :: 		
0x0512	0x37FFF7  	BRA	MulFP_return0_1
;__Lib_MathDouble.c,917 :: 		
MulFP_bisinfinite:
;__Lib_MathDouble.c,918 :: 		
0x0514	0xE15061  	CP	WREG10, #1
;__Lib_MathDouble.c,919 :: 		
0x0516	0x3AFFFC  	BRA NZ	MulFP_return2_1
;__Lib_MathDouble.c,920 :: 		
0x0518	0x370015  	BRA	MulFP__fbopReturnNaN
;__Lib_MathDouble.c,921 :: 		
MulFP__funpack2:
;__Lib_MathDouble.c,922 :: 		
0x051A	0xBE8400  	MOV.D	WREG0, WREG8
;__Lib_MathDouble.c,923 :: 		
0x051C	0x07003C  	RCALL	MulFP__funpack
;__Lib_MathDouble.c,924 :: 		
0x051E	0xBE8300  	MOV.D	WREG0, WREG6
;__Lib_MathDouble.c,925 :: 		
0x0520	0xBE8504  	MOV.D	WREG4, WREG10
;__Lib_MathDouble.c,926 :: 		
0x0522	0xBE8002  	MOV.D	WREG2, WREG0
;__Lib_MathDouble.c,927 :: 		
0x0524	0x070038  	RCALL	MulFP__funpack
;__Lib_MathDouble.c,928 :: 		
0x0526	0x754F84  	IOR.B	WREG10, WREG4, [WREG15]
;__Lib_MathDouble.c,929 :: 		
0x0528	0x060000  	RETURN
;__Lib_MathDouble.c,930 :: 		
MulFP__fPropagateNaN:
;__Lib_MathDouble.c,931 :: 		
0x052A	0xBE8002  	MOV.D	WREG2, WREG0
;__Lib_MathDouble.c,932 :: 		
0x052C	0xE15064  	CP	WREG10, #4
;__Lib_MathDouble.c,933 :: 		
0x052E	0x360005  	BRA LEU	MulFP_return0_2
;__Lib_MathDouble.c,934 :: 		
0x0530	0xE12064  	CP	WREG4, #4
;__Lib_MathDouble.c,935 :: 		
0x0532	0x360002  	BRA LEU	MulFP_return8_2
;__Lib_MathDouble.c,936 :: 		
0x0534	0xA36809  	BTST.Z	WREG9, #6
;__Lib_MathDouble.c,937 :: 		
0x0536	0x3A0001  	BRA NZ	MulFP_return0_2
;__Lib_MathDouble.c,938 :: 		
MulFP_return8_2:
;__Lib_MathDouble.c,939 :: 		
0x0538	0xBE8008  	MOV.D	WREG8, WREG0
;__Lib_MathDouble.c,940 :: 		
MulFP_return0_2:
;__Lib_MathDouble.c,941 :: 		
0x053A	0xA8C002  	BSET	WREG1, #6
;__Lib_MathDouble.c,942 :: 		
MulFP__fbopExit:
;__Lib_MathDouble.c,943 :: 		
0x053C	0x78064F  	MOV	[--WREG15], WREG12
;__Lib_MathDouble.c,944 :: 		
0x053E	0xBE054F  	MOV.D	[--WREG15], WREG10
;__Lib_MathDouble.c,945 :: 		
0x0540	0xBE044F  	MOV.D	[--WREG15], WREG8
;__Lib_MathDouble.c,946 :: 		
0x0542	0x060000  	RETURN
;__Lib_MathDouble.c,947 :: 		
MulFP__fbopReturnNaN:
;__Lib_MathDouble.c,948 :: 		
0x0544	0x2FFFF0  	MOV	#65535, WREG0
;__Lib_MathDouble.c,949 :: 		
0x0546	0x27FFF1  	MOV	#32767, WREG1
;__Lib_MathDouble.c,950 :: 		
0x0548	0x37FFF9  	BRA	MulFP__fbopExit
;__Lib_MathDouble.c,951 :: 		
MulFP__fpack:
;__Lib_MathDouble.c,952 :: 		
0x054A	0x200081  	MOV	#8, WREG1
;__Lib_MathDouble.c,953 :: 		
0x054C	0x558061  	SUB	WREG11, #1, WREG0
;__Lib_MathDouble.c,954 :: 		
0x054E	0x3D000B  	BRA GE	MulFP_notsubnormal
;__Lib_MathDouble.c,955 :: 		
0x0550	0x20000B  	MOV	#0, WREG11
;__Lib_MathDouble.c,956 :: 		
0x0552	0x2FFE61  	MOV	#65510, WREG1
;__Lib_MathDouble.c,957 :: 		
0x0554	0xE10001  	CP	WREG0, WREG1
;__Lib_MathDouble.c,958 :: 		
0x0556	0x34001D  	BRA LE	MulFP_zerosig
;__Lib_MathDouble.c,959 :: 		
MulFP_subnormal1:
;__Lib_MathDouble.c,960 :: 		
0x0558	0x718182  	IOR	WREG3, WREG2, WREG3
;__Lib_MathDouble.c,961 :: 		
0x055A	0x640161  	AND	WREG8, #1, WREG2
;__Lib_MathDouble.c,962 :: 		
0x055C	0xD10489  	LSR	WREG9, WREG9
;__Lib_MathDouble.c,963 :: 		
0x055E	0xD38408  	RRC	WREG8, WREG8
;__Lib_MathDouble.c,964 :: 		
0x0560	0xE80000  	INC	WREG0, WREG0
;__Lib_MathDouble.c,965 :: 		
0x0562	0x3AFFFA  	BRA NZ	MulFP_subnormal1
;__Lib_MathDouble.c,966 :: 		
0x0564	0x200071  	MOV	#7, WREG1
;__Lib_MathDouble.c,967 :: 		
MulFP_notsubnormal:
;__Lib_MathDouble.c,968 :: 		
0x0566	0x640061  	AND	WREG8, #1, WREG0
;__Lib_MathDouble.c,969 :: 		
0x0568	0x700003  	IOR	WREG0, WREG3, WREG0
;__Lib_MathDouble.c,970 :: 		
0x056A	0x600002  	AND	WREG0, WREG2, WREG0
;__Lib_MathDouble.c,971 :: 		
0x056C	0x320009  	BRA Z	MulFP_packupandgo
;__Lib_MathDouble.c,972 :: 		
0x056E	0x440461  	ADD	WREG8, #1, WREG8
;__Lib_MathDouble.c,973 :: 		
0x0570	0x4C84E0  	ADDC	WREG9, #0, WREG9
;__Lib_MathDouble.c,974 :: 		
0x0572	0xA58809  	BTST.Z	WREG9, WREG1
;__Lib_MathDouble.c,975 :: 		
0x0574	0x320005  	BRA Z	MulFP_packupandgo
;__Lib_MathDouble.c,976 :: 		
0x0576	0xE8058B  	INC	WREG11, WREG11
;__Lib_MathDouble.c,977 :: 		
0x0578	0xE10868  	CP	WREG1, #8
;__Lib_MathDouble.c,978 :: 		
0x057A	0x3A0002  	BRA NZ	MulFP_packupandgo
;__Lib_MathDouble.c,979 :: 		
0x057C	0xD10489  	LSR	WREG9, WREG9
;__Lib_MathDouble.c,980 :: 		
0x057E	0xD38408  	RRC	WREG8, WREG8
;__Lib_MathDouble.c,981 :: 		
MulFP_packupandgo:
;__Lib_MathDouble.c,982 :: 		
0x0580	0x200FF2  	MOV	#255, WREG2
;__Lib_MathDouble.c,983 :: 		
0x0582	0xE15802  	CP	WREG11, WREG2
;__Lib_MathDouble.c,984 :: 		
0x0584	0x3D0005  	BRA GE	MulFP_overflow
;__Lib_MathDouble.c,985 :: 		
0x0586	0xDD5DC7  	SL	WREG11, #7, WREG11
;__Lib_MathDouble.c,986 :: 		
0x0588	0xB207F9  	AND	#127, WREG9
;__Lib_MathDouble.c,987 :: 		
0x058A	0x758089  	IOR	WREG11, WREG9, WREG1
;__Lib_MathDouble.c,988 :: 		
0x058C	0x880008  	MOV	WREG8, WREG0
;__Lib_MathDouble.c,989 :: 		
0x058E	0x060000  	RETURN
;__Lib_MathDouble.c,990 :: 		
MulFP_overflow:
;__Lib_MathDouble.c,991 :: 		
0x0590	0x27F80B  	MOV	#32640, WREG11
;__Lib_MathDouble.c,992 :: 		
MulFP_zerosig:
;__Lib_MathDouble.c,993 :: 		
0x0592	0x88001B  	MOV	WREG11, WREG1
;__Lib_MathDouble.c,994 :: 		
0x0594	0x050000  	RETLW	#0, WREG0
;__Lib_MathDouble.c,995 :: 		
MulFP__funpack:
;__Lib_MathDouble.c,996 :: 		
0x0596	0xDE0AC7  	LSR	WREG1, #7, WREG5
;__Lib_MathDouble.c,997 :: 		
0x0598	0xB207F1  	AND	#127, WREG1
;__Lib_MathDouble.c,998 :: 		
0x059A	0xB20FF5  	AND	#255, WREG5
;__Lib_MathDouble.c,999 :: 		
0x059C	0x320008  	BRA Z	MulFP_zeroorsub
;__Lib_MathDouble.c,1000 :: 		
0x059E	0x42CFE1  	ADD.B	WREG5, #1, [WREG15]
;__Lib_MathDouble.c,1001 :: 		
0x05A0	0x320002  	BRA Z	MulFP_nanorinf
;__Lib_MathDouble.c,1002 :: 		
MulFP_finitereturn:
;__Lib_MathDouble.c,1003 :: 		
0x05A2	0xA8E002  	BSET	WREG1, #7
;__Lib_MathDouble.c,1004 :: 		
0x05A4	0x050024  	RETLW	#2, WREG4
;__Lib_MathDouble.c,1005 :: 		
MulFP_nanorinf:
;__Lib_MathDouble.c,1006 :: 		
0x05A6	0x700F81  	IOR	WREG0, WREG1, [WREG15]
;__Lib_MathDouble.c,1007 :: 		
0x05A8	0x320001  	BRA Z	MulFP_infinite
;__Lib_MathDouble.c,1008 :: 		
0x05AA	0x050804  	RETLW	#128, WREG4
;__Lib_MathDouble.c,1009 :: 		
MulFP_infinite:
;__Lib_MathDouble.c,1010 :: 		
0x05AC	0x050044  	RETLW	#4, WREG4
;__Lib_MathDouble.c,1011 :: 		
MulFP_zeroorsub:
;__Lib_MathDouble.c,1012 :: 		
0x05AE	0x700F81  	IOR	WREG0, WREG1, [WREG15]
;__Lib_MathDouble.c,1013 :: 		
0x05B0	0x3A0002  	BRA NZ	MulFP_subnormal2
;__Lib_MathDouble.c,1014 :: 		
0x05B2	0x050014  	RETLW	#1, WREG4
;__Lib_MathDouble.c,1015 :: 		
MulFP_normalize:
;__Lib_MathDouble.c,1016 :: 		
0x05B4	0xE90285  	DEC	WREG5, WREG5
;__Lib_MathDouble.c,1017 :: 		
MulFP_subnormal2:
;__Lib_MathDouble.c,1018 :: 		
0x05B6	0x400000  	ADD	WREG0, WREG0, WREG0
;__Lib_MathDouble.c,1019 :: 		
0x05B8	0x48C081  	ADDC.B	WREG1, WREG1, WREG1
;__Lib_MathDouble.c,1020 :: 		
0x05BA	0x3BFFFC  	BRA NN	MulFP_normalize
;__Lib_MathDouble.c,1021 :: 		
0x05BC	0xA8E002  	BSET	WREG1, #7
;__Lib_MathDouble.c,1022 :: 		
0x05BE	0x050024  	RETLW	#2, WREG4
;__Lib_MathDouble.c,1025 :: 		
the_end__Mul_FP:
;__Lib_MathDouble.c,1028 :: 		
L_end__Mul_FP:
0x05C0	0xFA8000  	ULNK
0x05C2	0x060000  	RETURN
; end of __Mul_FP
__Div_FP:
0x05C4	0xFA0000  	LNK	#0
;__Lib_MathDouble.c,1050 :: 		
;__Lib_MathDouble.c,1052 :: 		
0x05C6	0x070002  	RCALL	DivFP___divsf3
;__Lib_MathDouble.c,1053 :: 		
0x05C8	0x0000000406F6  	GOTO	the_end__Div_FP
;__Lib_MathDouble.c,1056 :: 		
DivFP___divsf3:
;__Lib_MathDouble.c,1057 :: 		
0x05CC	0xBE9F88  	MOV.D	WREG8, [WREG15++]
;__Lib_MathDouble.c,1058 :: 		
0x05CE	0xBE9F8A  	MOV.D	WREG10, [WREG15++]
;__Lib_MathDouble.c,1059 :: 		
0x05D0	0x781F8C  	MOV	WREG12, [WREG15++]
;__Lib_MathDouble.c,1060 :: 		
0x05D2	0x07003E  	RCALL	DivFP__funpack2
;__Lib_MathDouble.c,1061 :: 		
0x05D4	0x330045  	BRA N	DivFP__fPropagateNaN
;__Lib_MathDouble.c,1062 :: 		
0x05D6	0x6C8603  	XOR	WREG9, WREG3, WREG12
;__Lib_MathDouble.c,1063 :: 		
0x05D8	0xE15064  	CP	WREG10, #4
;__Lib_MathDouble.c,1064 :: 		
0x05DA	0x32002E  	BRA Z	DivFP_aisinfinite
;__Lib_MathDouble.c,1065 :: 		
0x05DC	0xE12064  	CP	WREG4, #4
;__Lib_MathDouble.c,1066 :: 		
0x05DE	0x320033  	BRA Z	DivFP_returnZero
;__Lib_MathDouble.c,1067 :: 		
0x05E0	0xE15061  	CP	WREG10, #1
;__Lib_MathDouble.c,1068 :: 		
0x05E2	0x32002F  	BRA Z	DivFP_aiszero
;__Lib_MathDouble.c,1069 :: 		
0x05E4	0xE12061  	CP	WREG4, #1
;__Lib_MathDouble.c,1070 :: 		
0x05E6	0x320031  	BRA Z	DivFP_returnInf
;__Lib_MathDouble.c,1071 :: 		
DivFP_finitenonzero:
;__Lib_MathDouble.c,1072 :: 		
0x05E8	0x558585  	SUB	WREG11, WREG5, WREG11
;__Lib_MathDouble.c,1073 :: 		
0x05EA	0xB007EB  	ADD	#126, WREG11
;__Lib_MathDouble.c,1074 :: 		
0x05EC	0x200009  	MOV	#0, WREG9
;__Lib_MathDouble.c,1075 :: 		
0x05EE	0x200408  	MOV	#64, WREG8
;__Lib_MathDouble.c,1076 :: 		
0x05F0	0x370005  	BRA	DivFP_diventry
;__Lib_MathDouble.c,1077 :: 		
DivFP_divnext:
;__Lib_MathDouble.c,1078 :: 		
0x05F2	0x440408  	ADD	WREG8, WREG8, WREG8
;__Lib_MathDouble.c,1079 :: 		
0x05F4	0x4C8489  	ADDC	WREG9, WREG9, WREG9
;__Lib_MathDouble.c,1080 :: 		
0x05F6	0x31000A  	BRA C	DivFP_divdone
;__Lib_MathDouble.c,1081 :: 		
DivFP_divloop:
;__Lib_MathDouble.c,1082 :: 		
0x05F8	0x430306  	ADD	WREG6, WREG6, WREG6
;__Lib_MathDouble.c,1083 :: 		
0x05FA	0x4B8387  	ADDC	WREG7, WREG7, WREG7
;__Lib_MathDouble.c,1084 :: 		
DivFP_diventry:
;__Lib_MathDouble.c,1085 :: 		
0x05FC	0x530100  	SUB	WREG6, WREG0, WREG2
;__Lib_MathDouble.c,1086 :: 		
0x05FE	0x5B8181  	SUBB	WREG7, WREG1, WREG3
;__Lib_MathDouble.c,1087 :: 		
0x0600	0x33FFF8  	BRA N	DivFP_divnext
;__Lib_MathDouble.c,1088 :: 		
0x0602	0xBE8302  	MOV.D	WREG2, WREG6
;__Lib_MathDouble.c,1089 :: 		
0x0604	0xA80010  	BSET	WREG8, #0
;__Lib_MathDouble.c,1090 :: 		
0x0606	0x440408  	ADD	WREG8, WREG8, WREG8
;__Lib_MathDouble.c,1091 :: 		
0x0608	0x4C8489  	ADDC	WREG9, WREG9, WREG9
;__Lib_MathDouble.c,1092 :: 		
0x060A	0x39FFF6  	BRA NC	DivFP_divloop
;__Lib_MathDouble.c,1093 :: 		
DivFP_divdone:
;__Lib_MathDouble.c,1094 :: 		
0x060C	0xDD39C6  	SL	WREG7, #6, WREG3
;__Lib_MathDouble.c,1095 :: 		
0x060E	0x730183  	IOR	WREG6, WREG3, WREG3
;__Lib_MathDouble.c,1096 :: 		
0x0610	0x320001  	BRA Z	DivFP_stickyok
;__Lib_MathDouble.c,1097 :: 		
0x0612	0x200013  	MOV	#1, WREG3
;__Lib_MathDouble.c,1098 :: 		
DivFP_stickyok:
;__Lib_MathDouble.c,1099 :: 		
0x0614	0xD10489  	LSR	WREG9, WREG9
;__Lib_MathDouble.c,1100 :: 		
0x0616	0xD38408  	RRC	WREG8, WREG8
;__Lib_MathDouble.c,1101 :: 		
0x0618	0xA39809  	BTST.Z	WREG9, #9
;__Lib_MathDouble.c,1102 :: 		
0x061A	0x320005  	BRA Z	DivFP_guardused
;__Lib_MathDouble.c,1103 :: 		
0x061C	0xA70008  	BTSC	WREG8, #0
;__Lib_MathDouble.c,1104 :: 		
0x061E	0xA80006  	BSET	WREG3, #0
;__Lib_MathDouble.c,1105 :: 		
0x0620	0xD10489  	LSR	WREG9, WREG9
;__Lib_MathDouble.c,1106 :: 		
0x0622	0xD38408  	RRC	WREG8, WREG8
;__Lib_MathDouble.c,1107 :: 		
0x0624	0xE8058B  	INC	WREG11, WREG11
;__Lib_MathDouble.c,1108 :: 		
DivFP_guardused:
;__Lib_MathDouble.c,1109 :: 		
0x0626	0xD10489  	LSR	WREG9, WREG9
;__Lib_MathDouble.c,1110 :: 		
0x0628	0xD38408  	RRC	WREG8, WREG8
;__Lib_MathDouble.c,1111 :: 		
0x062A	0xEB0100  	CLR	WREG2
;__Lib_MathDouble.c,1112 :: 		
0x062C	0xD28102  	RLC	WREG2, WREG2
;__Lib_MathDouble.c,1113 :: 		
0x062E	0x070028  	RCALL	DivFP__fpack
;__Lib_MathDouble.c,1114 :: 		
DivFP_return0_1:
;__Lib_MathDouble.c,1115 :: 		
0x0630	0xA1F001  	BCLR	WREG1, #15
;__Lib_MathDouble.c,1116 :: 		
0x0632	0xA7F00C  	BTSC	WREG12, #15
;__Lib_MathDouble.c,1117 :: 		
0x0634	0xA8E003  	BSET	WREG1, #15
;__Lib_MathDouble.c,1118 :: 		
0x0636	0x37001D  	BRA	DivFP__fbopExit
;__Lib_MathDouble.c,1119 :: 		
DivFP_aisinfinite:
;__Lib_MathDouble.c,1120 :: 		
0x0638	0xE12064  	CP	WREG4, #4
;__Lib_MathDouble.c,1121 :: 		
0x063A	0x32001F  	BRA Z	DivFP__fbopReturnNaN
;__Lib_MathDouble.c,1122 :: 		
DivFP_return8_1:
;__Lib_MathDouble.c,1123 :: 		
0x063C	0xBE8108  	MOV.D	WREG8, WREG2
;__Lib_MathDouble.c,1124 :: 		
DivFP_return2_1:
;__Lib_MathDouble.c,1125 :: 		
0x063E	0xBE8002  	MOV.D	WREG2, WREG0
;__Lib_MathDouble.c,1126 :: 		
0x0640	0x37FFF7  	BRA	DivFP_return0_1
;__Lib_MathDouble.c,1127 :: 		
DivFP_aiszero:
;__Lib_MathDouble.c,1128 :: 		
0x0642	0xE12061  	CP	WREG4, #1
;__Lib_MathDouble.c,1129 :: 		
0x0644	0x32001A  	BRA Z	DivFP__fbopReturnNaN
;__Lib_MathDouble.c,1130 :: 		
DivFP_returnZero:
;__Lib_MathDouble.c,1131 :: 		
0x0646	0xB80060  	MUL.UU	WREG0, #0, WREG0
;__Lib_MathDouble.c,1132 :: 		
0x0648	0x37FFF3  	BRA	DivFP_return0_1
;__Lib_MathDouble.c,1133 :: 		
DivFP_returnInf:
;__Lib_MathDouble.c,1134 :: 		
0x064A	0x200000  	MOV	#0, WREG0
;__Lib_MathDouble.c,1135 :: 		
0x064C	0x27F801  	MOV	#32640, WREG1
;__Lib_MathDouble.c,1136 :: 		
0x064E	0x37FFF0  	BRA	DivFP_return0_1
;__Lib_MathDouble.c,1137 :: 		
DivFP__funpack2:
;__Lib_MathDouble.c,1138 :: 		
0x0650	0xBE8400  	MOV.D	WREG0, WREG8
;__Lib_MathDouble.c,1139 :: 		
0x0652	0x07003C  	RCALL	DivFP__funpack
;__Lib_MathDouble.c,1140 :: 		
0x0654	0xBE8300  	MOV.D	WREG0, WREG6
;__Lib_MathDouble.c,1141 :: 		
0x0656	0xBE8504  	MOV.D	WREG4, WREG10
;__Lib_MathDouble.c,1142 :: 		
0x0658	0xBE8002  	MOV.D	WREG2, WREG0
;__Lib_MathDouble.c,1143 :: 		
0x065A	0x070038  	RCALL	DivFP__funpack
;__Lib_MathDouble.c,1144 :: 		
0x065C	0x754F84  	IOR.B	WREG10, WREG4, [WREG15]
;__Lib_MathDouble.c,1145 :: 		
0x065E	0x060000  	RETURN
;__Lib_MathDouble.c,1146 :: 		
DivFP__fPropagateNaN:
;__Lib_MathDouble.c,1147 :: 		
0x0660	0xBE8002  	MOV.D	WREG2, WREG0
;__Lib_MathDouble.c,1148 :: 		
0x0662	0xE15064  	CP	WREG10, #4
;__Lib_MathDouble.c,1149 :: 		
0x0664	0x360005  	BRA LEU	DivFP_return0
;__Lib_MathDouble.c,1150 :: 		
0x0666	0xE12064  	CP	WREG4, #4
;__Lib_MathDouble.c,1151 :: 		
0x0668	0x360002  	BRA LEU	DivFP_return8
;__Lib_MathDouble.c,1152 :: 		
0x066A	0xA36809  	BTST.Z	WREG9, #6
;__Lib_MathDouble.c,1153 :: 		
0x066C	0x3A0001  	BRA NZ	DivFP_return0
;__Lib_MathDouble.c,1154 :: 		
DivFP_return8:
;__Lib_MathDouble.c,1155 :: 		
0x066E	0xBE8008  	MOV.D	WREG8, WREG0
;__Lib_MathDouble.c,1156 :: 		
DivFP_return0:
;__Lib_MathDouble.c,1157 :: 		
0x0670	0xA8C002  	BSET	WREG1, #6
;__Lib_MathDouble.c,1158 :: 		
DivFP__fbopExit:
;__Lib_MathDouble.c,1159 :: 		
0x0672	0x78064F  	MOV	[--WREG15], WREG12
;__Lib_MathDouble.c,1160 :: 		
0x0674	0xBE054F  	MOV.D	[--WREG15], WREG10
;__Lib_MathDouble.c,1161 :: 		
0x0676	0xBE044F  	MOV.D	[--WREG15], WREG8
;__Lib_MathDouble.c,1162 :: 		
0x0678	0x060000  	RETURN
;__Lib_MathDouble.c,1163 :: 		
DivFP__fbopReturnNaN:
;__Lib_MathDouble.c,1164 :: 		
0x067A	0x2FFFF0  	MOV	#65535, WREG0
;__Lib_MathDouble.c,1165 :: 		
0x067C	0x27FFF1  	MOV	#32767, WREG1
;__Lib_MathDouble.c,1166 :: 		
0x067E	0x37FFF9  	BRA	DivFP__fbopExit
;__Lib_MathDouble.c,1167 :: 		
DivFP__fpack:
;__Lib_MathDouble.c,1168 :: 		
0x0680	0x200081  	MOV	#8, WREG1
;__Lib_MathDouble.c,1169 :: 		
0x0682	0x558061  	SUB	WREG11, #1, WREG0
;__Lib_MathDouble.c,1170 :: 		
0x0684	0x3D000B  	BRA GE	DivFP_notsubnormal
;__Lib_MathDouble.c,1171 :: 		
0x0686	0x20000B  	MOV	#0, WREG11
;__Lib_MathDouble.c,1172 :: 		
0x0688	0x2FFE61  	MOV	#65510, WREG1
;__Lib_MathDouble.c,1173 :: 		
0x068A	0xE10001  	CP	WREG0, WREG1
;__Lib_MathDouble.c,1174 :: 		
0x068C	0x34001D  	BRA LE	DivFP_zerosig
;__Lib_MathDouble.c,1175 :: 		
DivFP_subnormal:
;__Lib_MathDouble.c,1176 :: 		
0x068E	0x718182  	IOR	WREG3, WREG2, WREG3
;__Lib_MathDouble.c,1177 :: 		
0x0690	0x640161  	AND	WREG8, #1, WREG2
;__Lib_MathDouble.c,1178 :: 		
0x0692	0xD10489  	LSR	WREG9, WREG9
;__Lib_MathDouble.c,1179 :: 		
0x0694	0xD38408  	RRC	WREG8, WREG8
;__Lib_MathDouble.c,1180 :: 		
0x0696	0xE80000  	INC	WREG0, WREG0
;__Lib_MathDouble.c,1181 :: 		
0x0698	0x3AFFFA  	BRA NZ	DivFP_subnormal
;__Lib_MathDouble.c,1182 :: 		
0x069A	0x200071  	MOV	#7, WREG1
;__Lib_MathDouble.c,1183 :: 		
DivFP_notsubnormal:
;__Lib_MathDouble.c,1184 :: 		
0x069C	0x640061  	AND	WREG8, #1, WREG0
;__Lib_MathDouble.c,1185 :: 		
0x069E	0x700003  	IOR	WREG0, WREG3, WREG0
;__Lib_MathDouble.c,1186 :: 		
0x06A0	0x600002  	AND	WREG0, WREG2, WREG0
;__Lib_MathDouble.c,1187 :: 		
0x06A2	0x320009  	BRA Z	DivFP_packupandgo
;__Lib_MathDouble.c,1188 :: 		
0x06A4	0x440461  	ADD	WREG8, #1, WREG8
;__Lib_MathDouble.c,1189 :: 		
0x06A6	0x4C84E0  	ADDC	WREG9, #0, WREG9
;__Lib_MathDouble.c,1190 :: 		
0x06A8	0xA58809  	BTST.Z	WREG9, WREG1
;__Lib_MathDouble.c,1191 :: 		
0x06AA	0x320005  	BRA Z	DivFP_packupandgo
;__Lib_MathDouble.c,1192 :: 		
0x06AC	0xE8058B  	INC	WREG11, WREG11
;__Lib_MathDouble.c,1193 :: 		
0x06AE	0xE10868  	CP	WREG1, #8
;__Lib_MathDouble.c,1194 :: 		
0x06B0	0x3A0002  	BRA NZ	DivFP_packupandgo
;__Lib_MathDouble.c,1195 :: 		
0x06B2	0xD10489  	LSR	WREG9, WREG9
;__Lib_MathDouble.c,1196 :: 		
0x06B4	0xD38408  	RRC	WREG8, WREG8
;__Lib_MathDouble.c,1197 :: 		
DivFP_packupandgo:
;__Lib_MathDouble.c,1198 :: 		
0x06B6	0x200FF2  	MOV	#255, WREG2
;__Lib_MathDouble.c,1199 :: 		
0x06B8	0xE15802  	CP	WREG11, WREG2
;__Lib_MathDouble.c,1200 :: 		
0x06BA	0x3D0005  	BRA GE	DivFP_overfloW
;__Lib_MathDouble.c,1201 :: 		
0x06BC	0xDD5DC7  	SL	WREG11, #7, WREG11
;__Lib_MathDouble.c,1202 :: 		
0x06BE	0xB207F9  	AND	#127, WREG9
;__Lib_MathDouble.c,1203 :: 		
0x06C0	0x758089  	IOR	WREG11, WREG9, WREG1
;__Lib_MathDouble.c,1204 :: 		
0x06C2	0x880008  	MOV	WREG8, WREG0
;__Lib_MathDouble.c,1205 :: 		
0x06C4	0x060000  	RETURN
;__Lib_MathDouble.c,1206 :: 		
DivFP_overfloW:
;__Lib_MathDouble.c,1207 :: 		
0x06C6	0x27F80B  	MOV	#32640, WREG11
;__Lib_MathDouble.c,1208 :: 		
DivFP_zerosig:
;__Lib_MathDouble.c,1209 :: 		
0x06C8	0x88001B  	MOV	WREG11, WREG1
;__Lib_MathDouble.c,1210 :: 		
0x06CA	0x050000  	RETLW	#0, WREG0
;__Lib_MathDouble.c,1211 :: 		
DivFP__funpack:
;__Lib_MathDouble.c,1212 :: 		
0x06CC	0xDE0AC7  	LSR	WREG1, #7, WREG5
;__Lib_MathDouble.c,1213 :: 		
0x06CE	0xB207F1  	AND	#127, WREG1
;__Lib_MathDouble.c,1214 :: 		
0x06D0	0xB20FF5  	AND	#255, WREG5
;__Lib_MathDouble.c,1215 :: 		
0x06D2	0x320008  	BRA Z	DivFP_zeroorsub
;__Lib_MathDouble.c,1216 :: 		
0x06D4	0x42CFE1  	ADD.B	WREG5, #1, [WREG15]
;__Lib_MathDouble.c,1217 :: 		
0x06D6	0x320002  	BRA Z	DivFP_nanorinf
;__Lib_MathDouble.c,1218 :: 		
DivFP_finitereturn:
;__Lib_MathDouble.c,1219 :: 		
0x06D8	0xA8E002  	BSET	WREG1, #7
;__Lib_MathDouble.c,1220 :: 		
0x06DA	0x050024  	RETLW	#2, WREG4
;__Lib_MathDouble.c,1221 :: 		
DivFP_nanorinf:
;__Lib_MathDouble.c,1222 :: 		
0x06DC	0x700F81  	IOR	WREG0, WREG1, [WREG15]
;__Lib_MathDouble.c,1223 :: 		
0x06DE	0x320001  	BRA Z	DivFP_infinite
;__Lib_MathDouble.c,1224 :: 		
0x06E0	0x050804  	RETLW	#128, WREG4
;__Lib_MathDouble.c,1225 :: 		
DivFP_infinite:
;__Lib_MathDouble.c,1226 :: 		
0x06E2	0x050044  	RETLW	#4, WREG4
;__Lib_MathDouble.c,1227 :: 		
DivFP_zeroorsub:
;__Lib_MathDouble.c,1228 :: 		
0x06E4	0x700F81  	IOR	WREG0, WREG1, [WREG15]
;__Lib_MathDouble.c,1229 :: 		
0x06E6	0x3A0002  	BRA NZ	DivFP_subnormal2
;__Lib_MathDouble.c,1230 :: 		
0x06E8	0x050014  	RETLW	#1, WREG4
;__Lib_MathDouble.c,1231 :: 		
DivFP_normalize:
;__Lib_MathDouble.c,1232 :: 		
0x06EA	0xE90285  	DEC	WREG5, WREG5
;__Lib_MathDouble.c,1233 :: 		
DivFP_subnormal2:
;__Lib_MathDouble.c,1234 :: 		
0x06EC	0x400000  	ADD	WREG0, WREG0, WREG0
;__Lib_MathDouble.c,1235 :: 		
0x06EE	0x48C081  	ADDC.B	WREG1, WREG1, WREG1
;__Lib_MathDouble.c,1236 :: 		
0x06F0	0x3BFFFC  	BRA NN	DivFP_normalize
;__Lib_MathDouble.c,1237 :: 		
0x06F2	0xA8E002  	BSET	WREG1, #7
;__Lib_MathDouble.c,1238 :: 		
0x06F4	0x050024  	RETLW	#2, WREG4
;__Lib_MathDouble.c,1241 :: 		
the_end__Div_FP:
;__Lib_MathDouble.c,1243 :: 		
L_end__Div_FP:
0x06F6	0xFA8000  	ULNK
0x06F8	0x060000  	RETURN
; end of __Div_FP
__AddSub_FP:
0x02C6	0xFA0000  	LNK	#0
;__Lib_MathDouble.c,582 :: 		
;__Lib_MathDouble.c,584 :: 		
0x02C8	0x070002  	RCALL	AddSubFP__addsf3
;__Lib_MathDouble.c,585 :: 		
0x02CA	0x00000004042E  	GOTO	the_end__AddSub_FP
;__Lib_MathDouble.c,588 :: 		
AddSubFP__addsf3:
;__Lib_MathDouble.c,589 :: 		
0x02CE	0xBE9F88  	MOV.D	WREG8, [WREG15++]
;__Lib_MathDouble.c,590 :: 		
0x02D0	0xBE9F8A  	MOV.D	WREG10, [WREG15++]
;__Lib_MathDouble.c,591 :: 		
0x02D2	0x781F8C  	MOV	WREG12, [WREG15++]
;__Lib_MathDouble.c,592 :: 		
0x02D4	0x070059  	RCALL	AddSubFP__funpack2
;__Lib_MathDouble.c,593 :: 		
0x02D6	0x330060  	BRA N	AddSubFP__fPropagateNaN
;__Lib_MathDouble.c,594 :: 		
0x02D8	0xE15064  	CP	WREG10, #4
;__Lib_MathDouble.c,595 :: 		
0x02DA	0x32004F  	BRA Z	AddSubFP_aisinfinite
;__Lib_MathDouble.c,596 :: 		
AddSubFP_checkspecialb:
;__Lib_MathDouble.c,597 :: 		
0x02DC	0xE12064  	CP	WREG4, #4
;__Lib_MathDouble.c,598 :: 		
0x02DE	0x320052  	BRA Z	AddSubFP_return2_3
;__Lib_MathDouble.c,599 :: 		
0x02E0	0x6C8203  	XOR	WREG9, WREG3, WREG4
;__Lib_MathDouble.c,600 :: 		
0x02E2	0x3B0007  	BRA NN	AddSubFP_getsign
;__Lib_MathDouble.c,601 :: 		
0x02E4	0xD00509  	SL	WREG9, WREG10
;__Lib_MathDouble.c,602 :: 		
0x02E6	0xD00603  	SL	WREG3, WREG12
;__Lib_MathDouble.c,603 :: 		
0x02E8	0x540F82  	SUB	WREG8, WREG2, [WREG15]
;__Lib_MathDouble.c,604 :: 		
0x02EA	0x5D060C  	SUBB	WREG10, WREG12, WREG12
;__Lib_MathDouble.c,605 :: 		
0x02EC	0x390002  	BRA NC	AddSubFP_getsign
;__Lib_MathDouble.c,606 :: 		
0x02EE	0x320002  	BRA Z	AddSubFP_gotsign
;__Lib_MathDouble.c,607 :: 		
0x02F0	0x880039  	MOV	WREG9, WREG3
;__Lib_MathDouble.c,608 :: 		
AddSubFP_getsign:
;__Lib_MathDouble.c,609 :: 		
0x02F2	0x8800C3  	MOV	WREG3, WREG12
;__Lib_MathDouble.c,610 :: 		
AddSubFP_gotsign:
;__Lib_MathDouble.c,611 :: 		
0x02F4	0x558285  	SUB	WREG11, WREG5, WREG5
;__Lib_MathDouble.c,612 :: 		
0x02F6	0x3D0004  	BRA GE	AddSubFP_expcanonical
;__Lib_MathDouble.c,613 :: 		
0x02F8	0xFD0300  	EXCH	WREG0, WREG6
;__Lib_MathDouble.c,614 :: 		
0x02FA	0xFD0381  	EXCH	WREG1, WREG7
;__Lib_MathDouble.c,615 :: 		
0x02FC	0xEA0285  	NEG	WREG5, WREG5
;__Lib_MathDouble.c,616 :: 		
0x02FE	0x42858B  	ADD	WREG5, WREG11, WREG11
;__Lib_MathDouble.c,617 :: 		
AddSubFP_expcanonical:
;__Lib_MathDouble.c,618 :: 		
0x0300	0x720F84  	IOR	WREG4, WREG4, [WREG15]
;__Lib_MathDouble.c,619 :: 		
0x0302	0x3B0002  	BRA NN	AddSubFP_nonegate
;__Lib_MathDouble.c,620 :: 		
0x0304	0x100060  	SUBR	WREG0, #0, WREG0
;__Lib_MathDouble.c,621 :: 		
0x0306	0x1880E0  	SUBBR	WREG1, #0, WREG1
;__Lib_MathDouble.c,622 :: 		
AddSubFP_nonegate:
;__Lib_MathDouble.c,623 :: 		
0x0308	0xB81160  	MUL.UU	WREG2, #0, WREG2
;__Lib_MathDouble.c,624 :: 		
0x030A	0xEB0500  	CLR	WREG10
;__Lib_MathDouble.c,625 :: 		
0x030C	0xE1287A  	CP	WREG5, #26
;__Lib_MathDouble.c,626 :: 		
0x030E	0x39000A  	BRA NC	AddSubFP_aligniter
;__Lib_MathDouble.c,627 :: 		
0x0310	0x880006  	MOV	WREG6, WREG0
;__Lib_MathDouble.c,628 :: 		
0x0312	0xDD5DC7  	SL	WREG11, #7, WREG11
;__Lib_MathDouble.c,629 :: 		
0x0314	0xB207F7  	AND	#127, WREG7
;__Lib_MathDouble.c,630 :: 		
0x0316	0x758087  	IOR	WREG11, WREG7, WREG1
;__Lib_MathDouble.c,631 :: 		
0x0318	0x37002D  	BRA	AddSubFP_signoff
;__Lib_MathDouble.c,632 :: 		
AddSubFP_align:
;__Lib_MathDouble.c,633 :: 		
0x031A	0x718182  	IOR	WREG3, WREG2, WREG3
;__Lib_MathDouble.c,634 :: 		
0x031C	0x88002A  	MOV	WREG10, WREG2
;__Lib_MathDouble.c,635 :: 		
0x031E	0x600561  	AND	WREG0, #1, WREG10
;__Lib_MathDouble.c,636 :: 		
0x0320	0xD18081  	ASR	WREG1, WREG1
;__Lib_MathDouble.c,637 :: 		
0x0322	0xD38000  	RRC	WREG0, WREG0
;__Lib_MathDouble.c,638 :: 		
AddSubFP_aligniter:
;__Lib_MathDouble.c,639 :: 		
0x0324	0xE90285  	DEC	WREG5, WREG5
;__Lib_MathDouble.c,640 :: 		
0x0326	0x3BFFF9  	BRA NN	AddSubFP_align
;__Lib_MathDouble.c,641 :: 		
AddSubFP_aligned:
;__Lib_MathDouble.c,642 :: 		
0x0328	0x400406  	ADD	WREG0, WREG6, WREG8
;__Lib_MathDouble.c,643 :: 		
0x032A	0x488487  	ADDC	WREG1, WREG7, WREG9
;__Lib_MathDouble.c,644 :: 		
0x032C	0x3B0002  	BRA NN	AddSubFP_normalizesum
;__Lib_MathDouble.c,645 :: 		
0x032E	0x140460  	SUBR	WREG8, #0, WREG8
;__Lib_MathDouble.c,646 :: 		
0x0330	0x1C84E0  	SUBBR	WREG9, #0, WREG9
;__Lib_MathDouble.c,647 :: 		
AddSubFP_normalizesum:
;__Lib_MathDouble.c,648 :: 		
0x0332	0xA38809  	BTST.Z	WREG9, #8
;__Lib_MathDouble.c,649 :: 		
0x0334	0x320007  	BRA Z	AddSubFP_checknormal
;__Lib_MathDouble.c,650 :: 		
0x0336	0x71818A  	IOR	WREG3, WREG10, WREG3
;__Lib_MathDouble.c,651 :: 		
0x0338	0x718182  	IOR	WREG3, WREG2, WREG3
;__Lib_MathDouble.c,652 :: 		
0x033A	0x640161  	AND	WREG8, #1, WREG2
;__Lib_MathDouble.c,653 :: 		
0x033C	0xD10489  	LSR	WREG9, WREG9
;__Lib_MathDouble.c,654 :: 		
0x033E	0xD38408  	RRC	WREG8, WREG8
;__Lib_MathDouble.c,655 :: 		
0x0340	0xE8058B  	INC	WREG11, WREG11
;__Lib_MathDouble.c,656 :: 		
0x0342	0x370017  	BRA	AddSubFP_round
;__Lib_MathDouble.c,657 :: 		
AddSubFP_checknormal:
;__Lib_MathDouble.c,658 :: 		
0x0344	0xA37809  	BTST.Z	WREG9, #7
;__Lib_MathDouble.c,659 :: 		
0x0346	0x3A0013  	BRA NZ	AddSubFP_discardguard
;__Lib_MathDouble.c,660 :: 		
AddSubFP_underflow:
;__Lib_MathDouble.c,661 :: 		
0x0348	0xE20016  	CP0	WREG11
;__Lib_MathDouble.c,662 :: 		
0x034A	0x340013  	BRA LE	AddSubFP_round
;__Lib_MathDouble.c,663 :: 		
0x034C	0xE9058B  	DEC	WREG11, WREG11
;__Lib_MathDouble.c,664 :: 		
0x034E	0x440408  	ADD	WREG8, WREG8, WREG8
;__Lib_MathDouble.c,665 :: 		
0x0350	0x4C8489  	ADDC	WREG9, WREG9, WREG9
;__Lib_MathDouble.c,666 :: 		
0x0352	0x74440A  	IOR.B	WREG8, WREG10, WREG8
;__Lib_MathDouble.c,667 :: 		
0x0354	0xA37809  	BTST.Z	WREG9, #7
;__Lib_MathDouble.c,668 :: 		
0x0356	0x3A000D  	BRA NZ	AddSubFP_round
;__Lib_MathDouble.c,669 :: 		
AddSubFP_normalizeloop:
;__Lib_MathDouble.c,670 :: 		
0x0358	0xE20016  	CP0	WREG11
;__Lib_MathDouble.c,671 :: 		
0x035A	0x340007  	BRA LE	AddSubFP_normalizeexit
;__Lib_MathDouble.c,672 :: 		
0x035C	0xE9058B  	DEC	WREG11, WREG11
;__Lib_MathDouble.c,673 :: 		
0x035E	0x440408  	ADD	WREG8, WREG8, WREG8
;__Lib_MathDouble.c,674 :: 		
0x0360	0x4C8489  	ADDC	WREG9, WREG9, WREG9
;__Lib_MathDouble.c,675 :: 		
0x0362	0x3A0001  	BRA NZ	AddSubFP_normalizetest
;__Lib_MathDouble.c,676 :: 		
0x0364	0x20000B  	MOV	#0, WREG11
;__Lib_MathDouble.c,677 :: 		
AddSubFP_normalizetest:
;__Lib_MathDouble.c,678 :: 		
0x0366	0xA37809  	BTST.Z	WREG9, #7
;__Lib_MathDouble.c,679 :: 		
0x0368	0x32FFF7  	BRA Z	AddSubFP_normalizeloop
;__Lib_MathDouble.c,680 :: 		
AddSubFP_normalizeexit:
;__Lib_MathDouble.c,681 :: 		
0x036A	0xEB0100  	CLR	WREG2
;__Lib_MathDouble.c,682 :: 		
0x036C	0x370002  	BRA	AddSubFP_round
;__Lib_MathDouble.c,683 :: 		
AddSubFP_discardguard:
;__Lib_MathDouble.c,684 :: 		
0x036E	0x718182  	IOR	WREG3, WREG2, WREG3
;__Lib_MathDouble.c,685 :: 		
0x0370	0x88002A  	MOV	WREG10, WREG2
;__Lib_MathDouble.c,686 :: 		
AddSubFP_round:
;__Lib_MathDouble.c,687 :: 		
0x0372	0x070022  	RCALL	AddSubFP__fpack
;__Lib_MathDouble.c,688 :: 		
AddSubFP_signoff:
;__Lib_MathDouble.c,689 :: 		
0x0374	0xA7F00C  	BTSC	WREG12, #15
;__Lib_MathDouble.c,690 :: 		
0x0376	0xA8E003  	BSET	WREG1, #15
;__Lib_MathDouble.c,691 :: 		
0x0378	0x370018  	BRA	AddSubFP__fbopExit
;__Lib_MathDouble.c,692 :: 		
AddSubFP_aisinfinite:
;__Lib_MathDouble.c,693 :: 		
0x037A	0xE12064  	CP	WREG4, #4
;__Lib_MathDouble.c,694 :: 		
0x037C	0x3A0002  	BRA NZ	AddSubFP_return8_3
;__Lib_MathDouble.c,695 :: 		
0x037E	0x6C8F83  	XOR	WREG9, WREG3, [WREG15]
;__Lib_MathDouble.c,696 :: 		
0x0380	0x330018  	BRA N	AddSubFP__fbopReturnNaN
;__Lib_MathDouble.c,697 :: 		
AddSubFP_return8_3:
;__Lib_MathDouble.c,698 :: 		
0x0382	0xBE8108  	MOV.D	WREG8, WREG2
;__Lib_MathDouble.c,699 :: 		
AddSubFP_return2_3:
;__Lib_MathDouble.c,700 :: 		
0x0384	0xBE8002  	MOV.D	WREG2, WREG0
;__Lib_MathDouble.c,701 :: 		
0x0386	0x370011  	BRA	AddSubFP__fbopExit
;__Lib_MathDouble.c,702 :: 		
AddSubFP__funpack2:
;__Lib_MathDouble.c,703 :: 		
0x0388	0xBE8400  	MOV.D	WREG0, WREG8
;__Lib_MathDouble.c,704 :: 		
0x038A	0x07003C  	RCALL	AddSubFP__funpack
;__Lib_MathDouble.c,705 :: 		
0x038C	0xBE8300  	MOV.D	WREG0, WREG6
;__Lib_MathDouble.c,706 :: 		
0x038E	0xBE8504  	MOV.D	WREG4, WREG10
;__Lib_MathDouble.c,707 :: 		
0x0390	0xBE8002  	MOV.D	WREG2, WREG0
;__Lib_MathDouble.c,708 :: 		
0x0392	0x070038  	RCALL	AddSubFP__funpack
;__Lib_MathDouble.c,709 :: 		
0x0394	0x754F84  	IOR.B	WREG10, WREG4, [WREG15]
;__Lib_MathDouble.c,710 :: 		
0x0396	0x060000  	RETURN
;__Lib_MathDouble.c,711 :: 		
AddSubFP__fPropagateNaN:
;__Lib_MathDouble.c,712 :: 		
0x0398	0xBE8002  	MOV.D	WREG2, WREG0
;__Lib_MathDouble.c,713 :: 		
0x039A	0xE15064  	CP	WREG10, #4
;__Lib_MathDouble.c,714 :: 		
0x039C	0x360005  	BRA LEU	AddSubFP_return0_1
;__Lib_MathDouble.c,715 :: 		
0x039E	0xE12064  	CP	WREG4, #4
;__Lib_MathDouble.c,716 :: 		
0x03A0	0x360002  	BRA LEU	AddSubFP_return8_1
;__Lib_MathDouble.c,717 :: 		
0x03A2	0xA36809  	BTST.Z	WREG9, #6
;__Lib_MathDouble.c,718 :: 		
0x03A4	0x3A0001  	BRA NZ	AddSubFP_return0_1
;__Lib_MathDouble.c,719 :: 		
AddSubFP_return8_1:
;__Lib_MathDouble.c,720 :: 		
0x03A6	0xBE8008  	MOV.D	WREG8, WREG0
;__Lib_MathDouble.c,721 :: 		
AddSubFP_return0_1:
;__Lib_MathDouble.c,722 :: 		
0x03A8	0xA8C002  	BSET	WREG1, #6
;__Lib_MathDouble.c,723 :: 		
AddSubFP__fbopExit:
;__Lib_MathDouble.c,724 :: 		
0x03AA	0x78064F  	MOV	[--WREG15], WREG12
;__Lib_MathDouble.c,725 :: 		
0x03AC	0xBE054F  	MOV.D	[--WREG15], WREG10
;__Lib_MathDouble.c,726 :: 		
0x03AE	0xBE044F  	MOV.D	[--WREG15], WREG8
;__Lib_MathDouble.c,727 :: 		
0x03B0	0x060000  	RETURN
;__Lib_MathDouble.c,728 :: 		
AddSubFP__fbopReturnNaN:
;__Lib_MathDouble.c,729 :: 		
0x03B2	0x2FFFF0  	MOV	#65535, WREG0
;__Lib_MathDouble.c,730 :: 		
0x03B4	0x27FFF1  	MOV	#32767, WREG1
;__Lib_MathDouble.c,731 :: 		
0x03B6	0x37FFF9  	BRA	AddSubFP__fbopExit
;__Lib_MathDouble.c,732 :: 		
AddSubFP__fpack:
;__Lib_MathDouble.c,733 :: 		
0x03B8	0x200081  	MOV	#8, WREG1
;__Lib_MathDouble.c,734 :: 		
0x03BA	0x558061  	SUB	WREG11, #1, WREG0
;__Lib_MathDouble.c,735 :: 		
0x03BC	0x3D000B  	BRA GE	AddSubFP_notsubnormal_1
;__Lib_MathDouble.c,736 :: 		
0x03BE	0x20000B  	MOV	#0, WREG11
;__Lib_MathDouble.c,737 :: 		
0x03C0	0x2FFE61  	MOV	#65510, WREG1
;__Lib_MathDouble.c,738 :: 		
0x03C2	0xE10001  	CP	WREG0, WREG1
;__Lib_MathDouble.c,739 :: 		
0x03C4	0x34001D  	BRA LE	AddSubFP_zerosig
;__Lib_MathDouble.c,740 :: 		
AddSubFP_subnormal_1:
;__Lib_MathDouble.c,741 :: 		
0x03C6	0x718182  	IOR	WREG3, WREG2, WREG3
;__Lib_MathDouble.c,742 :: 		
0x03C8	0x640161  	AND	WREG8, #1, WREG2
;__Lib_MathDouble.c,743 :: 		
0x03CA	0xD10489  	LSR	WREG9, WREG9
;__Lib_MathDouble.c,744 :: 		
0x03CC	0xD38408  	RRC	WREG8, WREG8
;__Lib_MathDouble.c,745 :: 		
0x03CE	0xE80000  	INC	WREG0, WREG0
;__Lib_MathDouble.c,746 :: 		
0x03D0	0x3AFFFA  	BRA NZ	AddSubFP_subnormal_1
;__Lib_MathDouble.c,747 :: 		
0x03D2	0x200071  	MOV	#7, WREG1
;__Lib_MathDouble.c,748 :: 		
AddSubFP_notsubnormal_1:
;__Lib_MathDouble.c,749 :: 		
0x03D4	0x640061  	AND	WREG8, #1, WREG0
;__Lib_MathDouble.c,750 :: 		
0x03D6	0x700003  	IOR	WREG0, WREG3, WREG0
;__Lib_MathDouble.c,751 :: 		
0x03D8	0x600002  	AND	WREG0, WREG2, WREG0
;__Lib_MathDouble.c,752 :: 		
0x03DA	0x320009  	BRA Z	AddSubFP_packupandgo
;__Lib_MathDouble.c,753 :: 		
0x03DC	0x440461  	ADD	WREG8, #1, WREG8
;__Lib_MathDouble.c,754 :: 		
0x03DE	0x4C84E0  	ADDC	WREG9, #0, WREG9
;__Lib_MathDouble.c,755 :: 		
0x03E0	0xA58809  	BTST.Z	WREG9, WREG1
;__Lib_MathDouble.c,756 :: 		
0x03E2	0x320005  	BRA Z	AddSubFP_packupandgo
;__Lib_MathDouble.c,757 :: 		
0x03E4	0xE8058B  	INC	WREG11, WREG11
;__Lib_MathDouble.c,758 :: 		
0x03E6	0xE10868  	CP	WREG1, #8
;__Lib_MathDouble.c,759 :: 		
0x03E8	0x3A0002  	BRA NZ	AddSubFP_packupandgo
;__Lib_MathDouble.c,760 :: 		
0x03EA	0xD10489  	LSR	WREG9, WREG9
;__Lib_MathDouble.c,761 :: 		
0x03EC	0xD38408  	RRC	WREG8, WREG8
;__Lib_MathDouble.c,762 :: 		
AddSubFP_packupandgo:
;__Lib_MathDouble.c,763 :: 		
0x03EE	0x200FF2  	MOV	#255, WREG2
;__Lib_MathDouble.c,764 :: 		
0x03F0	0xE15802  	CP	WREG11, WREG2
;__Lib_MathDouble.c,765 :: 		
0x03F2	0x3D0005  	BRA GE	AddSubFP_overflow
;__Lib_MathDouble.c,766 :: 		
0x03F4	0xDD5DC7  	SL	WREG11, #7, WREG11
;__Lib_MathDouble.c,767 :: 		
0x03F6	0xB207F9  	AND	#127, WREG9
;__Lib_MathDouble.c,768 :: 		
0x03F8	0x758089  	IOR	WREG11, WREG9, WREG1
;__Lib_MathDouble.c,769 :: 		
0x03FA	0x880008  	MOV	WREG8, WREG0
;__Lib_MathDouble.c,770 :: 		
0x03FC	0x060000  	RETURN
;__Lib_MathDouble.c,771 :: 		
AddSubFP_overflow:
;__Lib_MathDouble.c,772 :: 		
0x03FE	0x27F80B  	MOV	#32640, WREG11
;__Lib_MathDouble.c,773 :: 		
AddSubFP_zerosig:
;__Lib_MathDouble.c,774 :: 		
0x0400	0x88001B  	MOV	WREG11, WREG1
;__Lib_MathDouble.c,775 :: 		
0x0402	0x050000  	RETLW	#0, WREG0
;__Lib_MathDouble.c,776 :: 		
AddSubFP__funpack:
;__Lib_MathDouble.c,777 :: 		
0x0404	0xDE0AC7  	LSR	WREG1, #7, WREG5
;__Lib_MathDouble.c,778 :: 		
0x0406	0xB207F1  	AND	#127, WREG1
;__Lib_MathDouble.c,779 :: 		
0x0408	0xB20FF5  	AND	#255, WREG5
;__Lib_MathDouble.c,780 :: 		
0x040A	0x320008  	BRA Z	AddSubFP_zeroorsub
;__Lib_MathDouble.c,781 :: 		
0x040C	0x42CFE1  	ADD.B	WREG5, #1, [WREG15]
;__Lib_MathDouble.c,782 :: 		
0x040E	0x320002  	BRA Z	AddSubFP_nanorinf
;__Lib_MathDouble.c,783 :: 		
AddSubFP_finitereturn:
;__Lib_MathDouble.c,784 :: 		
0x0410	0xA8E002  	BSET	WREG1, #7
;__Lib_MathDouble.c,785 :: 		
0x0412	0x050024  	RETLW	#2, WREG4
;__Lib_MathDouble.c,786 :: 		
AddSubFP_nanorinf:
;__Lib_MathDouble.c,787 :: 		
0x0414	0x700F81  	IOR	WREG0, WREG1, [WREG15]
;__Lib_MathDouble.c,788 :: 		
0x0416	0x320001  	BRA Z	AddSubFP_infinite
;__Lib_MathDouble.c,789 :: 		
0x0418	0x050804  	RETLW	#128, WREG4
;__Lib_MathDouble.c,790 :: 		
AddSubFP_infinite:
;__Lib_MathDouble.c,791 :: 		
0x041A	0x050044  	RETLW	#4, WREG4
;__Lib_MathDouble.c,792 :: 		
AddSubFP_zeroorsub:
;__Lib_MathDouble.c,793 :: 		
0x041C	0x700F81  	IOR	WREG0, WREG1, [WREG15]
;__Lib_MathDouble.c,794 :: 		
0x041E	0x3A0002  	BRA NZ	AddSubFP_subnormal_2
;__Lib_MathDouble.c,795 :: 		
0x0420	0x050014  	RETLW	#1, WREG4
;__Lib_MathDouble.c,796 :: 		
AddSubFP_normalize:
;__Lib_MathDouble.c,797 :: 		
0x0422	0xE90285  	DEC	WREG5, WREG5
;__Lib_MathDouble.c,798 :: 		
AddSubFP_subnormal_2:
;__Lib_MathDouble.c,799 :: 		
0x0424	0x400000  	ADD	WREG0, WREG0, WREG0
;__Lib_MathDouble.c,800 :: 		
0x0426	0x48C081  	ADDC.B	WREG1, WREG1, WREG1
;__Lib_MathDouble.c,801 :: 		
0x0428	0x3BFFFC  	BRA NN	AddSubFP_normalize
;__Lib_MathDouble.c,802 :: 		
0x042A	0xA8E002  	BSET	WREG1, #7
;__Lib_MathDouble.c,803 :: 		
0x042C	0x050024  	RETLW	#2, WREG4
;__Lib_MathDouble.c,806 :: 		
the_end__AddSub_FP:
;__Lib_MathDouble.c,809 :: 		
L_end__AddSub_FP:
0x042E	0xFA8000  	ULNK
0x0430	0x060000  	RETURN
; end of __AddSub_FP
__Float2Longint:
0x0432	0xFA0000  	LNK	#0
;__Lib_MathDouble.c,479 :: 		
;__Lib_MathDouble.c,481 :: 		
0x0434	0x070002  	RCALL	Float2Longint__fixsfsi
;__Lib_MathDouble.c,482 :: 		
0x0436	0x0000000404A6  	GOTO	the_end__Float2Longint
;__Lib_MathDouble.c,486 :: 		
Float2Longint__fixsfsi:
;__Lib_MathDouble.c,487 :: 		
0x043A	0xBE8100  	MOV.D	WREG0, WREG2
;__Lib_MathDouble.c,488 :: 		
0x043C	0x07001F  	RCALL	Float2Longint__funpack
;__Lib_MathDouble.c,489 :: 		
0x043E	0xA77004  	BTSC	WREG4, #7
;__Lib_MathDouble.c,490 :: 		
0x0440	0xA1F003  	BCLR	WREG3, #15
;__Lib_MathDouble.c,491 :: 		
0x0442	0xB10965  	SUB	#150, WREG5
;__Lib_MathDouble.c,492 :: 		
0x0444	0x320016  	BRA Z	Float2Longint_setsign
;__Lib_MathDouble.c,493 :: 		
0x0446	0x35000D  	BRA LT	Float2Longint_shiftright
;__Lib_MathDouble.c,494 :: 		
0x0448	0xE12868  	CP	WREG5, #8
;__Lib_MathDouble.c,495 :: 		
0x044A	0x350006  	BRA LT	Float2Longint_shiftleft
;__Lib_MathDouble.c,496 :: 		
0x044C	0x2FFFF0  	MOV	#65535, WREG0
;__Lib_MathDouble.c,497 :: 		
0x044E	0x27FFF1  	MOV	#32767, WREG1
;__Lib_MathDouble.c,498 :: 		
0x0450	0xE20006  	CP0	WREG3
;__Lib_MathDouble.c,499 :: 		
0x0452	0x3B0013  	BRA NN	Float2Longint_exit
;__Lib_MathDouble.c,500 :: 		
0x0454	0x280001  	MOV	#32768, WREG1
;__Lib_MathDouble.c,501 :: 		
0x0456	0x050000  	RETLW	#0, WREG0
;__Lib_MathDouble.c,502 :: 		
Float2Longint_shiftleft:
;__Lib_MathDouble.c,503 :: 		
0x0458	0x400000  	ADD	WREG0, WREG0, WREG0
;__Lib_MathDouble.c,504 :: 		
0x045A	0x488081  	ADDC	WREG1, WREG1, WREG1
;__Lib_MathDouble.c,505 :: 		
0x045C	0xE90285  	DEC	WREG5, WREG5
;__Lib_MathDouble.c,506 :: 		
0x045E	0x3AFFFC  	BRA NZ	Float2Longint_shiftleft
;__Lib_MathDouble.c,507 :: 		
0x0460	0x370008  	BRA	Float2Longint_setsign
;__Lib_MathDouble.c,508 :: 		
Float2Longint_shiftright:
;__Lib_MathDouble.c,509 :: 		
0x0462	0x428FF8  	ADD	WREG5, #24, [WREG15]
;__Lib_MathDouble.c,510 :: 		
0x0464	0x3C0002  	BRA GT	Float2Longint_shiftrightloop
;__Lib_MathDouble.c,511 :: 		
0x0466	0xEB0080  	CLR	WREG1
;__Lib_MathDouble.c,512 :: 		
0x0468	0x050000  	RETLW	#0, WREG0
;__Lib_MathDouble.c,513 :: 		
Float2Longint_shiftrightloop:
;__Lib_MathDouble.c,514 :: 		
0x046A	0xD10081  	LSR	WREG1, WREG1
;__Lib_MathDouble.c,515 :: 		
0x046C	0xD38000  	RRC	WREG0, WREG0
;__Lib_MathDouble.c,516 :: 		
0x046E	0xE80285  	INC	WREG5, WREG5
;__Lib_MathDouble.c,517 :: 		
0x0470	0x3AFFFC  	BRA NZ	Float2Longint_shiftrightloop
;__Lib_MathDouble.c,518 :: 		
Float2Longint_setsign:
;__Lib_MathDouble.c,519 :: 		
0x0472	0xE20006  	CP0	WREG3
;__Lib_MathDouble.c,520 :: 		
0x0474	0x3B0002  	BRA NN	Float2Longint_exit
;__Lib_MathDouble.c,521 :: 		
0x0476	0x100060  	SUBR	WREG0, #0, WREG0
;__Lib_MathDouble.c,522 :: 		
0x0478	0x1880E0  	SUBBR	WREG1, #0, WREG1
;__Lib_MathDouble.c,523 :: 		
Float2Longint_exit:
;__Lib_MathDouble.c,524 :: 		
0x047A	0x060000  	RETURN
;__Lib_MathDouble.c,525 :: 		
Float2Longint__funpack:
;__Lib_MathDouble.c,526 :: 		
0x047C	0xDE0AC7  	LSR	WREG1, #7, WREG5
;__Lib_MathDouble.c,527 :: 		
0x047E	0xB207F1  	AND	#127, WREG1
;__Lib_MathDouble.c,528 :: 		
0x0480	0xB20FF5  	AND	#255, WREG5
;__Lib_MathDouble.c,529 :: 		
0x0482	0x320008  	BRA Z	Float2Longint_zeroorsub
;__Lib_MathDouble.c,530 :: 		
0x0484	0x42CFE1  	ADD.B	WREG5, #1, [WREG15]
;__Lib_MathDouble.c,531 :: 		
0x0486	0x320002  	BRA Z	Float2Longint_nanorinf
;__Lib_MathDouble.c,532 :: 		
Float2Longint_finitereturn:
;__Lib_MathDouble.c,533 :: 		
0x0488	0xA8E002  	BSET	WREG1, #7
;__Lib_MathDouble.c,534 :: 		
0x048A	0x050024  	RETLW	#2, WREG4
;__Lib_MathDouble.c,535 :: 		
Float2Longint_nanorinf:
;__Lib_MathDouble.c,536 :: 		
0x048C	0x700F81  	IOR	WREG0, WREG1, [WREG15]
;__Lib_MathDouble.c,537 :: 		
0x048E	0x320001  	BRA Z	Float2Longint_infinite
;__Lib_MathDouble.c,538 :: 		
0x0490	0x050804  	RETLW	#128, WREG4
;__Lib_MathDouble.c,539 :: 		
Float2Longint_infinite:
;__Lib_MathDouble.c,540 :: 		
0x0492	0x050044  	RETLW	#4, WREG4
;__Lib_MathDouble.c,541 :: 		
Float2Longint_zeroorsub:
;__Lib_MathDouble.c,542 :: 		
0x0494	0x700F81  	IOR	WREG0, WREG1, [WREG15]
;__Lib_MathDouble.c,543 :: 		
0x0496	0x3A0002  	BRA NZ	Float2Longint_subnormal
;__Lib_MathDouble.c,544 :: 		
0x0498	0x050014  	RETLW	#1, WREG4
;__Lib_MathDouble.c,545 :: 		
Float2Longint_normalize:
;__Lib_MathDouble.c,546 :: 		
0x049A	0xE90285  	DEC	WREG5, WREG5
;__Lib_MathDouble.c,547 :: 		
Float2Longint_subnormal:
;__Lib_MathDouble.c,548 :: 		
0x049C	0x400000  	ADD	WREG0, WREG0, WREG0
;__Lib_MathDouble.c,549 :: 		
0x049E	0x48C081  	ADDC.B	WREG1, WREG1, WREG1
;__Lib_MathDouble.c,550 :: 		
0x04A0	0x3BFFFC  	BRA NN	Float2Longint_normalize
;__Lib_MathDouble.c,551 :: 		
0x04A2	0xA8E002  	BSET	WREG1, #7
;__Lib_MathDouble.c,552 :: 		
0x04A4	0x050024  	RETLW	#2, WREG4
;__Lib_MathDouble.c,555 :: 		
the_end__Float2Longint:
;__Lib_MathDouble.c,557 :: 		
L_end__Float2Longint:
0x04A6	0xFA8000  	ULNK
0x04A8	0x060000  	RETURN
; end of __Float2Longint
0x08C8	0x208001  	MOV	#lo_addr(_x1), WREG1
0x08CA	0x280000  	MOV	#32768, WREG0
0x08CC	0x090007  	REPEAT	#7
0x08CE	0x7818B0  	MOV	[WREG0++], [WREG1++]
0x08D0	0x060000  	RETURN
;project.c,0 :: ?ICS_x1 [4]
0x8000	0x0000 ;?ICS_x1+0
0x8002	0x0000 ;?ICS_x1+2
; end of ?ICS_x1
;project.c,0 :: ?ICS_x [4]
0x8004	0x0000 ;?ICS_x+0
0x8006	0x0000 ;?ICS_x+2
; end of ?ICS_x
;project.c,0 :: ?ICS_dx [4]
0x8008	0x0000 ;?ICS_dx+0
0x800A	0x3F80 ;?ICS_dx+2
; end of ?ICS_dx
;project.c,0 :: ?ICS_y [4]
0x800C	0x0000 ;?ICS_y+0
0x800E	0x0000 ;?ICS_y+2
; end of ?ICS_y
Symbol List:
//** Routines locations **
//ADDRESS    SIZE    PROCEDURE
//----------------------------------------------
0x0100      [10]    _Delay_10us
0x010A      [44]    _Glcd_Set_X
0x0136      [26]    _Glcd_Set_Page
0x0150      [28]    _Glcd_Set_Side
0x016C      [16]    _Glcd_Write_Data
0x017C     [126]    _Glcd_Read_Data
0x01FA     [114]    __Compare_Fp
0x026C       [6]    _Delay_1us
0x0272      [14]    __Lib_Glcd_Strobe
0x0280      [70]    __Lib_Glcd_Write_To_Pins
0x02C6     [364]    __AddSub_FP
0x0432     [120]    __Float2Longint
0x04AA     [282]    __Mul_FP
0x05C4     [310]    __Div_FP
0x06FA      [78]    _Glcd_Fill
0x0748      [86]    _Glcd_Init
0x079E      [10]    __Compare_Le_Fp
0x07A8     [128]    _Glcd_Dot
0x0828     [160]    _main
//** Variables locations ** 
//ADDRESS    SIZE    VARIABLE
//----------------------------------------------
0x02D2       [0]    GLCD_D1_Direction
0x02D2       [0]    GLCD_D2_Direction
0x02D2       [0]    GLCD_D3_Direction
0x02D2       [0]    GLCD_D0_Direction
0x02D6       [0]    GLCD_D5
0x02D6       [0]    GLCD_D6
0x02D6       [0]    GLCD_D7
0x02D2       [0]    GLCD_D4_Direction
0x02CA       [0]    GLCD_RS
0x02CA       [0]    GLCD_EN
0x02CA       [0]    GLCD_RW
0x02D2       [0]    GLCD_D5_Direction
0x02D2       [0]    GLCD_D6_Direction
0x02D2       [0]    GLCD_D7_Direction
0x02C6       [0]    GLCD_RS_Direction
0x02C6       [0]    GLCD_EN_Direction
0x02C6       [0]    GLCD_RST_Direction
0x02C6       [0]    GLCD_RW_Direction
0x02CA       [0]    GLCD_RST
0x02C6       [0]    GLCD_CS2_Direction
0x02C6       [0]    GLCD_CS1_Direction
0x0810       [1]    __Lib_Glcd_FontInitialized
0x02D6       [0]    GLCD_D2
0x02D6       [0]    GLCD_D3
0x02D6       [0]    GLCD_D4
0x02D6       [0]    GLCD_D1
0x02CA       [0]    GLCD_CS2
0x02CA       [0]    GLCD_CS1
0x02D6       [0]    GLCD_D0
0x02CA       [0]    LATB5_bit
0x02CA       [0]    LATB4_bit
0x02CA       [0]    LATB6_bit
0x02CA       [0]    LATB2_bit
0x02D2       [0]    TRISD6_bit
0x02D2       [0]    TRISD7_bit
0x02CA       [0]    LATB3_bit
0x02D6       [0]    LATD0_bit
0x02D6       [0]    LATD5_bit
0x02D6       [0]    LATD6_bit
0x02D6       [0]    LATD7_bit
0x02D6       [0]    LATD4_bit
0x02D6       [0]    LATD1_bit
0x02D6       [0]    LATD2_bit
0x02D6       [0]    LATD3_bit
0x02C6       [0]    TRISB2_bit
0x02C6       [0]    TRISB5_bit
0x02C6       [0]    TRISB4_bit
0x02C6       [0]    TRISB3_bit
0x02CA       [0]    LATB7_bit
0x02C6       [0]    TRISB6_bit
0x02D2       [0]    TRISD3_bit
0x02D2       [0]    TRISD4_bit
0x02D2       [0]    TRISD5_bit
0x02D2       [0]    TRISD2_bit
0x02C6       [0]    TRISB7_bit
0x02D2       [0]    TRISD0_bit
0x02D2       [0]    TRISD1_bit
0x0800       [4]    _x1
0x0804       [4]    _x
0x0808       [4]    _dx
0x080C       [4]    _y
0x0020       [2]    SPLIM
0x0022       [2]    ACCAL
0x0024       [2]    ACCAH
0x0026       [2]    ACCAU
0x0028       [2]    ACCBL
0x002A       [2]    ACCBH
0x002C       [2]    ACCBU
0x002E       [2]    PCL
0x0030       [2]    PCH
0x0032       [2]    TBLPAG
0x0034       [2]    PSVPAG
0x0036       [2]    RCOUNT
0x0038       [2]    DCOUNT
0x003A       [2]    DOSTARTL
0x003C       [2]    DOSTARTH
0x003E       [2]    DOENDL
0x0040       [2]    DOENDH
0x0042       [2]    SR
0x0044       [2]    CORCON
0x0046       [2]    MODCON
0x0048       [2]    XMODSRT
0x004A       [2]    XMODEND
0x004C       [2]    YMODSRT
0x004E       [2]    YMODEND
0x0050       [2]    XBREV
0x0052       [2]    DISICNT
0x0080       [2]    INTCON1
0x0082       [2]    INTCON2
0x0084       [2]    IFS0
0x0086       [2]    IFS1
0x0088       [2]    IFS2
0x008C       [2]    IEC0
0x008E       [2]    IEC1
0x0090       [2]    IEC2
0x0094       [2]    IPC0
0x0096       [2]    IPC1
0x0098       [2]    IPC2
0x009A       [2]    IPC3
0x009C       [2]    IPC4
0x009E       [2]    IPC5
0x00A0       [2]    IPC6
0x00A2       [2]    IPC7
0x00A4       [2]    IPC8
0x00A6       [2]    IPC9
0x00A8       [2]    IPC10
0x00B0       [2]    INTTREG
0x00C0       [2]    CNEN1
0x00C2       [2]    CNEN2
0x00C4       [2]    CNPU1
0x00C6       [2]    CNPU2
0x0100       [2]    TMR1
0x0102       [2]    PR1
0x0104       [2]    T1CON
0x0106       [2]    TMR2
0x0108       [2]    TMR3HLD
0x0014       [1]    FARG_Glcd_Set_X_x_pos
0x010A       [2]    TMR3
0x010C       [2]    PR2
0x010E       [2]    PR3
0x0110       [2]    T2CON
0x0112       [2]    T3CON
0x0114       [2]    TMR4
0x0116       [2]    TMR5HLD
0x0118       [2]    TMR5
0x011A       [2]    PR4
0x011C       [2]    PR5
0x011E       [2]    T4CON
0x0120       [2]    T5CON
0x0014       [1]    FARG_Glcd_Set_Page_page
0x0140       [2]    IC1BUF
0x0142       [2]    IC1CON
0x0144       [2]    IC2BUF
0x0146       [2]    IC2CON
0x0148       [2]    IC3BUF
0x014A       [2]    IC3CON
0x014C       [2]    IC4BUF
0x014E       [2]    IC4CON
0x0150       [2]    IC5BUF
0x0014       [1]    FARG_Glcd_Set_Side_x_pos
0x0152       [2]    IC5CON
0x0154       [2]    IC6BUF
0x0156       [2]    IC6CON
0x0158       [2]    IC7BUF
0x015A       [2]    IC7CON
0x015C       [2]    IC8BUF
0x015E       [2]    IC8CON
0x0014       [1]    FARG_Glcd_Write_Data_ddata
0x0180       [2]    OC1RS
0x0182       [2]    OC1R
0x0184       [2]    OC1CON
0x0186       [2]    OC2RS
0x0188       [2]    OC2R
0x018A       [2]    OC2CON
0x018C       [2]    OC3RS
0x018E       [2]    OC3R
0x0190       [2]    OC3CON
0x0192       [2]    OC4RS
0x0194       [2]    OC4R
0x0196       [2]    OC4CON
0x0198       [2]    OC5RS
0x019A       [2]    OC5R
0x019C       [2]    OC5CON
0x019E       [2]    OC6RS
0x01A0       [2]    OC6R
0x01A2       [2]    OC6CON
0x01A4       [2]    OC7RS
0x01A6       [2]    OC7R
0x01A8       [2]    OC7CON
0x01AA       [2]    OC8RS
0x01AC       [2]    OC8R
0x01AE       [2]    OC8CON
0x0200       [2]    I2CRCV
0x0202       [2]    I2CTRN
0x0204       [2]    I2CBRG
0x0206       [2]    I2CCON
0x0208       [2]    I2CSTAT
0x020A       [2]    I2CADD
0x020C       [2]    U1MODE
0x020E       [2]    U1STA
0x0210       [2]    U1TXREG
0x0212       [2]    U1RXREG
0x0214       [2]    U1BRG
0x0216       [2]    U2MODE
0x0218       [2]    U2STA
0x021A       [2]    U2TXREG
0x021C       [2]    U2RXREG
0x021E       [2]    U2BRG
0x0220       [2]    SPI1STAT
0x0222       [2]    SPI1CON
0x0224       [2]    SPI1BUF
0x0226       [2]    SPI2STAT
0x0228       [2]    SPI2CON
0x022A       [2]    SPI2BUF
0x0240       [2]    DCICON1
0x0242       [2]    DCICON2
0x0244       [2]    DCICON3
0x0246       [2]    DCISTAT
0x0248       [2]    TSCON
0x024C       [2]    RSCON
0x0250       [2]    RXBUF0
0x0252       [2]    RXBUF1
0x0254       [2]    RXBUF2
0x0256       [2]    RXBUF3
0x0258       [2]    TXBUF0
0x025A       [2]    TXBUF1
0x025C       [2]    TXBUF2
0x025E       [2]    TXBUF3
0x0280       [2]    ADCBUF0
0x0014       [1]    FARG___Lib_Glcd_Write_To_Pins_ddata
0x0282       [2]    ADCBUF1
0x0284       [2]    ADCBUF2
0x0286       [2]    ADCBUF3
0x0288       [2]    ADCBUF4
0x028A       [2]    ADCBUF5
0x028C       [2]    ADCBUF6
0x028E       [2]    ADCBUF7
0x0290       [2]    ADCBUF8
0x0292       [2]    ADCBUF9
0x0294       [2]    ADCBUFA
0x0296       [2]    ADCBUFB
0x0298       [2]    ADCBUFC
0x029A       [2]    ADCBUFD
0x029C       [2]    ADCBUFE
0x029E       [2]    ADCBUFF
0x02A0       [2]    ADCON1
0x02A2       [2]    ADCON2
0x02A4       [2]    ADCON3
0x02A6       [2]    ADCHS
0x02A8       [2]    ADPCFG
0x02AA       [2]    ADCSSL
0x02C0       [2]    TRISA
0x02C2       [2]    PORTA
0x02C4       [2]    LATA
0x02C6       [2]    TRISB
0x02C8       [2]    PORTB
0x02CA       [2]    LATB
0x02CC       [2]    TRISC
0x02CE       [2]    PORTC
0x02D0       [2]    LATC
0x02D2       [2]    TRISD
0x02D4       [2]    PORTD
0x02D6       [2]    LATD
0x02DE       [2]    TRISF
0x02E0       [2]    PORTF
0x02E2       [2]    LATF
0x02E4       [2]    TRISG
0x02E6       [2]    PORTG
0x02E8       [2]    LATG
0x0300       [2]    C1RXF0SID
0x0302       [2]    C1RXF0EIDH
0x0304       [2]    C1RXF0EIDL
0x0308       [2]    C1RXF1SID
0x030A       [2]    C1RXF1EIDH
0x030C       [2]    C1RXF1EIDL
0x0310       [2]    C1RXF2SID
0x0312       [2]    C1RXF2EIDH
0x0314       [2]    C1RXF2EIDL
0x0318       [2]    C1RXF3SID
0x031A       [2]    C1RXF3EIDH
0x031C       [2]    C1RXF3EIDL
0x0320       [2]    C1RXF4SID
0x0322       [2]    C1RXF4EIDH
0x0324       [2]    C1RXF4EIDL
0x0328       [2]    C1RXF5SID
0x032A       [2]    C1RXF5EIDH
0x032C       [2]    C1RXF5EIDL
0x0330       [2]    C1RXM0SID
0x0332       [2]    C1RXM0EIDH
0x0334       [2]    C1RXM0EIDL
0x0338       [2]    C1RXM1SID
0x033A       [2]    C1RXM1EIDH
0x033C       [2]    C1RXM1EIDL
0x0340       [2]    C1TX2SID
0x0342       [2]    C1TX2EID
0x0344       [2]    C1TX2DLC
0x0346       [2]    C1TX2B1
0x0348       [2]    C1TX2B2
0x034A       [2]    C1TX2B3
0x034C       [2]    C1TX2B4
0x034E       [2]    C1TX2CON
0x0350       [2]    C1TX1SID
0x0352       [2]    C1TX1EID
0x0354       [2]    C1TX1DLC
0x0356       [2]    C1TX1B1
0x0358       [2]    C1TX1B2
0x035A       [2]    C1TX1B3
0x035C       [2]    C1TX1B4
0x035E       [2]    C1TX1CON
0x0360       [2]    C1TX0SID
0x0362       [2]    C1TX0EID
0x0364       [2]    C1TX0DLC
0x0366       [2]    C1TX0B1
0x0368       [2]    C1TX0B2
0x036A       [2]    C1TX0B3
0x036C       [2]    C1TX0B4
0x036E       [2]    C1TX0CON
0x0370       [2]    C1RX1SID
0x0372       [2]    C1RX1EID
0x0374       [2]    C1RX1DLC
0x0376       [2]    C1RX1B1
0x0378       [2]    C1RX1B2
0x037A       [2]    C1RX1B3
0x037C       [2]    C1RX1B4
0x037E       [2]    C1RX1CON
0x0380       [2]    C1RX0SID
0x0382       [2]    C1RX0EID
0x0384       [2]    C1RX0DLC
0x0386       [2]    C1RX0B1
0x0388       [2]    C1RX0B2
0x038A       [2]    C1RX0B3
0x038C       [2]    C1RX0B4
0x038E       [2]    C1RX0CON
0x0390       [2]    C1CTRL
0x0392       [2]    C1CFG1
0x0394       [2]    C1CFG2
0x0396       [2]    C1INTF
0x0398       [2]    C1INTE
0x039A       [2]    C1EC
0x039A       [2]    C1RERRCNT
0x03C0       [2]    C2RXF0SID
0x03C2       [2]    C2RXF0EIDH
0x03C4       [2]    C2RXF0EIDL
0x03C8       [2]    C2RXF1SID
0x03CA       [2]    C2RXF1EIDH
0x03CC       [2]    C2RXF1EIDL
0x03D0       [2]    C2RXF2SID
0x03D2       [2]    C2RXF2EIDH
0x03D4       [2]    C2RXF2EIDL
0x03D8       [2]    C2RXF3SID
0x03DA       [2]    C2RXF3EIDH
0x03DC       [2]    C2RXF3EIDL
0x03E0       [2]    C2RXF4SID
0x03E2       [2]    C2RXF4EIDH
0x03E4       [2]    C2RXF4EIDL
0x03E8       [2]    C2RXF5SID
0x03EA       [2]    C2RXF5EIDH
0x03EC       [2]    C2RXF5EIDL
0x03F0       [2]    C2RXM0SID
0x03F2       [2]    C2RXM0EIDH
0x03F4       [2]    C2RXM0EIDL
0x03F8       [2]    C2RXM1SID
0x03FA       [2]    C2RXM1EIDH
0x03FC       [2]    C2RXM1EIDL
0x0400       [2]    C2TX2SID
0x0402       [2]    C2TX2EID
0x0404       [2]    C2TX2DLC
0x0406       [2]    C2TX2B1
0x0408       [2]    C2TX2B2
0x040A       [2]    C2TX2B3
0x040C       [2]    C2TX2B4
0x040E       [2]    C2TX2CON
0x0410       [2]    C2TX1SID
0x0412       [2]    C2TX1EID
0x0414       [2]    C2TX1DLC
0x0416       [2]    C2TX1B1
0x0418       [2]    C2TX1B2
0x041A       [2]    C2TX1B3
0x041C       [2]    C2TX1B4
0x041E       [2]    C2TX1CON
0x0420       [2]    C2TX0SID
0x0422       [2]    C2TX0EID
0x0424       [2]    C2TX0DLC
0x0426       [2]    C2TX0B1
0x0428       [2]    C2TX0B2
0x042A       [2]    C2TX0B3
0x042C       [2]    C2TX0B4
0x042E       [2]    C2TX0CON
0x0430       [2]    C2RX1SID
0x0432       [2]    C2RX1EID
0x0434       [2]    C2RX1DLC
0x0436       [2]    C2RX1B1
0x0438       [2]    C2RX1B2
0x043A       [2]    C2RX1B3
0x043C       [2]    C2RX1B4
0x043E       [2]    C2RX1CON
0x0440       [2]    C2RX0SID
0x0442       [2]    C2RX0EID
0x0444       [2]    C2RX0DLC
0x0446       [2]    C2RX0B1
0x0448       [2]    C2RX0B2
0x044A       [2]    C2RX0B3
0x044C       [2]    C2RX0B4
0x044E       [2]    C2RX0CON
0x0450       [2]    C2CTRL
0x0452       [2]    C2CFG1
0x0454       [2]    C2CFG2
0x0456       [2]    C2INTF
0x0458       [2]    C2INTE
0x045A       [2]    C2RERRCNT
0x045A       [2]    C2EC
0x0014       [1]    FARG_Glcd_Fill_pattern
0x0740       [2]    RCON
0x0742       [2]    OSCCON
0x0744       [2]    OSCTUN
0x0760       [2]    NVMCON
0x0762       [2]    NVMADR
0x0764       [2]    NVMADRU
0x0766       [2]    NVMKEY
0x0770       [2]    PMD1
0x0772       [2]    PMD2
0x0774       [2]    PMD3
0x0014       [1]    FARG_Glcd_Dot_x_pos
0x0016       [1]    FARG_Glcd_Dot_y_pos
0x0018       [1]    FARG_Glcd_Dot_color
//** Constants locations ** 
//ADDRESS    SIZE    CONSTANT
//----------------------------------------------
0x8000       [4]    ?ICS_x1
0x8004       [4]    ?ICS_x
0x8008       [4]    ?ICS_dx
0x800C       [4]    ?ICS_y
//** Label List: ** 
//----------------------------------------------
  L_main0
  L_main1
  L_main2
  L_main3
  L_main4
  L_end_main
  _main
  L__main7
  L__main8
  L__main9
  Delay_Cyc_loop
  Delay_Cyc_rez
  Label1
  Label2
  Delay_Cyc_loop
  Delay_Cyc_rem
  L_VDelay_ms3
  L_VDelay_ms4
  Label1
  Label2
  Delay_Cyc_loop
  Delay_Cyc_rem
  L_VDelay_Advanced_ms7
  L_VDelay_Advanced_ms8
  Label1
  Label2
  Delay_Cyc_loop
  Delay_Cyc_rem
  L_Delay_10us11
  L_Delay_22us13
  L_Delay_50us15
  L_Delay_80us17
  L_Delay_500us19
  L_Delay_5500us21
  L_Delay_1ms23
  L_Delay_5ms25
  L_Delay_8ms27
  L_Delay_10ms29
  L_Delay_100ms31
  L_Delay_1sec33
  L_end_Get_Fosc_kHz
  _Get_Fosc_kHz
  L_end_Get_Fosc_Per_Cyc
  _Get_Fosc_Per_Cyc
  L_end_Delay_Cyc
  _Delay_Cyc
  L_end_Delay_Cyc_Long
  _Delay_Cyc_Long
  L_end_VDelay_ms
  _VDelay_ms
  L_end_VDelay_Advanced_ms
  _VDelay_Advanced_ms
  L_end_Delay_W0
  _Delay_W0
  L_end_Delay_1us
  _Delay_1us
  L_end_Delay_10us
  _Delay_10us
  L_end_Delay_22us
  _Delay_22us
  L_end_Delay_50us
  _Delay_50us
  L_end_Delay_80us
  _Delay_80us
  L_end_Delay_500us
  _Delay_500us
  L_end_Delay_5500us
  _Delay_5500us
  L_end_Delay_1ms
  _Delay_1ms
  L_end_Delay_5ms
  _Delay_5ms
  L_end_Delay_8ms
  _Delay_8ms
  L_end_Delay_10ms
  _Delay_10ms
  L_end_Delay_100ms
  _Delay_100ms
  L_end_Delay_1sec
  _Delay_1sec
  L_Glcd_Set_Side0
  L_Glcd_Set_Side1
  L_Glcd_Fill2
  L_Glcd_Fill3
  L_Glcd_Fill4
  L_Glcd_Fill5
  L_Glcd_Fill6
  L_Glcd_Fill7
  L_Glcd_Fill8
  L_Glcd_Fill9
  L_Glcd_Fill10
  L_Glcd_Fill11
  L_Glcd_Fill12
  L_Glcd_Fill13
  L_Glcd_Write_Char14
  L_Glcd_Write_Char15
  L_Glcd_Write_Char16
  L_Glcd_Write_Char17
  L_Glcd_Write_Char18
  L_Glcd_Write_Char19
  L_Glcd_Write_Char20
  L_Glcd_Write_Char21
  L_Glcd_Write_Char22
  L_Glcd_Write_Char23
  L_Glcd_Write_Char24
  L_Glcd_Write_Char25
  L_Glcd_Write_Char26
  L_Glcd_Write_Char27
  L_Glcd_Write_Text28
  L_Glcd_Write_Text29
  L_Glcd_Write_Text30
  L_Glcd_Dot31
  L_Glcd_Dot32
  L_Glcd_Dot33
  L_Glcd_Dot34
  L_Glcd_Dot35
  L_Glcd_Dot36
  L_Glcd_Dot37
  L_Glcd_Dot38
  L_Glcd_Line39
  L_Glcd_Line40
  L_Glcd_Line41
  L_Glcd_Line42
  L_Glcd_Line43
  L_Glcd_Line44
  L_Glcd_Line45
  L_Glcd_Line46
  L_Glcd_Line47
  L_Glcd_Line48
  L_Glcd_Line49
  L_Glcd_Line50
  L_Glcd_Line51
  L_Glcd_Line52
  L_Glcd_Line53
  L_Glcd_Line54
  L_Glcd_Line55
  L_Glcd_Line56
  L_Glcd_Line57
  L_Glcd_Line58
  L_Glcd_H_Line59
  L_Glcd_H_Line60
  L_Glcd_H_Line61
  L_Glcd_H_Line62
  L_Glcd_H_Line63
  L_Glcd_H_Line64
  L_Glcd_H_Line65
  L_Glcd_H_Line66
  L_Glcd_H_Line67
  L_Glcd_H_Line68
  L_Glcd_V_Line69
  L_Glcd_V_Line70
  L_Glcd_V_Line71
  L_Glcd_V_Line72
  L_Glcd_V_Line73
  L_Glcd_V_Line74
  L_Glcd_V_Line75
  L_Glcd_V_Line76
  L_Glcd_V_Line77
  L_Glcd_V_Line78
  L_Glcd_Circle79
  L_Glcd_Circle80
  L_Glcd_Circle81
  L_Glcd_Circle82
  L_Glcd_Circle_Fill83
  L_Glcd_Circle_Fill84
  L_Glcd_Circle_Fill85
  L_Glcd_Circle_Fill86
  L_Glcd_Circle_Fill87
  L_Glcd_Circle_Fill88
  L_Glcd_Image89
  L_Glcd_Image90
  L_Glcd_Image91
  L_Glcd_Image92
  L_Glcd_Image93
  L_Glcd_Image94
  L_Glcd_Image95
  L_Glcd_Image96
  L_Glcd_Rectangle_Round_Edges97
  L_Glcd_Rectangle_Round_Edges98
  L_Glcd_Rectangle_Round_Edges99
  L_Glcd_Rectangle_Round_Edges100
  L_Glcd_Rectangle_Round_Edges101
  L_Glcd_Rectangle_Round_Edges102
  L_Glcd_Rectangle_Round_Edges103
  L_Glcd_Rectangle_Round_Edges104
  L_Glcd_Rectangle_Round_Edges105
  L_Glcd_Rectangle_Round_Edges106
  L_Glcd_Rectangle_Round_Edges107
  L_Glcd_Rectangle_Round_Edges108
  L_Glcd_Box109
  L_Glcd_Box110
  L_Glcd_Box111
  L_Glcd_Rectangle_Round_Edges_Fill112
  L_Glcd_Rectangle_Round_Edges_Fill113
  L_Glcd_Rectangle_Round_Edges_Fill114
  L_Glcd_Rectangle_Round_Edges_Fill115
  L_Glcd_Rectangle_Round_Edges_Fill116
  L_Glcd_Rectangle_Round_Edges_Fill117
  L_Glcd_Rectangle_Round_Edges_Fill118
  L_Glcd_Rectangle_Round_Edges_Fill119
  L_Glcd_Rectangle_Round_Edges_Fill120
  L_Glcd_Rectangle_Round_Edges_Fill121
  L_Glcd_Rectangle_Round_Edges_Fill122
  L_Glcd_Rectangle_Round_Edges_Fill123
  L_Glcd_PartialImage124
  L_Glcd_PartialImage125
  L_Glcd_PartialImage126
  L_Glcd_PartialImage127
  L_Glcd_PartialImage128
  L_Glcd_PartialImage129
  L_Glcd_PartialImage130
  L_Glcd_PartialImage131
  L_Glcd_PartialImage132
  L_Glcd_PartialImage133
  L_Glcd_PartialImage134
  L_Glcd_PartialImage135
  L_Glcd_PartialImage136
  L_Glcd_PartialImage137
  L_Glcd_PartialImage138
  L_Glcd_PartialImage139
  L_Glcd_PartialImage140
  L_Glcd_PartialImage141
  L_Glcd_PartialImage142
  L_Glcd_PartialImage143
  L_Glcd_PartialImage144
  L_Glcd_PartialImage145
  L_Glcd_PartialImage146
  L_Glcd_PartialImage147
  L_Glcd_PartialImage148
  L_Glcd_PartialImage149
  L_Glcd_PartialImage150
  L_Glcd_PartialImage151
  L_Glcd_PartialImage152
  L__Glcd_Dot153
  L__Glcd_Dot154
  L__Glcd_Dot155
  L__Glcd_Dot156
  L__Glcd_Dot157
  L__Glcd_Line158
  L__Glcd_Line159
  L__Glcd_H_Line160
  L__Glcd_H_Line161
  L__Glcd_H_Line162
  L__Glcd_V_Line163
  L__Glcd_V_Line164
  L__Glcd_V_Line165
  L__Glcd_PartialImage166
  L__Glcd_PartialImage167
  L__Glcd_PartialImage168
  L__Glcd_PartialImage169
  L__Glcd_PartialImage170
  L__Glcd_PartialImage171
  L__Glcd_PartialImage172
  L__Glcd_PartialImage173
  L__Glcd_PartialImage174
  L__Glcd_PartialImage175
  L__Glcd_PartialImage176
  L__Glcd_PartialImage177
  L__Glcd_PartialImage178
  L__Glcd_PartialImage179
  L_end_Write_To_Pins
  __Lib_Glcd_Write_To_Pins
  L_end_Strobe
  __Lib_Glcd_Strobe
  L_end_Glcd_Set_Page
  _Glcd_Set_Page
  L_end_Glcd_Set_Side
  _Glcd_Set_Side
  L_end_Glcd_Set_X
  _Glcd_Set_X
  L_end_Glcd_Read_Data
  _Glcd_Read_Data
  L_end_Glcd_Write_Data
  _Glcd_Write_Data
  L_end_Glcd_Fill
  _Glcd_Fill
  L__Glcd_Fill188
  L__Glcd_Fill189
  L__Glcd_Fill190
  L__Glcd_Fill191
  L_end_Glcd_Init
  _Glcd_Init
  L_end_Glcd_Set_Font
  _Glcd_Set_Font
  L_end_Glcd_Write_Char
  _Glcd_Write_Char
  L__Glcd_Write_Char195
  L__Glcd_Write_Char196
  L__Glcd_Write_Char197
  L__Glcd_Write_Char198
  L__Glcd_Write_Char199
  L__Glcd_Write_Char200
  L__Glcd_Write_Char201
  L__Glcd_Write_Char202
  L_end_Glcd_Write_Text
  _Glcd_Write_Text
  L__Glcd_Write_Text204
  L__Glcd_Write_Text205
  L_end_Glcd_Dot
  _Glcd_Dot
  L__Glcd_Dot207
  L__Glcd_Dot208
  L__Glcd_Dot209
  L__Glcd_Dot210
  L__Glcd_Dot211
  L__Glcd_Dot212
  L__Glcd_Dot213
  L_end_Glcd_Line
  _Glcd_Line
  L__Glcd_Line215
  L__Glcd_Line216
  L__Glcd_Line217
  L__Glcd_Line218
  L__Glcd_Line219
  L__Glcd_Line220
  L__Glcd_Line221
  L__Glcd_Line222
  L__Glcd_Line223
  L__Glcd_Line224
  L__Glcd_Line225
  L__Glcd_Line226
  L__Glcd_Line227
  L__Glcd_Line228
  L__Glcd_Line229
  L_end_Glcd_H_Line
  _Glcd_H_Line
  L__Glcd_H_Line231
  L__Glcd_H_Line232
  L__Glcd_H_Line233
  L__Glcd_H_Line234
  L__Glcd_H_Line235
  L__Glcd_H_Line236
  L__Glcd_H_Line237
  L__Glcd_H_Line238
  L_end_Glcd_V_Line
  _Glcd_V_Line
  L__Glcd_V_Line240
  L__Glcd_V_Line241
  L__Glcd_V_Line242
  L__Glcd_V_Line243
  L__Glcd_V_Line244
  L__Glcd_V_Line245
  L__Glcd_V_Line246
  L__Glcd_V_Line247
  L_end_Glcd_Circle
  _Glcd_Circle
  L__Glcd_Circle249
  L__Glcd_Circle250
  L_end_Glcd_Circle_Fill
  _Glcd_Circle_Fill
  L__Glcd_Circle_Fill252
  L__Glcd_Circle_Fill253
  L__Glcd_Circle_Fill254
  L__Glcd_Circle_Fill255
  L_end_Glcd_Image
  _Glcd_Image
  L__Glcd_Image257
  L__Glcd_Image258
  L__Glcd_Image259
  L_end_Glcd_Rectangle
  _Glcd_Rectangle
  L_end_Glcd_Rectangle_Round_Edges
  _Glcd_Rectangle_Round_Edges
  L__Glcd_Rectangle_Round_Edges262
  L__Glcd_Rectangle_Round_Edges263
  L__Glcd_Rectangle_Round_Edges264
  L__Glcd_Rectangle_Round_Edges265
  L__Glcd_Rectangle_Round_Edges266
  L__Glcd_Rectangle_Round_Edges267
  L__Glcd_Rectangle_Round_Edges268
  L__Glcd_Rectangle_Round_Edges269
  L_end_Glcd_Box
  _Glcd_Box
  L__Glcd_Box271
  L_end_Glcd_Rectangle_Round_Edges_Fill
  _Glcd_Rectangle_Round_Edges_Fill
  L__Glcd_Rectangle_Round_Edges_Fill273
  L__Glcd_Rectangle_Round_Edges_Fill274
  L__Glcd_Rectangle_Round_Edges_Fill275
  L__Glcd_Rectangle_Round_Edges_Fill276
  L__Glcd_Rectangle_Round_Edges_Fill277
  L__Glcd_Rectangle_Round_Edges_Fill278
  L__Glcd_Rectangle_Round_Edges_Fill279
  L__Glcd_Rectangle_Round_Edges_Fill280
  L_end_Glcd_PartialImage
  _Glcd_PartialImage
  L__Glcd_PartialImage282
  L__Glcd_PartialImage283
  L__Glcd_PartialImage284
  L__Glcd_PartialImage285
  L__Glcd_PartialImage286
  L__Glcd_PartialImage287
  L__Glcd_PartialImage288
  L__Glcd_PartialImage289
  L__Glcd_PartialImage290
  L__Glcd_PartialImage291
  L__Glcd_PartialImage292
  L__Glcd_PartialImage293
  L__Glcd_PartialImage294
  L__Glcd_PartialImage295
  L__Glcd_PartialImage296
  L__Glcd_PartialImage297
  L__Glcd_PartialImage298
  Float__fpack
  the_end_Float__fpack
  Float_notsubnormal
  Float_zerosig
  Float_subnormal
  Float_packupandgo
  Float_overflow
  LL_intro_Long2Float
  the_end__Long2Float
  Longint2Float__floatsisf
  Longword2Float__floatuisf
  Long2Float_notspecial
  Long2Float_return0
  Longint2Float_negative
  Long2Float_fixshift
  Long2Float_round
  Long2Float_shiftleft
  Long2Float_shiftright
  Long2Float__fpack
  Long2Float_notsubnormal
  Long2Float_zerosig
  Long2Float_subnormal
  Long2Float_packupandgo
  Long2Float_overflow
  Longlong2Float_floatdisf
  the_end__LongLong2Float
  Longlong2Float_negative
  Longlong2Float_notspecial
  Longlong2Float_return0
  Longlong2Float_fixshift
  Longlong2Float_round
  Longlong2Float_shiftleft
  Longlong2Float_shiftright
  Float2Longword_fixunssfsi
  the_end__Float2Longword
  Float2Longword_funpack
  Float2Longword_returnzero
  Float2Longword_exit
  Float2Longword_shiftright
  Float2Longword_shiftleft
  Float2Longword_shiftrightloop
  Float2Longword_zeroorsub
  Float2Longword_nanorinf
  Float2Longword_finitereturn
  Float2Longword_infinite
  Float2Longword_subnormal
  Float2Longword_normalize
  Float2Longint__fixsfsi
  the_end__Float2Longint
  Float2Longint__funpack
  Float2Longint_setsign
  Float2Longint_shiftright
  Float2Longint_shiftleft
  Float2Longint_exit
  Float2Longint_shiftrightloop
  Float2Longint_zeroorsub
  Float2Longint_nanorinf
  Float2Longint_finitereturn
  Float2Longint_infinite
  Float2Longint_subnormal
  Float2Longint_normalize
  AddSubFP__addsf3
  the_end__AddSub_FP
  AddSubFP__funpack2
  AddSubFP__fPropagateNaN
  AddSubFP_aisinfinite
  AddSubFP_checkspecialb
  AddSubFP_return2_3
  AddSubFP_getsign
  AddSubFP_gotsign
  AddSubFP_expcanonical
  AddSubFP_nonegate
  AddSubFP_aligniter
  AddSubFP_signoff
  AddSubFP_align
  AddSubFP_aligned
  AddSubFP_normalizesum
  AddSubFP_checknormal
  AddSubFP_round
  AddSubFP_discardguard
  AddSubFP_underflow
  AddSubFP_normalizeloop
  AddSubFP_normalizeexit
  AddSubFP_normalizetest
  AddSubFP__fpack
  AddSubFP__fbopExit
  AddSubFP_return8_3
  AddSubFP__fbopReturnNaN
  AddSubFP__funpack
  AddSubFP_return0_1
  AddSubFP_return8_1
  AddSubFP_notsubnormal_1
  AddSubFP_zerosig
  AddSubFP_subnormal_1
  AddSubFP_packupandgo
  AddSubFP_overflow
  AddSubFP_zeroorsub
  AddSubFP_nanorinf
  AddSubFP_finitereturn
  AddSubFP_infinite
  AddSubFP_subnormal_2
  AddSubFP_normalize
  MulFP___mulsf3
  the_end__Mul_FP
  MulFP__funpack2
  MulFP__fPropagateNaN
  MulFP_aisinfinite
  MulFP_bisinfinite
  MulFP_return8_1
  MulFP_return2_1
  MulFP_formsticky
  MulFP_formRandSig
  MulFP__fpack
  MulFP_return0_1
  MulFP__fbopExit
  MulFP__fbopReturnNaN
  MulFP__funpack
  MulFP_return0_2
  MulFP_return8_2
  MulFP_notsubnormal
  MulFP_zerosig
  MulFP_subnormal1
  MulFP_packupandgo
  MulFP_overflow
  MulFP_zeroorsub
  MulFP_nanorinf
  MulFP_finitereturn
  MulFP_infinite
  MulFP_subnormal2
  MulFP_normalize
  DivFP___divsf3
  the_end__Div_FP
  DivFP__funpack2
  DivFP__fPropagateNaN
  DivFP_aisinfinite
  DivFP_returnZero
  DivFP_aiszero
  DivFP_returnInf
  DivFP_finitenonzero
  DivFP_diventry
  DivFP_divnext
  DivFP_divdone
  DivFP_divloop
  DivFP_stickyok
  DivFP_guardused
  DivFP__fpack
  DivFP_return0_1
  DivFP__fbopExit
  DivFP__fbopReturnNaN
  DivFP_return8_1
  DivFP_return2_1
  DivFP__funpack
  DivFP_return0
  DivFP_return8
  DivFP_notsubnormal
  DivFP_zerosig
  DivFP_subnormal
  DivFP_packupandgo
  DivFP_overfloW
  DivFP_zeroorsub
  DivFP_nanorinf
  DivFP_finitereturn
  DivFP_infinite
  DivFP_subnormal2
  DivFP_normalize
  CompareFp__fcompare
  the_end__Compare_Fp
  CompareFp__funpack2
  CompareFp_exit
  CompareFp_comparemag
  CompareFp_returnEqual
  CompareFp_adjust
  CompareFp__funpack
  CompareFp_zeroorsub
  CompareFp_nanorinf
  CompareFp_finitereturn
  CompareFp_infinite
  CompareFp_subnormal
  CompareFp_normalize
  L_end_Float_fpack
  _Float_fpack
  L_end__Long2Float
  __Long2Float
  L_end__LongLong2Float
  __LongLong2Float
  L_end__Float2Longword
  __Float2Longword
  L_end__Float2Longint
  __Float2Longint
  L_end__AddSub_FP
  __AddSub_FP
  L_end__Sub_FP
  __Sub_FP
  L_end__Mul_FP
  __Mul_FP
  L_end__Div_FP
  __Div_FP
  L_end__Compare_Fp
  __Compare_Fp
  L_end__Compare_Le_Fp
  __Compare_Le_Fp
  L_end__Compare_Ge_Fp
  __Compare_Ge_Fp
