;  LST file generated by mikroListExporter - v.2.0 
; Date/Time: 2011-1-30 13:24:38
;----------------------------------------------

;Address Opcode 	ASM
0x0000	0x00000004055A  	GOTO	_main
0x0004	0x000000  	0
0x0006	0x000000  	0
0x0008	0x000000  	0
0x000A	0x000000  	0
0x000C	0x000000  	0
0x000E	0x000000  	0
0x0010	0x000000  	0
0x0012	0x000000  	0
0x0014	0x000000  	0
0x0016	0x000000  	0
0x0018	0x000000  	0
0x001A	0x00053C  	1340
0x001C	0x000000  	0
0x001E	0x000000  	0
0x0020	0x000000  	0
0x0022	0x000000  	0
0x0024	0x000000  	0
0x0026	0x000000  	0
0x0028	0x000000  	0
0x002A	0x000000  	0
0x002C	0x000000  	0
0x002E	0x000000  	0
0x0030	0x000000  	0
0x0032	0x000000  	0
0x0034	0x000000  	0
0x0036	0x000000  	0
0x0038	0x000000  	0
0x003A	0x000000  	0
0x003C	0x000000  	0
0x003E	0x000000  	0
0x0040	0x000000  	0
0x0042	0x000000  	0
0x0044	0x000000  	0
0x0046	0x000000  	0
0x0048	0x000000  	0
0x004A	0x000000  	0
0x004C	0x000000  	0
0x004E	0x000000  	0
0x0050	0x000000  	0
0x0052	0x000000  	0
0x0054	0x000000  	0
0x0056	0x000000  	0
0x0058	0x000000  	0
0x005A	0x000000  	0
0x005C	0x000000  	0
0x005E	0x000000  	0
0x0060	0x000000  	0
0x0062	0x000000  	0
0x0064	0x000000  	0
0x0066	0x000000  	0
0x0068	0x000000  	0
0x006A	0x000000  	0
0x006C	0x000000  	0
0x006E	0x000000  	0
0x0070	0x000000  	0
0x0072	0x000000  	0
0x0074	0x000000  	0
0x0076	0x000000  	0
0x0078	0x000000  	0
0x007A	0x000000  	0
0x007C	0x000000  	0
0x007E	0x000000  	0
0x0080	0x000000  	0
0x0082	0x000000  	0
0x0084	0x000000  	0
0x0086	0x000000  	0
0x0088	0x000000  	0
0x008A	0x000000  	0
0x008C	0x000000  	0
0x008E	0x000000  	0
0x0090	0x000000  	0
0x0092	0x000000  	0
0x0094	0x000000  	0
0x0096	0x000000  	0
0x0098	0x000000  	0
0x009A	0x000000  	0
0x009C	0x000000  	0
0x009E	0x000000  	0
0x00A0	0x000000  	0
0x00A2	0x000000  	0
0x00A4	0x000000  	0
0x00A6	0x000000  	0
0x00A8	0x000000  	0
0x00AA	0x000000  	0
0x00AC	0x000000  	0
0x00AE	0x000000  	0
0x00B0	0x000000  	0
0x00B2	0x000000  	0
0x00B4	0x000000  	0
0x00B6	0x000000  	0
0x00B8	0x000000  	0
0x00BA	0x000000  	0
0x00BC	0x000000  	0
0x00BE	0x000000  	0
0x00C0	0x000000  	0
0x00C2	0x000000  	0
0x00C4	0x000000  	0
0x00C6	0x000000  	0
0x00C8	0x000000  	0
0x00CA	0x000000  	0
0x00CC	0x000000  	0
0x00CE	0x000000  	0
0x00D0	0x000000  	0
0x00D2	0x000000  	0
0x00D4	0x000000  	0
0x00D6	0x000000  	0
0x00D8	0x000000  	0
0x00DA	0x000000  	0
0x00DC	0x000000  	0
0x00DE	0x000000  	0
0x00E0	0x000000  	0
0x00E2	0x000000  	0
0x00E4	0x000000  	0
0x00E6	0x000000  	0
0x00E8	0x000000  	0
0x00EA	0x000000  	0
0x00EC	0x000000  	0
0x00EE	0x000000  	0
0x00F0	0x000000  	0
0x00F2	0x000000  	0
0x00F4	0x000000  	0
0x00F6	0x000000  	0
0x00F8	0x000000  	0
0x00FA	0x000000  	0
0x00FC	0x000000  	0
0x00FE	0x000000  	0
_main:
0x055A	0x2081CF  	MOV	#2076, WREG15
0x055C	0x227FF0  	MOV	#10239, WREG0
0x055E	0xB7A020  	MOV	WREG, SPLIM
0x0560	0x200010  	MOV	#1, WREG0
0x0562	0xB7A034  	MOV	WREG, PSVPAG
0x0564	0x200040  	MOV	#4, WREG0
0x0566	0xB72044  	IOR	CORCON
0x0568	0xFA000E  	LNK	#14
0x056A	0xF80008  	PUSH	WREG4
0x056C	0xF80006  	PUSH	WREG3
;project.c,120 :: 		void main() {                                   // Main Program
;project.c,122 :: 		InitPort();                                   // Initialization
0x056E	0x781F8A  	PUSH	WREG10
0x0570	0x781F8B  	PUSH	WREG11
0x0572	0x781F8C  	PUSH	WREG12
0x0574	0x781F8D  	PUSH	WREG13
0x0576	0x07FF99  	RCALL	_InitPort
;project.c,123 :: 		InitTimer();
0x0578	0x07FF63  	RCALL	_InitTimer
;project.c,124 :: 		InitADC();
0x057A	0x07FFA3  	RCALL	_InitADC
;project.c,125 :: 		InitGLCD();
0x057C	0x07FFA4  	RCALL	_InitGLCD
;project.c,127 :: 		while(1) {                                    // Unending loop
L_main0:
;project.c,130 :: 		IEC0.T1IE = 1;                            // enable T1 interrupt
0x057E	0xA8608C  	BSET	IEC0, #3
;project.c,131 :: 		Delay_us(100);                            // Software PWM lasts 300us
0x0580	0x200537  	MOV	#83, WREG7
L_main2:
0x0582	0xED200E  	DEC	WREG7
0x0584	0x3AFFFE  	BRA NZ	L_main2
0x0586	0x000000  	NOP
;project.c,132 :: 		IEC0.T1IE = 0;                            // disable T1 interrupt
0x0588	0xA9608C  	BCLR	IEC0, #3
;project.c,135 :: 		Delay_ms(1);                              // wait 1ms so piezzo sattles down
0x058A	0x203417  	MOV	#833, WREG7
L_main4:
0x058C	0xED200E  	DEC	WREG7
0x058E	0x3AFFFE  	BRA NZ	L_main4
0x0590	0x000000  	NOP
;project.c,137 :: 		InitDelay();                              // Start/initialize Timer2 to count Delay
0x0592	0x07FF92  	RCALL	_InitDelay
;project.c,139 :: 		temp = ADC1_Get_Sample(8);                // get first two samples
0x0594	0x20008A  	MOV	#8, WREG10
0x0596	0x07FFC3  	RCALL	_ADC1_Get_Sample
0x0598	0x8840A0  	MOV	WREG0, _temp
;project.c,140 :: 		Delay_us(1);
0x059A	0x000000  	NOP
0x059C	0x000000  	NOP
;project.c,141 :: 		temp_sec = ADC1_Get_Sample(8);
0x059E	0x20008A  	MOV	#8, WREG10
0x05A0	0x07FFBE  	RCALL	_ADC1_Get_Sample
0x05A2	0x884090  	MOV	WREG0, _temp_sec
;project.c,143 :: 		InitVariable();                           // Initialization of Variables
0x05A4	0x07FFB5  	RCALL	_InitVariable
;project.c,145 :: 		while (temp > temp_sec) {                 // check if returned wave is uprising
L_main6:
0x05A6	0x8040A1  	MOV	_temp, WREG1
0x05A8	0x208120  	MOV	#lo_addr(_temp_sec), WREG0
0x05AA	0xE10810  	CP	WREG1, [WREG0]
0x05AC	0x36000D  	BRA LEU	L_main7
L__main65:
;project.c,146 :: 		Delay_us(10);                           //   if not check again in 10us
0x05AE	0x200087  	MOV	#8, WREG7
L_main8:
0x05B0	0xED200E  	DEC	WREG7
0x05B2	0x3AFFFE  	BRA NZ	L_main8
0x05B4	0x000000  	NOP
;project.c,147 :: 		temp = ADC1_Get_Sample(8);
0x05B6	0x20008A  	MOV	#8, WREG10
0x05B8	0x07FFB2  	RCALL	_ADC1_Get_Sample
0x05BA	0x8840A0  	MOV	WREG0, _temp
;project.c,148 :: 		Delay_us(1);
0x05BC	0x000000  	NOP
0x05BE	0x000000  	NOP
;project.c,149 :: 		temp_sec = ADC1_Get_Sample(8);
0x05C0	0x20008A  	MOV	#8, WREG10
0x05C2	0x07FFAD  	RCALL	_ADC1_Get_Sample
0x05C4	0x884090  	MOV	WREG0, _temp_sec
;project.c,150 :: 		}
0x05C6	0x37FFEF  	BRA	L_main6
L_main7:
;project.c,152 :: 		while(abc < 1000) {                       // Measure in lenght of 250ms
L_main10:
0x05C8	0x8040C1  	MOV	_abc, WREG1
0x05CA	0x203E80  	MOV	#1000, WREG0
0x05CC	0xE10800  	CP	WREG1, WREG0
0x05CE	0x3D0013  	BRA GE	L_main11
L__main66:
;project.c,153 :: 		temp = ADC1_Get_Sample(8);              // get sample
0x05D0	0x20008A  	MOV	#8, WREG10
0x05D2	0x07FFA5  	RCALL	_ADC1_Get_Sample
0x05D4	0x8840A0  	MOV	WREG0, _temp
;project.c,154 :: 		if (temp > temp_old) {                  // if new value is bigger then old
0x05D6	0x2081A1  	MOV	#lo_addr(_temp_old), WREG1
0x05D8	0xE10011  	CP	WREG0, [WREG1]
0x05DA	0x360004  	BRA LEU	L_main12
L__main67:
;project.c,155 :: 		temp_old = temp;                      //   set value of ADC into temporary variable
0x05DC	0x8040A0  	MOV	_temp, WREG0
0x05DE	0x8840D0  	MOV	WREG0, _temp_old
;project.c,156 :: 		time = TMR2;                          //   remember time when value was measured
0x05E0	0xBF8106  	MOV	TMR2, WREG
0x05E2	0x884050  	MOV	WREG0, _time
;project.c,157 :: 		}
L_main12:
;project.c,158 :: 		abc++;
0x05E4	0x200011  	MOV	#1, WREG1
0x05E6	0x208180  	MOV	#lo_addr(_abc), WREG0
0x05E8	0x408810  	ADD	WREG1, [WREG0], [WREG0]
;project.c,159 :: 		Delay_us(50);
0x05EA	0x200297  	MOV	#41, WREG7
L_main13:
0x05EC	0xED200E  	DEC	WREG7
0x05EE	0x3AFFFE  	BRA NZ	L_main13
0x05F0	0x000000  	NOP
0x05F2	0x000000  	NOP
;project.c,160 :: 		}
0x05F4	0x37FFE9  	BRA	L_main10
L_main11:
;project.c,161 :: 		T2CON.TON = 0;                            // Stop Timer2
0x05F6	0xA9E111  	BCLR	T2CON, #15
;project.c,163 :: 		if (time < 0)                             // absolute value of time
0x05F8	0x804050  	MOV	_time, WREG0
0x05FA	0xE10060  	CP	WREG0, #0
0x05FC	0x310003  	BRA GEU	L_main15
L__main68:
;project.c,164 :: 		time = - time;
0x05FE	0x804051  	MOV	_time, WREG1
0x0600	0x2080A0  	MOV	#lo_addr(_time), WREG0
0x0602	0x108860  	SUBR	WREG1, #0, [WREG0]
L_main15:
;project.c,167 :: 		if (time < 600)
0x0604	0x804051  	MOV	_time, WREG1
0x0606	0x202580  	MOV	#600, WREG0
0x0608	0xE10800  	CP	WREG1, WREG0
0x060A	0x310006  	BRA GEU	L_main16
L__main69:
;project.c,168 :: 		distance = time / 40;                   //  40
0x060C	0x200282  	MOV	#40, WREG2
0x060E	0x804050  	MOV	_time, WREG0
0x0610	0x090011  	REPEAT	#17
0x0612	0xD88002  	DIV.U	WREG0, WREG2
0x0614	0x8840B0  	MOV	WREG0, _distance
0x0616	0x370048  	BRA	L_main17
L_main16:
;project.c,169 :: 		else if ((time > 599) && (time < 1200))
0x0618	0x804051  	MOV	_time, WREG1
0x061A	0x202570  	MOV	#599, WREG0
0x061C	0xE10800  	CP	WREG1, WREG0
0x061E	0x36000A  	BRA LEU	L__main48
L__main70:
0x0620	0x804051  	MOV	_time, WREG1
0x0622	0x204B00  	MOV	#1200, WREG0
0x0624	0xE10800  	CP	WREG1, WREG0
0x0626	0x310006  	BRA GEU	L__main47
L__main71:
L__main46:
;project.c,170 :: 		distance = time / 60;                   //  60
0x0628	0x2003C2  	MOV	#60, WREG2
0x062A	0x804050  	MOV	_time, WREG0
0x062C	0x090011  	REPEAT	#17
0x062E	0xD88002  	DIV.U	WREG0, WREG2
0x0630	0x8840B0  	MOV	WREG0, _distance
0x0632	0x37003A  	BRA	L_main21
;project.c,169 :: 		else if ((time > 599) && (time < 1200))
L__main48:
L__main47:
;project.c,171 :: 		else if ((time > 1199) && (time < 2800))
0x0634	0x804051  	MOV	_time, WREG1
0x0636	0x204AF0  	MOV	#1199, WREG0
0x0638	0xE10800  	CP	WREG1, WREG0
0x063A	0x36000A  	BRA LEU	L__main50
L__main72:
0x063C	0x804051  	MOV	_time, WREG1
0x063E	0x20AF00  	MOV	#2800, WREG0
0x0640	0xE10800  	CP	WREG1, WREG0
0x0642	0x310006  	BRA GEU	L__main49
L__main73:
L__main45:
;project.c,172 :: 		distance = time / 90;                   //  90
0x0644	0x2005A2  	MOV	#90, WREG2
0x0646	0x804050  	MOV	_time, WREG0
0x0648	0x090011  	REPEAT	#17
0x064A	0xD88002  	DIV.U	WREG0, WREG2
0x064C	0x8840B0  	MOV	WREG0, _distance
0x064E	0x37002C  	BRA	L_main25
;project.c,171 :: 		else if ((time > 1199) && (time < 2800))
L__main50:
L__main49:
;project.c,173 :: 		else if ((time > 2799) && (time < 7200))
0x0650	0x804051  	MOV	_time, WREG1
0x0652	0x20AEF0  	MOV	#2799, WREG0
0x0654	0xE10800  	CP	WREG1, WREG0
0x0656	0x36000A  	BRA LEU	L__main52
L__main74:
0x0658	0x804051  	MOV	_time, WREG1
0x065A	0x21C200  	MOV	#7200, WREG0
0x065C	0xE10800  	CP	WREG1, WREG0
0x065E	0x310006  	BRA GEU	L__main51
L__main75:
L__main44:
;project.c,174 :: 		distance = time / 110;                  // 110
0x0660	0x2006E2  	MOV	#110, WREG2
0x0662	0x804050  	MOV	_time, WREG0
0x0664	0x090011  	REPEAT	#17
0x0666	0xD88002  	DIV.U	WREG0, WREG2
0x0668	0x8840B0  	MOV	WREG0, _distance
0x066A	0x37001E  	BRA	L_main29
;project.c,173 :: 		else if ((time > 2799) && (time < 7200))
L__main52:
L__main51:
;project.c,175 :: 		else if ((time > 7199) && (time < 20000))
0x066C	0x804051  	MOV	_time, WREG1
0x066E	0x21C1F0  	MOV	#7199, WREG0
0x0670	0xE10800  	CP	WREG1, WREG0
0x0672	0x36000A  	BRA LEU	L__main54
L__main76:
0x0674	0x804051  	MOV	_time, WREG1
0x0676	0x24E200  	MOV	#20000, WREG0
0x0678	0xE10800  	CP	WREG1, WREG0
0x067A	0x310006  	BRA GEU	L__main53
L__main77:
L__main43:
;project.c,176 :: 		distance = time / 125;                  // 125
0x067C	0x2007D2  	MOV	#125, WREG2
0x067E	0x804050  	MOV	_time, WREG0
0x0680	0x090011  	REPEAT	#17
0x0682	0xD88002  	DIV.U	WREG0, WREG2
0x0684	0x8840B0  	MOV	WREG0, _distance
0x0686	0x370010  	BRA	L_main33
;project.c,175 :: 		else if ((time > 7199) && (time < 20000))
L__main54:
L__main53:
;project.c,177 :: 		else if ((time > 19999) && (time < 35000))
0x0688	0x804051  	MOV	_time, WREG1
0x068A	0x24E1F0  	MOV	#19999, WREG0
0x068C	0xE10800  	CP	WREG1, WREG0
0x068E	0x36000A  	BRA LEU	L__main56
L__main78:
0x0690	0x804051  	MOV	_time, WREG1
0x0692	0x288B80  	MOV	#35000, WREG0
0x0694	0xE10800  	CP	WREG1, WREG0
0x0696	0x310006  	BRA GEU	L__main55
L__main79:
L__main42:
;project.c,178 :: 		distance = time / 135;                  // 135
0x0698	0x200872  	MOV	#135, WREG2
0x069A	0x804050  	MOV	_time, WREG0
0x069C	0x090011  	REPEAT	#17
0x069E	0xD88002  	DIV.U	WREG0, WREG2
0x06A0	0x8840B0  	MOV	WREG0, _distance
0x06A2	0x370002  	BRA	L_main37
;project.c,177 :: 		else if ((time > 19999) && (time < 35000))
L__main56:
L__main55:
;project.c,180 :: 		distance = 0;
0x06A4	0xEF2000  	CLR	WREG0
0x06A6	0x8840B0  	MOV	WREG0, _distance
L_main37:
L_main33:
L_main29:
L_main25:
L_main21:
L_main17:
;project.c,182 :: 		if (distance == 0) {                      // if distance is 0 the object is too far
0x06A8	0x8040B0  	MOV	_distance, WREG0
0x06AA	0xE10060  	CP	WREG0, #0
0x06AC	0x3A000B  	BRA NZ	L_main38
L__main80:
;project.c,183 :: 		GLcd_Write_Text("Too Far!", 10, 0, 1);
0x06AE	0x4701E0  	ADD	WREG14, #0, WREG3
0x06B0	0x281E04  	MOV	#lo_addr(?ICS?lstr1_project), WREG4
0x06B2	0x090008  	REPEAT	#8
0x06B4	0x7859B4  	MOV.B	[WREG4++], [WREG3++]
0x06B6	0x470060  	ADD	WREG14, #0, WREG0
0x06B8	0xB3C01D  	MOV.B	#1, WREG13
0x06BA	0xEF2018  	CLR	WREG12
0x06BC	0xB3C0AB  	MOV.B	#10, WREG11
0x06BE	0x780500  	MOV	WREG0, WREG10
0x06C0	0x07FF04  	RCALL	_Glcd_Write_Text
;project.c,185 :: 		}
0x06C2	0x370016  	BRA	L_main39
L_main38:
;project.c,187 :: 		IntToStr(distance, txt);                // converts time into string
0x06C4	0x2080CB  	MOV	#lo_addr(_txt), WREG11
0x06C6	0x8040BA  	MOV	_distance, WREG10
0x06C8	0x07FEC8  	RCALL	_IntToStr
;project.c,188 :: 		GLcd_Write_Text(txt, 10, 0, 1);
0x06CA	0xB3C01D  	MOV.B	#1, WREG13
0x06CC	0xEF2018  	CLR	WREG12
0x06CE	0xB3C0AB  	MOV.B	#10, WREG11
0x06D0	0x2080CA  	MOV	#lo_addr(_txt), WREG10
0x06D2	0x07FEFB  	RCALL	_Glcd_Write_Text
;project.c,190 :: 		GLcd_Write_Text (" cm", 100, 0, 1);               // send value over UART
0x06D4	0x200203  	MOV	#32, WREG3
0x06D6	0x984F13  	MOV.B	WREG3, [WREG14+9]
0x06D8	0x200633  	MOV	#99, WREG3
0x06DA	0x984F23  	MOV.B	WREG3, [WREG14+10]
0x06DC	0x2006D3  	MOV	#109, WREG3
0x06DE	0x984F33  	MOV.B	WREG3, [WREG14+11]
0x06E0	0x200003  	MOV	#0, WREG3
0x06E2	0x984F43  	MOV.B	WREG3, [WREG14+12]
0x06E4	0x470069  	ADD	WREG14, #9, WREG0
0x06E6	0xB3C01D  	MOV.B	#1, WREG13
0x06E8	0xEF2018  	CLR	WREG12
0x06EA	0xB3C64B  	MOV.B	#100, WREG11
0x06EC	0x780500  	MOV	WREG0, WREG10
0x06EE	0x07FEED  	RCALL	_Glcd_Write_Text
;project.c,191 :: 		}
L_main39:
;project.c,193 :: 		Delay_ms(500);                              // delay before next measure
0x06F0	0x200078  	MOV	#7, WREG8
0x06F2	0x25B9B7  	MOV	#23451, WREG7
L_main40:
0x06F4	0xED200E  	DEC	WREG7
0x06F6	0x3AFFFE  	BRA NZ	L_main40
0x06F8	0xED2010  	DEC	WREG8
0x06FA	0x3AFFFC  	BRA NZ	L_main40
0x06FC	0x000000  	NOP
0x06FE	0x000000  	NOP
;project.c,194 :: 		}
0x0700	0x37FF3E  	BRA	L_main0
;project.c,195 :: 		}
L_end_main:
0x0702	0xF90006  	POP	WREG3
0x0704	0xF90008  	POP	WREG4
0x0706	0xFA8000  	ULNK
L__main81:
0x0708	0x37FFFF  	BRA	L__main81
; end of _main
_InitPort:
;project.c,83 :: 		void InitPort(void) {                           // function for initialization of I/O PORTS
;project.c,84 :: 		ADPCFG = 0xFEFF;                              // Configure AN pins as digital except PinB8
0x04AA	0x2FEFF0  	MOV	#65279, WREG0
0x04AC	0xB7A2A8  	MOV	WREG, ADPCFG
;project.c,85 :: 		TRISC = 0x0000;                               // set PORTC as output
0x04AE	0xEF22CC  	CLR	TRISC
;project.c,86 :: 		PORTC = 0x2000;                               // default value of PORTC
0x04B0	0x220000  	MOV	#8192, WREG0
0x04B2	0xB7A2CE  	MOV	WREG, PORTC
;project.c,87 :: 		TRISB.B8 = 1;                                 // set PinB8 as input
0x04B4	0xA802C7  	BSET	TRISB, #8
;project.c,88 :: 		}
L_end_InitPort:
0x04B6	0x060000  	RETURN
; end of _InitPort
_InitTimer:
;project.c,90 :: 		void InitTimer(void) {                          // Initialization of Timer1
;project.c,91 :: 		T1CON.B5 = 0;                                 // prescaler 1:1
0x0440	0xA9A104  	BCLR	T1CON, #5
;project.c,92 :: 		T1CON.B4 = 0;
0x0442	0xA98104  	BCLR	T1CON, #4
;project.c,93 :: 		PR1 = (unsigned long)(Get_Fosc_kHz()) * 1000 / (8 * SAMPLE_FREQ);
0x0444	0x07FF10  	RCALL	_Get_Fosc_kHz
0x0446	0x203E82  	MOV	#1000, WREG2
0x0448	0x200003  	MOV	#0, WREG3
0x044A	0x07FF04  	RCALL	__Multiply_32x32
0x044C	0x2E2002  	MOV	#57856, WREG2
0x044E	0x200043  	MOV	#4, WREG3
0x0450	0xEB0200  	CLR	WREG4
0x0452	0x07FF72  	RCALL	__Divide_32x32
0x0454	0x880810  	MOV	WREG0, PR1
;project.c,94 :: 		TON_bit = 1;                                  // start Timer1
0x0456	0xA8E105  	BSET	TON_bit, #15
;project.c,95 :: 		}
L_end_InitTimer:
0x0458	0x060000  	RETURN
; end of _InitTimer
_Get_Fosc_kHz:
;__Lib_Delays.c,38 :: 		unsigned long Get_Fosc_kHz() {
;__Lib_Delays.c,39 :: 		return Clock_kHz();
0x0266	0x227100  	MOV	#10000, WREG0
0x0268	0x200001  	MOV	#0, WREG1
;__Lib_Delays.c,40 :: 		}
L_end_Get_Fosc_kHz:
0x026A	0x060000  	RETURN
; end of _Get_Fosc_kHz
__Multiply_32x32:
0x0254	0xFA0000  	LNK	#0
;__Lib_Math.c,43 :: 		
;__Lib_Math.c,46 :: 		
0x0256	0xB80A02  	MUL.UU	WREG1, WREG2, WREG4
;__Lib_Math.c,47 :: 		
0x0258	0x880050  	MOV	WREG0, WREG5
;__Lib_Math.c,48 :: 		
0x025A	0xB80002  	MUL.UU	WREG0, WREG2, WREG0
;__Lib_Math.c,49 :: 		
0x025C	0x420081  	ADD	WREG4, WREG1, WREG1
;__Lib_Math.c,50 :: 		
0x025E	0xB82A03  	MUL.UU	WREG5, WREG3, WREG4
;__Lib_Math.c,51 :: 		
0x0260	0x420081  	ADD	WREG4, WREG1, WREG1
;__Lib_Math.c,54 :: 		
L_end__Multiply_32x32:
0x0262	0xFA8000  	ULNK
0x0264	0x060000  	RETURN
; end of __Multiply_32x32
__Divide_32x32:
0x0338	0xFA0000  	LNK	#0
;__Lib_Math.c,78 :: 		
;__Lib_Math.c,81 :: 		
0x033A	0x070002  	RCALL	Divide_32x32___testsus
;__Lib_Math.c,83 :: 		
0x033C	0x000000040386  	GOTO	the_end_Divide_32x32
;__Lib_Math.c,88 :: 		
Divide_32x32___testsus:
;__Lib_Math.c,89 :: 		
0x0340	0xE20008  	CP0	WREG4
;__Lib_Math.c,90 :: 		
0x0342	0x3A0002  	BRA NZ	Divide_32x32___divsi3
;__Lib_Math.c,92 :: 		
0x0344	0x070010  	RCALL	Divide_32x32___udivsi3
;__Lib_Math.c,93 :: 		
0x0346	0x060000  	RETURN
;__Lib_Math.c,95 :: 		
Divide_32x32___divsi3:
;__Lib_Math.c,96 :: 		
0x0348	0x689F83  	XOR	WREG1, WREG3, [WREG15++]
;__Lib_Math.c,97 :: 		
0x034A	0xE20002  	CP0	WREG1
;__Lib_Math.c,98 :: 		
0x034C	0x3D0002  	BRA GE	Divide_32x32_divtestb
;__Lib_Math.c,99 :: 		
0x034E	0x100060  	SUBR	WREG0, #0, WREG0
;__Lib_Math.c,100 :: 		
0x0350	0x1880E0  	SUBBR	WREG1, #0, WREG1
;__Lib_Math.c,101 :: 		
Divide_32x32_divtestb:
;__Lib_Math.c,102 :: 		
0x0352	0xE20006  	CP0	WREG3
;__Lib_Math.c,103 :: 		
0x0354	0x3D0002  	BRA GE	Divide_32x32_calcquot
;__Lib_Math.c,104 :: 		
0x0356	0x110160  	SUBR	WREG2, #0, WREG2
;__Lib_Math.c,105 :: 		
0x0358	0x1981E0  	SUBBR	WREG3, #0, WREG3
;__Lib_Math.c,106 :: 		
Divide_32x32_calcquot:
;__Lib_Math.c,107 :: 		
0x035A	0x070005  	RCALL	Divide_32x32___udivsi3
;__Lib_Math.c,108 :: 		
0x035C	0xE0004F  	CP0	[--WREG15]
;__Lib_Math.c,109 :: 		
0x035E	0x3B0002  	BRA NN	Divide_32x32_returnq
;__Lib_Math.c,110 :: 		
0x0360	0x100060  	SUBR	WREG0, #0, WREG0
;__Lib_Math.c,111 :: 		
0x0362	0x1880E0  	SUBBR	WREG1, #0, WREG1
;__Lib_Math.c,112 :: 		
Divide_32x32_returnq:
;__Lib_Math.c,113 :: 		
0x0364	0x060000  	RETURN
;__Lib_Math.c,114 :: 		
Divide_32x32___udivsi3:
;__Lib_Math.c,115 :: 		
0x0366	0xB82260  	MUL.UU	WREG4, #0, WREG4
;__Lib_Math.c,116 :: 		
0x0368	0x200206  	MOV	#32, WREG6
;__Lib_Math.c,117 :: 		
Divide_32x32_nextbit:
;__Lib_Math.c,118 :: 		
0x036A	0xD00000  	SL	WREG0, WREG0
;__Lib_Math.c,119 :: 		
0x036C	0xD28081  	RLC	WREG1, WREG1
;__Lib_Math.c,120 :: 		
0x036E	0xD28204  	RLC	WREG4, WREG4
;__Lib_Math.c,121 :: 		
0x0370	0xD28285  	RLC	WREG5, WREG5
;__Lib_Math.c,122 :: 		
0x0372	0xA80000  	BSET	WREG0, #0
;__Lib_Math.c,123 :: 		
0x0374	0x520202  	SUB	WREG4, WREG2, WREG4
;__Lib_Math.c,124 :: 		
0x0376	0x5A8283  	SUBB	WREG5, WREG3, WREG5
;__Lib_Math.c,125 :: 		
0x0378	0x3B0003  	BRA NN	Divide_32x32_iterate
;__Lib_Math.c,126 :: 		
0x037A	0x420202  	ADD	WREG4, WREG2, WREG4
;__Lib_Math.c,127 :: 		
0x037C	0x4A8283  	ADDC	WREG5, WREG3, WREG5
;__Lib_Math.c,128 :: 		
0x037E	0xA10000  	BCLR	WREG0, #0
;__Lib_Math.c,129 :: 		
Divide_32x32_iterate:
;__Lib_Math.c,130 :: 		
0x0380	0xE90306  	DEC	WREG6, WREG6
;__Lib_Math.c,131 :: 		
0x0382	0x3AFFF3  	BRA NZ	Divide_32x32_nextbit
;__Lib_Math.c,132 :: 		
0x0384	0x060000  	RETURN
;__Lib_Math.c,135 :: 		
the_end_Divide_32x32:
;__Lib_Math.c,138 :: 		
L_end__Divide_32x32:
0x0386	0xFA8000  	ULNK
0x0388	0x060000  	RETURN
; end of __Divide_32x32
_InitADC:
;project.c,104 :: 		void InitADC(void) {                            // Initialization of ADC module
;project.c,105 :: 		ADC1_Init();
0x04C2	0x07FF87  	RCALL	_ADC1_Init
;project.c,106 :: 		}
L_end_InitADC:
0x04C4	0x060000  	RETURN
; end of _InitADC
_ADC1_Init:
0x03D2	0xFA0000  	LNK	#0
;__Lib_ADC_1_p24FJ_p30.c,41 :: 		
;__Lib_ADC_1_p24FJ_p30.c,42 :: 		
0x03D4	0x2051E0  	MOV	#lo_addr(_ADC1_Get_Sample), WREG0
0x03D6	0x884000  	MOV	WREG0, _ADC_Get_Sample_Ptr
;__Lib_ADC_1_p24FJ_p30.c,44 :: 		
0x03D8	0x200E00  	MOV	#224, WREG0
0x03DA	0xB7A2A0  	MOV	WREG, ADCON1
;__Lib_ADC_1_p24FJ_p30.c,45 :: 		
0x03DC	0xEF22A2  	CLR	ADCON2
;__Lib_ADC_1_p24FJ_p30.c,47 :: 		
0x03DE	0x21F3F0  	MOV	#7999, WREG0
0x03E0	0xB7A2A4  	MOV	WREG, ADCON3
;__Lib_ADC_1_p24FJ_p30.c,48 :: 		
0x03E2	0xEF22AA  	CLR	ADCSSL
;__Lib_ADC_1_p24FJ_p30.c,49 :: 		
0x03E4	0xA8E2A1  	BSET	ADCON1, #15
;__Lib_ADC_1_p24FJ_p30.c,50 :: 		
L_end_ADC1_Init:
0x03E6	0xFA8000  	ULNK
0x03E8	0x060000  	RETURN
; end of _ADC1_Init
_InitGLCD:
;project.c,114 :: 		void InitGLCD(void) {                           // Initialization of UART1
;project.c,115 :: 		Glcd_Init();
0x04C6	0x07FF91  	RCALL	_Glcd_Init
;project.c,118 :: 		}
L_end_InitGLCD:
0x04C8	0x060000  	RETURN
; end of _InitGLCD
_Glcd_Init:
0x03EA	0xFA0000  	LNK	#0
;__Lib_Glcd.c,196 :: 		
;__Lib_Glcd.c,197 :: 		
0x03EC	0x781F8A  	PUSH	WREG10
0x03EE	0x208081  	MOV	#lo_addr(__Lib_Glcd_FontInitialized), WREG1
0x03F0	0xEF2000  	CLR	WREG0
0x03F2	0x784880  	MOV.B	WREG0, [WREG1]
;__Lib_Glcd.c,199 :: 		
0x03F4	0xA9E2C6  	BCLR	GLCD_RST_Direction, BitPos(GLCD_RST_Direction+0)
;__Lib_Glcd.c,200 :: 		
0x03F6	0xA9C2C6  	BCLR	GLCD_EN_Direction, BitPos(GLCD_EN_Direction+0)
;__Lib_Glcd.c,201 :: 		
0x03F8	0xA982C6  	BCLR	GLCD_RS_Direction, BitPos(GLCD_RS_Direction+0)
;__Lib_Glcd.c,202 :: 		
0x03FA	0xA9A2C6  	BCLR	GLCD_RW_Direction, BitPos(GLCD_RW_Direction+0)
;__Lib_Glcd.c,203 :: 		
0x03FC	0xA942C6  	BCLR	GLCD_CS1_Direction, BitPos(GLCD_CS1_Direction+0)
;__Lib_Glcd.c,204 :: 		
0x03FE	0xA962C6  	BCLR	GLCD_CS2_Direction, BitPos(GLCD_CS2_Direction+0)
;__Lib_Glcd.c,207 :: 		
0x0400	0xA9E2CA  	BCLR	GLCD_RST, BitPos(GLCD_RST+0)
;__Lib_Glcd.c,213 :: 		
0x0402	0xA9E2D2  	BCLR	GLCD_D7_Direction, BitPos(GLCD_D7_Direction+0)
;__Lib_Glcd.c,214 :: 		
0x0404	0xA9C2D2  	BCLR	GLCD_D6_Direction, BitPos(GLCD_D6_Direction+0)
;__Lib_Glcd.c,215 :: 		
0x0406	0xA9A2D2  	BCLR	GLCD_D5_Direction, BitPos(GLCD_D5_Direction+0)
;__Lib_Glcd.c,216 :: 		
0x0408	0xA982D2  	BCLR	GLCD_D4_Direction, BitPos(GLCD_D4_Direction+0)
;__Lib_Glcd.c,217 :: 		
0x040A	0xA962D2  	BCLR	GLCD_D3_Direction, BitPos(GLCD_D3_Direction+0)
;__Lib_Glcd.c,218 :: 		
0x040C	0xA942D2  	BCLR	GLCD_D2_Direction, BitPos(GLCD_D2_Direction+0)
;__Lib_Glcd.c,219 :: 		
0x040E	0xA922D2  	BCLR	GLCD_D1_Direction, BitPos(GLCD_D1_Direction+0)
;__Lib_Glcd.c,220 :: 		
0x0410	0xA902D2  	BCLR	GLCD_D0_Direction, BitPos(GLCD_D0_Direction+0)
;__Lib_Glcd.c,230 :: 		
0x0412	0xA982CA  	BCLR	GLCD_RS, BitPos(GLCD_RS+0)
;__Lib_Glcd.c,231 :: 		
0x0414	0xA9A2CA  	BCLR	GLCD_RW, BitPos(GLCD_RW+0)
;__Lib_Glcd.c,233 :: 		
0x0416	0xA942CA  	BCLR	GLCD_CS1, BitPos(GLCD_CS1+0)
;__Lib_Glcd.c,234 :: 		
0x0418	0xA862CA  	BSET	GLCD_CS2, BitPos(GLCD_CS2+0)
;__Lib_Glcd.c,236 :: 		
0x041A	0xA8E2CA  	BSET	GLCD_RST, BitPos(GLCD_RST+0)
;__Lib_Glcd.c,239 :: 		
0x041C	0x07FE93  	RCALL	_Delay_1us
;__Lib_Glcd.c,246 :: 		
0x041E	0xB3C3FA  	MOV.B	#63, WREG10
0x0420	0x07FE94  	RCALL	__Lib_Glcd_Write_To_Pins
;__Lib_Glcd.c,247 :: 		
0x0422	0x07FE73  	RCALL	__Lib_Glcd_Strobe
;__Lib_Glcd.c,251 :: 		
0x0424	0xB3CC0A  	MOV.B	#192, WREG10
0x0426	0x07FE91  	RCALL	__Lib_Glcd_Write_To_Pins
;__Lib_Glcd.c,252 :: 		
0x0428	0x07FE70  	RCALL	__Lib_Glcd_Strobe
;__Lib_Glcd.c,254 :: 		
0x042A	0xA842CA  	BSET	GLCD_CS1, BitPos(GLCD_CS1+0)
;__Lib_Glcd.c,255 :: 		
0x042C	0xA962CA  	BCLR	GLCD_CS2, BitPos(GLCD_CS2+0)
;__Lib_Glcd.c,259 :: 		
0x042E	0xB3C3FA  	MOV.B	#63, WREG10
0x0430	0x07FE8C  	RCALL	__Lib_Glcd_Write_To_Pins
;__Lib_Glcd.c,260 :: 		
0x0432	0x07FE6B  	RCALL	__Lib_Glcd_Strobe
;__Lib_Glcd.c,265 :: 		
0x0434	0xB3CC0A  	MOV.B	#192, WREG10
0x0436	0x07FE89  	RCALL	__Lib_Glcd_Write_To_Pins
;__Lib_Glcd.c,266 :: 		
0x0438	0x07FE68  	RCALL	__Lib_Glcd_Strobe
;__Lib_Glcd.c,268 :: 		
L_end_Glcd_Init:
0x043A	0x78054F  	POP	WREG10
0x043C	0xFA8000  	ULNK
0x043E	0x060000  	RETURN
; end of _Glcd_Init
_Delay_1us:
;__Lib_Delays.c,380 :: 		void Delay_1us()
;__Lib_Delays.c,382 :: 		Delay_us(1);
0x0144	0x000000  	NOP
0x0146	0x000000  	NOP
;__Lib_Delays.c,383 :: 		}
L_end_Delay_1us:
0x0148	0x060000  	RETURN
; end of _Delay_1us
__Lib_Glcd_Write_To_Pins:
0x014A	0xFA0000  	LNK	#0
;__Lib_Glcd.c,33 :: 		
;__Lib_Glcd.c,34 :: 		
0x014C	0xAEE014  	BTSS.B	WREG10, #7
0x014E	0xA9E2D4  	BCLR	GLCD_D7, BitPos(GLCD_D7+0)
0x0150	0xAFE014  	BTSC.B	WREG10, #7
0x0152	0xA8E2D4  	BSET	GLCD_D7, BitPos(GLCD_D7+0)
;__Lib_Glcd.c,35 :: 		
0x0154	0xAEC014  	BTSS.B	WREG10, #6
0x0156	0xA9C2D4  	BCLR	GLCD_D6, BitPos(GLCD_D6+0)
0x0158	0xAFC014  	BTSC.B	WREG10, #6
0x015A	0xA8C2D4  	BSET	GLCD_D6, BitPos(GLCD_D6+0)
;__Lib_Glcd.c,36 :: 		
0x015C	0xAEA014  	BTSS.B	WREG10, #5
0x015E	0xA9A2D4  	BCLR	GLCD_D5, BitPos(GLCD_D5+0)
0x0160	0xAFA014  	BTSC.B	WREG10, #5
0x0162	0xA8A2D4  	BSET	GLCD_D5, BitPos(GLCD_D5+0)
;__Lib_Glcd.c,37 :: 		
0x0164	0xAE8014  	BTSS.B	WREG10, #4
0x0166	0xA982D4  	BCLR	GLCD_D4, BitPos(GLCD_D4+0)
0x0168	0xAF8014  	BTSC.B	WREG10, #4
0x016A	0xA882D4  	BSET	GLCD_D4, BitPos(GLCD_D4+0)
;__Lib_Glcd.c,38 :: 		
0x016C	0xAE6014  	BTSS.B	WREG10, #3
0x016E	0xA962D4  	BCLR	GLCD_D3, BitPos(GLCD_D3+0)
0x0170	0xAF6014  	BTSC.B	WREG10, #3
0x0172	0xA862D4  	BSET	GLCD_D3, BitPos(GLCD_D3+0)
;__Lib_Glcd.c,39 :: 		
0x0174	0xAE4014  	BTSS.B	WREG10, #2
0x0176	0xA942D4  	BCLR	GLCD_D2, BitPos(GLCD_D2+0)
0x0178	0xAF4014  	BTSC.B	WREG10, #2
0x017A	0xA842D4  	BSET	GLCD_D2, BitPos(GLCD_D2+0)
;__Lib_Glcd.c,40 :: 		
0x017C	0xAE2014  	BTSS.B	WREG10, #1
0x017E	0xA922D4  	BCLR	GLCD_D1, BitPos(GLCD_D1+0)
0x0180	0xAF2014  	BTSC.B	WREG10, #1
0x0182	0xA822D4  	BSET	GLCD_D1, BitPos(GLCD_D1+0)
;__Lib_Glcd.c,41 :: 		
0x0184	0xAE0014  	BTSS.B	WREG10, #0
0x0186	0xA902D4  	BCLR	GLCD_D0, BitPos(GLCD_D0+0)
0x0188	0xAF0014  	BTSC.B	WREG10, #0
0x018A	0xA802D4  	BSET	GLCD_D0, BitPos(GLCD_D0+0)
;__Lib_Glcd.c,42 :: 		
L_end_Write_To_Pins:
0x018C	0xFA8000  	ULNK
0x018E	0x060000  	RETURN
; end of __Lib_Glcd_Write_To_Pins
__Lib_Glcd_Strobe:
0x010A	0xFA0000  	LNK	#0
;__Lib_Glcd.c,45 :: 		
;__Lib_Glcd.c,46 :: 		
0x010C	0x07FFF9  	RCALL	_Delay_10us
;__Lib_Glcd.c,47 :: 		
0x010E	0xA8C2CA  	BSET	GLCD_EN, BitPos(GLCD_EN+0)
;__Lib_Glcd.c,48 :: 		
0x0110	0x07FFF7  	RCALL	_Delay_10us
;__Lib_Glcd.c,49 :: 		
0x0112	0xA9C2CA  	BCLR	GLCD_EN, BitPos(GLCD_EN+0)
;__Lib_Glcd.c,50 :: 		
L_end_Strobe:
0x0114	0xFA8000  	ULNK
0x0116	0x060000  	RETURN
; end of __Lib_Glcd_Strobe
_Delay_10us:
;__Lib_Delays.c,406 :: 		void Delay_10us()
;__Lib_Delays.c,408 :: 		Delay_us(10);
0x0100	0x200087  	MOV	#8, WREG7
L_Delay_10us11:
0x0102	0xED200E  	DEC	WREG7
0x0104	0x3AFFFE  	BRA NZ	L_Delay_10us11
0x0106	0x000000  	NOP
;__Lib_Delays.c,409 :: 		}
L_end_Delay_10us:
0x0108	0x060000  	RETURN
; end of _Delay_10us
_InitDelay:
;project.c,97 :: 		void InitDelay(void) {                          // Initialization of Timer2
;project.c,98 :: 		T2CON.B5 = 0;                                 // prescaler 1:8
0x04B8	0xA9A110  	BCLR	T2CON, #5
;project.c,99 :: 		T2CON.B4 = 1;
0x04BA	0xA88110  	BSET	T2CON, #4
;project.c,100 :: 		TMR2 = 0x0000;                                // Initial value of TMR2 register
0x04BC	0xEF2106  	CLR	TMR2
;project.c,101 :: 		T2CON.TON = 1;                                // start Timer2
0x04BE	0xA8E111  	BSET	T2CON, #15
;project.c,102 :: 		}
L_end_InitDelay:
0x04C0	0x060000  	RETURN
; end of _InitDelay
_ADC1_Get_Sample:
0x051E	0xFA0000  	LNK	#0
;__Lib_ADC_1_p24FJ_p30.c,64 :: 		
;__Lib_ADC_1_p24FJ_p30.c,66 :: 		
0x0520	0x200010  	MOV	#1, WREG0
0x0522	0xDD000A  	SL	WREG0, WREG10, WREG0
0x0524	0xEA8080  	COM	WREG0, WREG1
0x0526	0x202A80  	MOV	#lo_addr(ADPCFG), WREG0
0x0528	0x608810  	AND	WREG1, [WREG0], [WREG0]
;__Lib_ADC_1_p24FJ_p30.c,67 :: 		
0x052A	0x88153A  	MOV	WREG10, ADCHS
;__Lib_ADC_1_p24FJ_p30.c,68 :: 		
0x052C	0xA822A0  	BSET	ADCON1, #1
;__Lib_ADC_1_p24FJ_p30.c,70 :: 		
L_ADC1_Get_Sample0:
0x052E	0xAF02A0  	BTSC	ADCON1, #0
0x0530	0x370001  	BRA	L_ADC1_Get_Sample1
;__Lib_ADC_1_p24FJ_p30.c,71 :: 		
0x0532	0x37FFFD  	BRA	L_ADC1_Get_Sample0
L_ADC1_Get_Sample1:
;__Lib_ADC_1_p24FJ_p30.c,72 :: 		
0x0534	0xA902A0  	BCLR	ADCON1, #0
;__Lib_ADC_1_p24FJ_p30.c,73 :: 		
0x0536	0xBF8280  	MOV	ADCBUF0, WREG
;__Lib_ADC_1_p24FJ_p30.c,74 :: 		
L_end_ADC1_Get_Sample:
0x0538	0xFA8000  	ULNK
0x053A	0x060000  	RETURN
; end of _ADC1_Get_Sample
_InitVariable:
;project.c,108 :: 		void InitVariable(void) {                       // setting initial values
;project.c,109 :: 		abc = 0;
0x0510	0xEF2000  	CLR	WREG0
0x0512	0x8840C0  	MOV	WREG0, _abc
;project.c,110 :: 		temp_old = 0;
0x0514	0xEF2000  	CLR	WREG0
0x0516	0x8840D0  	MOV	WREG0, _temp_old
;project.c,111 :: 		distance = 0;
0x0518	0xEF2000  	CLR	WREG0
0x051A	0x8840B0  	MOV	WREG0, _distance
;project.c,112 :: 		}
L_end_InitVariable:
0x051C	0x060000  	RETURN
; end of _InitVariable
_Glcd_Write_Text:
0x04CA	0xFA0000  	LNK	#0
;__Lib_Glcd.c,350 :: 		
;__Lib_Glcd.c,353 :: 		
; i start address is: 4 (W2)
0x04CC	0xEF2004  	CLR	WREG2
;__Lib_Glcd.c,355 :: 		
0x04CE	0x208080  	MOV	#lo_addr(__Lib_Glcd_FontInitialized), WREG0
0x04D0	0x784010  	MOV.B	[WREG0], WREG0
0x04D2	0xE10460  	CP.B	WREG0, #0
0x04D4	0x3A000A  	BRA NZ	L_Glcd_Write_Text28
L__Glcd_Write_Text204:
;__Lib_Glcd.c,357 :: 		
0x04D6	0x208051  	MOV	#lo_addr(__Lib_Glcd_fontW), WREG1
0x04D8	0xB3C050  	MOV.B	#5, WREG0
0x04DA	0x784880  	MOV.B	WREG0, [WREG1]
;__Lib_Glcd.c,358 :: 		
0x04DC	0x208041  	MOV	#lo_addr(__Lib_Glcd_fontH), WREG1
0x04DE	0xB3C070  	MOV.B	#7, WREG0
0x04E0	0x784880  	MOV.B	WREG0, [WREG1]
;__Lib_Glcd.c,359 :: 		
0x04E2	0x280000  	MOV	#lo_addr(_font5x7), WREG0
0x04E4	0x884030  	MOV	WREG0, __Lib_Glcd_fontDef
;__Lib_Glcd.c,360 :: 		
0x04E6	0x200200  	MOV	#32, WREG0
0x04E8	0x884010  	MOV	WREG0, __Lib_Glcd_fontOffset
;__Lib_Glcd.c,361 :: 		
L_Glcd_Write_Text28:
;__Lib_Glcd.c,364 :: 		
0x04EA	0x780302  	MOV	WREG2, WREG6
L_Glcd_Write_Text29:
; i end address is: 4 (W2)
; i start address is: 12 (W6)
0x04EC	0x450006  	ADD	WREG10, WREG6, WREG0
0x04EE	0xE00410  	CP0.B	[WREG0]
0x04F0	0x32000D  	BRA Z	L_Glcd_Write_Text30
L__Glcd_Write_Text205:
;__Lib_Glcd.c,365 :: 		
0x04F2	0x450006  	ADD	WREG10, WREG6, WREG0
0x04F4	0xBE9F8A  	PUSH.D	WREG10
0x04F6	0x784510  	MOV.B	[WREG0], WREG10
0x04F8	0x07FEB9  	RCALL	_Glcd_Write_Char
0x04FA	0xBE054F  	POP.D	WREG10
;__Lib_Glcd.c,366 :: 		
0x04FC	0x208050  	MOV	#lo_addr(__Lib_Glcd_fontW), WREG0
0x04FE	0xFB8010  	ZE	[WREG0], WREG0
0x0500	0x4000E1  	ADD	WREG0, #1, WREG1
0x0502	0xFB800B  	ZE	WREG11, WREG0
0x0504	0x400001  	ADD	WREG0, WREG1, WREG0
0x0506	0x784580  	MOV.B	WREG0, WREG11
;__Lib_Glcd.c,367 :: 		
; i start address is: 12 (W6)
0x0508	0xEC200C  	INC	WREG6
; i end address is: 12 (W6)
;__Lib_Glcd.c,368 :: 		
; i end address is: 12 (W6)
0x050A	0x37FFF0  	BRA	L_Glcd_Write_Text29
L_Glcd_Write_Text30:
;__Lib_Glcd.c,369 :: 		
L_end_Glcd_Write_Text:
0x050C	0xFA8000  	ULNK
0x050E	0x060000  	RETURN
; end of _Glcd_Write_Text
_Glcd_Write_Char:
0x026C	0xFA0000  	LNK	#0
;__Lib_Glcd.c,284 :: 		
;__Lib_Glcd.c,289 :: 		
0x026E	0x781F8A  	PUSH	WREG10
0x0270	0xE16467  	CP.B	WREG12, #7
0x0272	0x360001  	BRA LEU	L_Glcd_Write_Char14
L__Glcd_Write_Char195:
;__Lib_Glcd.c,290 :: 		
0x0274	0x37005E  	BRA	L_end_Glcd_Write_Char
L_Glcd_Write_Char14:
;__Lib_Glcd.c,292 :: 		
0x0276	0xFB808A  	ZE	WREG10, WREG1
0x0278	0x208020  	MOV	#lo_addr(__Lib_Glcd_fontOffset), WREG0
0x027A	0x508090  	SUB	WREG1, [WREG0], WREG1
0x027C	0x208050  	MOV	#lo_addr(__Lib_Glcd_fontW), WREG0
0x027E	0xFB8010  	ZE	[WREG0], WREG0
0x0280	0xB80800  	MUL.UU	WREG1, WREG0, WREG0
; pointer start address is: 10 (W5)
0x0282	0x780280  	MOV	WREG0, WREG5
;__Lib_Glcd.c,294 :: 		
0x0284	0x78450B  	MOV.B	WREG11, WREG10
0x0286	0x07FF48  	RCALL	_Glcd_Set_X
;__Lib_Glcd.c,295 :: 		
0x0288	0x78450C  	MOV.B	WREG12, WREG10
0x028A	0x07FFC9  	RCALL	_Glcd_Set_Page
;__Lib_Glcd.c,297 :: 		
; ii start address is: 4 (W2)
; ii start address is: 4 (W2)
0x028C	0xEF2004  	CLR	WREG2
; pointer end address is: 10 (W5)
; ii end address is: 4 (W2)
; ii end address is: 4 (W2)
L_Glcd_Write_Char15:
; ii start address is: 4 (W2)
; pointer start address is: 10 (W5)
0x028E	0x208050  	MOV	#lo_addr(__Lib_Glcd_fontW), WREG0
0x0290	0xFB8010  	ZE	[WREG0], WREG0
0x0292	0xE11000  	CP	WREG2, WREG0
0x0294	0x310035  	BRA GEU	L_Glcd_Write_Char16
L__Glcd_Write_Char196:
;__Lib_Glcd.c,298 :: 		
0x0296	0xB3C7F0  	MOV.B	#127, WREG0
0x0298	0xE15C00  	CP.B	WREG11, WREG0
0x029A	0x360001  	BRA LEU	L_Glcd_Write_Char18
L__Glcd_Write_Char197:
; pointer end address is: 10 (W5)
; ii end address is: 4 (W2)
;__Lib_Glcd.c,299 :: 		
0x029C	0x37004A  	BRA	L_end_Glcd_Write_Char
L_Glcd_Write_Char18:
;__Lib_Glcd.c,301 :: 		
; ii start address is: 4 (W2)
; pointer start address is: 10 (W5)
0x029E	0x781F8A  	PUSH	WREG10
0x02A0	0x78450B  	MOV.B	WREG11, WREG10
0x02A2	0x07FFCA  	RCALL	_Glcd_Set_Side
;__Lib_Glcd.c,302 :: 		
0x02A4	0x78450C  	MOV.B	WREG12, WREG10
0x02A6	0x07FFBB  	RCALL	_Glcd_Set_Page
;__Lib_Glcd.c,303 :: 		
0x02A8	0x78450B  	MOV.B	WREG11, WREG10
0x02AA	0x07FF36  	RCALL	_Glcd_Set_X
0x02AC	0x78054F  	POP	WREG10
;__Lib_Glcd.c,305 :: 		
0x02AE	0x07FF70  	RCALL	_Glcd_Read_Data
;__Lib_Glcd.c,306 :: 		
0x02B0	0x07FF6F  	RCALL	_Glcd_Read_Data
; data_read start address is: 6 (W3)
0x02B2	0x784180  	MOV.B	WREG0, WREG3
;__Lib_Glcd.c,308 :: 		
0x02B4	0x781F8A  	PUSH	WREG10
0x02B6	0x78450B  	MOV.B	WREG11, WREG10
0x02B8	0x07FFBF  	RCALL	_Glcd_Set_Side
;__Lib_Glcd.c,309 :: 		
0x02BA	0x78450C  	MOV.B	WREG12, WREG10
0x02BC	0x07FFB0  	RCALL	_Glcd_Set_Page
;__Lib_Glcd.c,310 :: 		
0x02BE	0x78450B  	MOV.B	WREG11, WREG10
0x02C0	0x07FF2B  	RCALL	_Glcd_Set_X
0x02C2	0x78054F  	POP	WREG10
;__Lib_Glcd.c,313 :: 		
0x02C4	0x208060  	MOV	#lo_addr(__Lib_Glcd_fontDef), WREG0
0x02C6	0x428090  	ADD	WREG5, [WREG0], WREG1
0x02C8	0x784011  	MOV.B	[WREG1], WREG0
; font_ch start address is: 8 (W4)
0x02CA	0x784200  	MOV.B	WREG0, WREG4
; pointer start address is: 2 (W1)
0x02CC	0x4280E1  	ADD	WREG5, #1, WREG1
; pointer end address is: 10 (W5)
;__Lib_Glcd.c,314 :: 		
; font_ch_inv start address is: 0 (W0)
0x02CE	0xEEE000  	COM.B	WREG0
;__Lib_Glcd.c,317 :: 		
0x02D0	0x370007  	BRA	L_Glcd_Write_Char19
; font_ch end address is: 8 (W4)
; data_read end address is: 6 (W3)
;__Lib_Glcd.c,318 :: 		
L_Glcd_Write_Char21:
; data_read start address is: 6 (W3)
0x02D2	0x784180  	MOV.B	WREG0, WREG3
; font_ch_inv end address is: 0 (W0)
0x02D4	0x784003  	MOV.B	WREG3, WREG0
; data_read end address is: 6 (W3)
0x02D6	0x37000B  	BRA	L_Glcd_Write_Char20
;__Lib_Glcd.c,319 :: 		
L_Glcd_Write_Char22:
; data_read start address is: 0 (W0)
; font_ch start address is: 8 (W4)
0x02D8	0x784004  	MOV.B	WREG4, WREG0
; font_ch end address is: 8 (W4)
; data_read end address is: 0 (W0)
0x02DA	0x370009  	BRA	L_Glcd_Write_Char20
;__Lib_Glcd.c,320 :: 		
L_Glcd_Write_Char23:
; data_read start address is: 0 (W0)
; data_read start address is: 6 (W3)
; font_ch start address is: 8 (W4)
0x02DC	0x69C004  	XOR.B	WREG3, WREG4, WREG0
; font_ch end address is: 8 (W4)
; data_read end address is: 6 (W3)
;__Lib_Glcd.c,321 :: 		
; data_read end address is: 0 (W0)
0x02DE	0x370007  	BRA	L_Glcd_Write_Char20
L_Glcd_Write_Char19:
; data_read start address is: 6 (W3)
; font_ch_inv start address is: 0 (W0)
; font_ch start address is: 8 (W4)
0x02E0	0xE16C60  	CP.B	WREG13, #0
0x02E2	0x32FFF7  	BRA Z	L_Glcd_Write_Char21
L__Glcd_Write_Char198:
; font_ch_inv end address is: 0 (W0)
0x02E4	0xE16C61  	CP.B	WREG13, #1
0x02E6	0x32FFF8  	BRA Z	L_Glcd_Write_Char22
L__Glcd_Write_Char199:
0x02E8	0xE16C62  	CP.B	WREG13, #2
0x02EA	0x32FFF8  	BRA Z	L_Glcd_Write_Char23
L__Glcd_Write_Char200:
; font_ch end address is: 8 (W4)
; data_read end address is: 6 (W3)
0x02EC	0x784003  	MOV.B	WREG3, WREG0
L_Glcd_Write_Char20:
;__Lib_Glcd.c,323 :: 		
; data_read start address is: 0 (W0)
0x02EE	0x781F8A  	PUSH	WREG10
; data_read end address is: 0 (W0)
0x02F0	0x784500  	MOV.B	WREG0, WREG10
0x02F2	0x07FF8D  	RCALL	_Glcd_Write_Data
0x02F4	0x78054F  	POP	WREG10
;__Lib_Glcd.c,324 :: 		
0x02F6	0x45C061  	ADD.B	WREG11, #1, WREG0
0x02F8	0x784580  	MOV.B	WREG0, WREG11
;__Lib_Glcd.c,297 :: 		
; ii start address is: 4 (W2)
0x02FA	0xEC2004  	INC	WREG2
; ii end address is: 4 (W2)
;__Lib_Glcd.c,325 :: 		
0x02FC	0x780281  	MOV	WREG1, WREG5
; pointer end address is: 2 (W1)
; ii end address is: 4 (W2)
0x02FE	0x37FFC7  	BRA	L_Glcd_Write_Char15
L_Glcd_Write_Char16:
;__Lib_Glcd.c,328 :: 		
0x0300	0x781F8A  	PUSH	WREG10
0x0302	0x78450B  	MOV.B	WREG11, WREG10
0x0304	0x07FF99  	RCALL	_Glcd_Set_Side
;__Lib_Glcd.c,329 :: 		
0x0306	0x78450C  	MOV.B	WREG12, WREG10
0x0308	0x07FF8A  	RCALL	_Glcd_Set_Page
;__Lib_Glcd.c,330 :: 		
0x030A	0x78450B  	MOV.B	WREG11, WREG10
0x030C	0x07FF05  	RCALL	_Glcd_Set_X
0x030E	0x78054F  	POP	WREG10
;__Lib_Glcd.c,332 :: 		
; font_ch start address is: 0 (W0)
0x0310	0xB3CFF0  	MOV.B	#255, WREG0
;__Lib_Glcd.c,333 :: 		
; font_ch_inv start address is: 2 (W1)
0x0312	0xEF2002  	CLR	WREG1
;__Lib_Glcd.c,335 :: 		
0x0314	0x37000A  	BRA	L_Glcd_Write_Char24
; font_ch_inv end address is: 2 (W1)
;__Lib_Glcd.c,336 :: 		
L_Glcd_Write_Char26:
;__Lib_Glcd.c,338 :: 		
0x0316	0x781F8A  	PUSH	WREG10
; font_ch end address is: 0 (W0)
0x0318	0x784500  	MOV.B	WREG0, WREG10
0x031A	0x07FF79  	RCALL	_Glcd_Write_Data
0x031C	0x78054F  	POP	WREG10
;__Lib_Glcd.c,339 :: 		
0x031E	0x370009  	BRA	L_Glcd_Write_Char25
;__Lib_Glcd.c,340 :: 		
L_Glcd_Write_Char27:
;__Lib_Glcd.c,342 :: 		
; font_ch_inv start address is: 2 (W1)
0x0320	0x781F8A  	PUSH	WREG10
; font_ch_inv end address is: 2 (W1)
0x0322	0x784501  	MOV.B	WREG1, WREG10
0x0324	0x07FF74  	RCALL	_Glcd_Write_Data
0x0326	0x78054F  	POP	WREG10
;__Lib_Glcd.c,343 :: 		
0x0328	0x370004  	BRA	L_Glcd_Write_Char25
;__Lib_Glcd.c,344 :: 		
L_Glcd_Write_Char24:
; font_ch_inv start address is: 2 (W1)
; font_ch start address is: 0 (W0)
0x032A	0xE16C60  	CP.B	WREG13, #0
0x032C	0x32FFF4  	BRA Z	L_Glcd_Write_Char26
L__Glcd_Write_Char201:
; font_ch end address is: 0 (W0)
0x032E	0xE16C61  	CP.B	WREG13, #1
0x0330	0x32FFF7  	BRA Z	L_Glcd_Write_Char27
L__Glcd_Write_Char202:
; font_ch_inv end address is: 2 (W1)
L_Glcd_Write_Char25:
;__Lib_Glcd.c,346 :: 		
L_end_Glcd_Write_Char:
0x0332	0x78054F  	POP	WREG10
0x0334	0xFA8000  	ULNK
0x0336	0x060000  	RETURN
; end of _Glcd_Write_Char
_Glcd_Set_X:
0x0118	0xFA0000  	LNK	#0
;__Lib_Glcd.c,75 :: 		
;__Lib_Glcd.c,77 :: 		
0x011A	0x781F8A  	PUSH	WREG10
0x011C	0xFB808A  	ZE	WREG10, WREG1
0x011E	0x2007F0  	MOV	#127, WREG0
0x0120	0x608000  	AND	WREG1, WREG0, WREG0
0x0122	0x784500  	MOV.B	WREG0, WREG10
;__Lib_Glcd.c,78 :: 		
0x0124	0xA982CA  	BCLR	GLCD_RS, BitPos(GLCD_RS+0)
;__Lib_Glcd.c,79 :: 		
0x0126	0xA9A2CA  	BCLR	GLCD_RW, BitPos(GLCD_RW+0)
;__Lib_Glcd.c,81 :: 		
0x0128	0xFB8080  	ZE	WREG0, WREG1
0x012A	0x200BF0  	MOV	#191, WREG0
0x012C	0x608000  	AND	WREG1, WREG0, WREG0
0x012E	0x784500  	MOV.B	WREG0, WREG10
;__Lib_Glcd.c,82 :: 		
0x0130	0xFB8080  	ZE	WREG0, WREG1
0x0132	0x200400  	MOV	#64, WREG0
0x0134	0x708000  	IOR	WREG1, WREG0, WREG0
0x0136	0x784500  	MOV.B	WREG0, WREG10
;__Lib_Glcd.c,85 :: 		
0x0138	0x784500  	MOV.B	WREG0, WREG10
0x013A	0x070007  	RCALL	__Lib_Glcd_Write_To_Pins
;__Lib_Glcd.c,87 :: 		
0x013C	0x07FFE6  	RCALL	__Lib_Glcd_Strobe
;__Lib_Glcd.c,88 :: 		
L_end_Glcd_Set_X:
0x013E	0x78054F  	POP	WREG10
0x0140	0xFA8000  	ULNK
0x0142	0x060000  	RETURN
; end of _Glcd_Set_X
_Glcd_Set_Page:
0x021E	0xFA0000  	LNK	#0
;__Lib_Glcd.c,53 :: 		
;__Lib_Glcd.c,55 :: 		
0x0220	0x781F8A  	PUSH	WREG10
0x0222	0xA982CA  	BCLR	GLCD_RS, BitPos(GLCD_RS+0)
;__Lib_Glcd.c,56 :: 		
0x0224	0xA9A2CA  	BCLR	GLCD_RW, BitPos(GLCD_RW+0)
;__Lib_Glcd.c,58 :: 		
0x0226	0xFB808A  	ZE	WREG10, WREG1
0x0228	0x200B80  	MOV	#184, WREG0
0x022A	0x708000  	IOR	WREG1, WREG0, WREG0
0x022C	0x784500  	MOV.B	WREG0, WREG10
0x022E	0x07FF8D  	RCALL	__Lib_Glcd_Write_To_Pins
;__Lib_Glcd.c,59 :: 		
0x0230	0x07FF6C  	RCALL	__Lib_Glcd_Strobe
;__Lib_Glcd.c,60 :: 		
L_end_Glcd_Set_Page:
0x0232	0x78054F  	POP	WREG10
0x0234	0xFA8000  	ULNK
0x0236	0x060000  	RETURN
; end of _Glcd_Set_Page
_Glcd_Set_Side:
0x0238	0xFA0000  	LNK	#0
;__Lib_Glcd.c,63 :: 		
;__Lib_Glcd.c,64 :: 		
0x023A	0xFB808A  	ZE	WREG10, WREG1
0x023C	0x2007F0  	MOV	#127, WREG0
0x023E	0x608000  	AND	WREG1, WREG0, WREG0
0x0240	0x784500  	MOV.B	WREG0, WREG10
;__Lib_Glcd.c,65 :: 		
0x0242	0xAEC000  	BTSS	WREG0, #6
0x0244	0x370003  	BRA	L_Glcd_Set_Side0
;__Lib_Glcd.c,66 :: 		
0x0246	0xA842CA  	BSET	GLCD_CS1, BitPos(GLCD_CS1+0)
;__Lib_Glcd.c,67 :: 		
0x0248	0xA962CA  	BCLR	GLCD_CS2, BitPos(GLCD_CS2+0)
;__Lib_Glcd.c,68 :: 		
0x024A	0x370002  	BRA	L_Glcd_Set_Side1
L_Glcd_Set_Side0:
;__Lib_Glcd.c,69 :: 		
0x024C	0xA942CA  	BCLR	GLCD_CS1, BitPos(GLCD_CS1+0)
;__Lib_Glcd.c,70 :: 		
0x024E	0xA862CA  	BSET	GLCD_CS2, BitPos(GLCD_CS2+0)
;__Lib_Glcd.c,71 :: 		
L_Glcd_Set_Side1:
;__Lib_Glcd.c,72 :: 		
L_end_Glcd_Set_Side:
0x0250	0xFA8000  	ULNK
0x0252	0x060000  	RETURN
; end of _Glcd_Set_Side
_Glcd_Read_Data:
0x0190	0xFA0002  	LNK	#2
;__Lib_Glcd.c,91 :: 		
;__Lib_Glcd.c,98 :: 		
0x0192	0xA8E2D2  	BSET	GLCD_D7_Direction, BitPos(GLCD_D7_Direction+0)
;__Lib_Glcd.c,99 :: 		
0x0194	0xA8C2D2  	BSET	GLCD_D6_Direction, BitPos(GLCD_D6_Direction+0)
;__Lib_Glcd.c,100 :: 		
0x0196	0xA8A2D2  	BSET	GLCD_D5_Direction, BitPos(GLCD_D5_Direction+0)
;__Lib_Glcd.c,101 :: 		
0x0198	0xA882D2  	BSET	GLCD_D4_Direction, BitPos(GLCD_D4_Direction+0)
;__Lib_Glcd.c,102 :: 		
0x019A	0xA862D2  	BSET	GLCD_D3_Direction, BitPos(GLCD_D3_Direction+0)
;__Lib_Glcd.c,103 :: 		
0x019C	0xA842D2  	BSET	GLCD_D2_Direction, BitPos(GLCD_D2_Direction+0)
;__Lib_Glcd.c,104 :: 		
0x019E	0xA822D2  	BSET	GLCD_D1_Direction, BitPos(GLCD_D1_Direction+0)
;__Lib_Glcd.c,105 :: 		
0x01A0	0xA802D2  	BSET	GLCD_D0_Direction, BitPos(GLCD_D0_Direction+0)
;__Lib_Glcd.c,108 :: 		
0x01A2	0x07FFD0  	RCALL	_Delay_1us
;__Lib_Glcd.c,109 :: 		
0x01A4	0x07FFCF  	RCALL	_Delay_1us
;__Lib_Glcd.c,111 :: 		
0x01A6	0xA882CA  	BSET	GLCD_RS, BitPos(GLCD_RS+0)
;__Lib_Glcd.c,112 :: 		
0x01A8	0xA9C2CA  	BCLR	GLCD_EN, BitPos(GLCD_EN+0)
;__Lib_Glcd.c,113 :: 		
0x01AA	0xA8A2CA  	BSET	GLCD_RW, BitPos(GLCD_RW+0)
;__Lib_Glcd.c,115 :: 		
0x01AC	0xA8C2CA  	BSET	GLCD_EN, BitPos(GLCD_EN+0)
;__Lib_Glcd.c,117 :: 		
0x01AE	0x07FFA8  	RCALL	_Delay_10us
;__Lib_Glcd.c,126 :: 		
0x01B0	0x470060  	ADD	WREG14, #0, WREG0
0x01B2	0xA07010  	BSET	[WREG0], #7
0x01B4	0xAEE2D4  	BTSS	GLCD_D7, BitPos(GLCD_D7+0)
0x01B6	0xA17010  	BCLR	[WREG0], #7
;__Lib_Glcd.c,127 :: 		
0x01B8	0x470060  	ADD	WREG14, #0, WREG0
0x01BA	0xA06010  	BSET	[WREG0], #6
0x01BC	0xAEC2D4  	BTSS	GLCD_D6, BitPos(GLCD_D6+0)
0x01BE	0xA16010  	BCLR	[WREG0], #6
;__Lib_Glcd.c,128 :: 		
0x01C0	0x470060  	ADD	WREG14, #0, WREG0
0x01C2	0xA05010  	BSET	[WREG0], #5
0x01C4	0xAEA2D4  	BTSS	GLCD_D5, BitPos(GLCD_D5+0)
0x01C6	0xA15010  	BCLR	[WREG0], #5
;__Lib_Glcd.c,129 :: 		
0x01C8	0x470060  	ADD	WREG14, #0, WREG0
0x01CA	0xA04010  	BSET	[WREG0], #4
0x01CC	0xAE82D4  	BTSS	GLCD_D4, BitPos(GLCD_D4+0)
0x01CE	0xA14010  	BCLR	[WREG0], #4
;__Lib_Glcd.c,130 :: 		
0x01D0	0x470060  	ADD	WREG14, #0, WREG0
0x01D2	0xA03010  	BSET	[WREG0], #3
0x01D4	0xAE62D4  	BTSS	GLCD_D3, BitPos(GLCD_D3+0)
0x01D6	0xA13010  	BCLR	[WREG0], #3
;__Lib_Glcd.c,131 :: 		
0x01D8	0x470060  	ADD	WREG14, #0, WREG0
0x01DA	0xA02010  	BSET	[WREG0], #2
0x01DC	0xAE42D4  	BTSS	GLCD_D2, BitPos(GLCD_D2+0)
0x01DE	0xA12010  	BCLR	[WREG0], #2
;__Lib_Glcd.c,132 :: 		
0x01E0	0x470060  	ADD	WREG14, #0, WREG0
0x01E2	0xA01010  	BSET	[WREG0], #1
0x01E4	0xAE22D4  	BTSS	GLCD_D1, BitPos(GLCD_D1+0)
0x01E6	0xA11010  	BCLR	[WREG0], #1
;__Lib_Glcd.c,133 :: 		
0x01E8	0x470060  	ADD	WREG14, #0, WREG0
0x01EA	0xA00010  	BSET	[WREG0], #0
0x01EC	0xAE02D4  	BTSS	GLCD_D0, BitPos(GLCD_D0+0)
0x01EE	0xA10010  	BCLR	[WREG0], #0
;__Lib_Glcd.c,136 :: 		
0x01F0	0xA9C2CA  	BCLR	GLCD_EN, BitPos(GLCD_EN+0)
;__Lib_Glcd.c,137 :: 		
0x01F2	0xA9A2CA  	BCLR	GLCD_RW, BitPos(GLCD_RW+0)
;__Lib_Glcd.c,139 :: 		
0x01F4	0x07FFA7  	RCALL	_Delay_1us
;__Lib_Glcd.c,140 :: 		
0x01F6	0x07FFA6  	RCALL	_Delay_1us
;__Lib_Glcd.c,146 :: 		
0x01F8	0xA9E2D2  	BCLR	GLCD_D7_Direction, BitPos(GLCD_D7_Direction+0)
;__Lib_Glcd.c,147 :: 		
0x01FA	0xA9C2D2  	BCLR	GLCD_D6_Direction, BitPos(GLCD_D6_Direction+0)
;__Lib_Glcd.c,148 :: 		
0x01FC	0xA9A2D2  	BCLR	GLCD_D5_Direction, BitPos(GLCD_D5_Direction+0)
;__Lib_Glcd.c,149 :: 		
0x01FE	0xA982D2  	BCLR	GLCD_D4_Direction, BitPos(GLCD_D4_Direction+0)
;__Lib_Glcd.c,150 :: 		
0x0200	0xA962D2  	BCLR	GLCD_D3_Direction, BitPos(GLCD_D3_Direction+0)
;__Lib_Glcd.c,151 :: 		
0x0202	0xA942D2  	BCLR	GLCD_D2_Direction, BitPos(GLCD_D2_Direction+0)
;__Lib_Glcd.c,152 :: 		
0x0204	0xA922D2  	BCLR	GLCD_D1_Direction, BitPos(GLCD_D1_Direction+0)
;__Lib_Glcd.c,153 :: 		
0x0206	0xA902D2  	BCLR	GLCD_D0_Direction, BitPos(GLCD_D0_Direction+0)
;__Lib_Glcd.c,155 :: 		
0x0208	0x90400E  	MOV.B	[WREG14+0], WREG0
;__Lib_Glcd.c,156 :: 		
L_end_Glcd_Read_Data:
0x020A	0xFA8000  	ULNK
0x020C	0x060000  	RETURN
; end of _Glcd_Read_Data
_Glcd_Write_Data:
0x020E	0xFA0000  	LNK	#0
;__Lib_Glcd.c,159 :: 		
;__Lib_Glcd.c,161 :: 		
0x0210	0xA9C2CA  	BCLR	GLCD_EN, BitPos(GLCD_EN+0)
;__Lib_Glcd.c,162 :: 		
0x0212	0xA882CA  	BSET	GLCD_RS, BitPos(GLCD_RS+0)
;__Lib_Glcd.c,163 :: 		
0x0214	0xA9A2CA  	BCLR	GLCD_RW, BitPos(GLCD_RW+0)
;__Lib_Glcd.c,166 :: 		
0x0216	0x07FF99  	RCALL	__Lib_Glcd_Write_To_Pins
;__Lib_Glcd.c,168 :: 		
0x0218	0x07FF78  	RCALL	__Lib_Glcd_Strobe
;__Lib_Glcd.c,169 :: 		
L_end_Glcd_Write_Data:
0x021A	0xFA8000  	ULNK
0x021C	0x060000  	RETURN
; end of _Glcd_Write_Data
_IntToStr:
0x045A	0xFA0000  	LNK	#0
;__Lib_Conversions.c,146 :: 		
;__Lib_Conversions.c,152 :: 		
0x045C	0x781F8A  	PUSH	WREG10
; negative start address is: 8 (W4)
0x045E	0xEF2008  	CLR	WREG4
;__Lib_Conversions.c,153 :: 		
; inword start address is: 0 (W0)
0x0460	0x78000A  	MOV	WREG10, WREG0
;__Lib_Conversions.c,154 :: 		
0x0462	0xE15060  	CP	WREG10, #0
0x0464	0x3D0003  	BRA GE	L__IntToStr95
L__IntToStr129:
; inword end address is: 0 (W0)
;__Lib_Conversions.c,155 :: 		
0x0466	0x200014  	MOV	#1, WREG4
;__Lib_Conversions.c,156 :: 		
; inword start address is: 0 (W0)
0x0468	0x150060  	SUBR	WREG10, #0, WREG0
; inword end address is: 0 (W0)
; negative end address is: 8 (W4)
;__Lib_Conversions.c,157 :: 		
0x046A	0x370000  	BRA	L_IntToStr23
L__IntToStr95:
;__Lib_Conversions.c,154 :: 		
;__Lib_Conversions.c,157 :: 		
L_IntToStr23:
;__Lib_Conversions.c,158 :: 		
; inword start address is: 0 (W0)
; negative start address is: 8 (W4)
0x046C	0x780500  	MOV	WREG0, WREG10
; inword end address is: 0 (W0)
0x046E	0x07FF8D  	RCALL	_WordToStr
;__Lib_Conversions.c,160 :: 		
; i start address is: 6 (W3)
; i start address is: 6 (W3)
0x0470	0x200063  	MOV	#6, WREG3
; negative end address is: 8 (W4)
; i end address is: 6 (W3)
; i end address is: 6 (W3)
0x0472	0x780104  	MOV	WREG4, WREG2
;__Lib_Conversions.c,161 :: 		
L_IntToStr24:
; i start address is: 6 (W3)
; negative start address is: 4 (W2)
0x0474	0xE11860  	CP	WREG3, #0
0x0476	0x360006  	BRA LEU	L_IntToStr25
L__IntToStr130:
;__Lib_Conversions.c,162 :: 		
0x0478	0x458083  	ADD	WREG11, WREG3, WREG1
0x047A	0x518061  	SUB	WREG3, #1, WREG0
0x047C	0x458000  	ADD	WREG11, WREG0, WREG0
0x047E	0x784890  	MOV.B	[WREG0], [WREG1]
;__Lib_Conversions.c,163 :: 		
; i start address is: 6 (W3)
0x0480	0xED2006  	DEC	WREG3
; i end address is: 6 (W3)
;__Lib_Conversions.c,164 :: 		
; i end address is: 6 (W3)
0x0482	0x37FFF8  	BRA	L_IntToStr24
L_IntToStr25:
;__Lib_Conversions.c,165 :: 		
0x0484	0xB3C200  	MOV.B	#32, WREG0
0x0486	0x784D80  	MOV.B	WREG0, [WREG11]
;__Lib_Conversions.c,166 :: 		
0x0488	0xE20004  	CP0	WREG2
0x048A	0x32000C  	BRA Z	L_IntToStr26
L__IntToStr131:
; negative end address is: 4 (W2)
;__Lib_Conversions.c,167 :: 		
; i start address is: 4 (W2)
; i start address is: 4 (W2)
0x048C	0xEF2004  	CLR	WREG2
; i end address is: 4 (W2)
; i end address is: 4 (W2)
;__Lib_Conversions.c,168 :: 		
L_IntToStr27:
; i start address is: 4 (W2)
0x048E	0x458002  	ADD	WREG11, WREG2, WREG0
0x0490	0x784090  	MOV.B	[WREG0], WREG1
0x0492	0xB3C200  	MOV.B	#32, WREG0
0x0494	0xE10C00  	CP.B	WREG1, WREG0
0x0496	0x3A0002  	BRA NZ	L_IntToStr28
L__IntToStr132:
; i start address is: 4 (W2)
0x0498	0xEC2004  	INC	WREG2
; i end address is: 4 (W2)
0x049A	0x37FFF9  	BRA	L_IntToStr27
L_IntToStr28:
;__Lib_Conversions.c,169 :: 		
0x049C	0x510061  	SUB	WREG2, #1, WREG0
; i end address is: 4 (W2)
;__Lib_Conversions.c,170 :: 		
0x049E	0x458080  	ADD	WREG11, WREG0, WREG1
0x04A0	0xB3C2D0  	MOV.B	#45, WREG0
0x04A2	0x784880  	MOV.B	WREG0, [WREG1]
L_IntToStr26:
;__Lib_Conversions.c,171 :: 		
L_end_IntToStr:
0x04A4	0x78054F  	POP	WREG10
0x04A6	0xFA8000  	ULNK
0x04A8	0x060000  	RETURN
; end of _IntToStr
_WordToStr:
0x038A	0xFA0002  	LNK	#2
;__Lib_Conversions.c,84 :: 		
;__Lib_Conversions.c,89 :: 		
; len start address is: 4 (W2)
; len start address is: 4 (W2)
0x038C	0xEF2004  	CLR	WREG2
; len end address is: 4 (W2)
; len end address is: 4 (W2)
L_WordToStr6:
; len start address is: 4 (W2)
0x038E	0xE11465  	CP.B	WREG2, #5
0x0390	0x310006  	BRA GEU	L_WordToStr7
L__WordToStr118:
;__Lib_Conversions.c,90 :: 		
0x0392	0xFB8002  	ZE	WREG2, WREG0
0x0394	0x458080  	ADD	WREG11, WREG0, WREG1
0x0396	0xB3C200  	MOV.B	#32, WREG0
0x0398	0x784880  	MOV.B	WREG0, [WREG1]
;__Lib_Conversions.c,89 :: 		
; len start address is: 4 (W2)
0x039A	0xEC6004  	INC.B	WREG2
; len end address is: 4 (W2)
;__Lib_Conversions.c,90 :: 		
0x039C	0x37FFF8  	BRA	L_WordToStr6
L_WordToStr7:
;__Lib_Conversions.c,91 :: 		
0x039E	0xFB8002  	ZE	WREG2, WREG0
0x03A0	0x458080  	ADD	WREG11, WREG0, WREG1
0x03A2	0xEF2000  	CLR	WREG0
0x03A4	0x784880  	MOV.B	WREG0, [WREG1]
; len start address is: 6 (W3)
0x03A6	0x5141E1  	SUB.B	WREG2, #1, WREG3
; len end address is: 4 (W2)
; len end address is: 6 (W3)
;__Lib_Conversions.c,93 :: 		
L_WordToStr9:
; len start address is: 6 (W3)
;__Lib_Conversions.c,94 :: 		
0x03A8	0xFB8003  	ZE	WREG3, WREG0
0x03AA	0x458000  	ADD	WREG11, WREG0, WREG0
0x03AC	0x980700  	MOV	WREG0, [WREG14+0]
0x03AE	0x2000A2  	MOV	#10, WREG2
0x03B0	0x090011  	REPEAT	#17
0x03B2	0xD88502  	DIV.U	WREG10, WREG2
0x03B4	0x200300  	MOV	#48, WREG0
0x03B6	0x408080  	ADD	WREG1, WREG0, WREG1
0x03B8	0x90000E  	MOV	[WREG14+0], WREG0
0x03BA	0x784801  	MOV.B	WREG1, [WREG0]
;__Lib_Conversions.c,95 :: 		
0x03BC	0x2000A2  	MOV	#10, WREG2
0x03BE	0x090011  	REPEAT	#17
0x03C0	0xD88502  	DIV.U	WREG10, WREG2
0x03C2	0x780500  	MOV	WREG0, WREG10
;__Lib_Conversions.c,96 :: 		
0x03C4	0xE10060  	CP	WREG0, #0
0x03C6	0x3A0001  	BRA NZ	L_WordToStr11
L__WordToStr119:
; len end address is: 6 (W3)
;__Lib_Conversions.c,97 :: 		
0x03C8	0x370002  	BRA	L_WordToStr10
L_WordToStr11:
;__Lib_Conversions.c,98 :: 		
; len start address is: 6 (W3)
; len start address is: 6 (W3)
0x03CA	0xED6006  	DEC.B	WREG3
; len end address is: 6 (W3)
;__Lib_Conversions.c,99 :: 		
; len end address is: 6 (W3)
0x03CC	0x37FFED  	BRA	L_WordToStr9
L_WordToStr10:
;__Lib_Conversions.c,100 :: 		
L_end_WordToStr:
0x03CE	0xFA8000  	ULNK
0x03D0	0x060000  	RETURN
; end of _WordToStr
_Timer1Int:
0x053C	0xF80036  	PUSH	RCOUNT
0x053E	0x781F80  	PUSH	WREG0
0x0540	0x200020  	MOV	#2, WREG0
0x0542	0x09000C  	REPEAT	#12
0x0544	0x781FB0  	PUSH	[WREG0++]
;project.c,78 :: 		void Timer1Int() iv IVT_ADDR_T1INTERRUPT {      // Timer interrupt, sample with 40kHz
;project.c,79 :: 		LATC = ~PORTC;                                // invert PortC for generating signal
0x0546	0x202D01  	MOV	#lo_addr(LATC), WREG1
0x0548	0xBF82CE  	MOV	PORTC, WREG
0x054A	0xEA8880  	COM	WREG0, [WREG1]
;project.c,80 :: 		IFS0.T1IF = 0;                                // clear interrupt flag
0x054C	0xA96084  	BCLR	IFS0, #3
;project.c,81 :: 		}
L_end_Timer1Int:
0x054E	0x2001A0  	MOV	#26, WREG0
0x0550	0x09000C  	REPEAT	#12
0x0552	0x78104F  	POP	[WREG0--]
0x0554	0x78004F  	POP	WREG0
0x0556	0xF90036  	POP	RCOUNT
0x0558	0x064000  	RETFIE
; end of _Timer1Int
;__Lib_GlcdFonts.c,612 :: _font5x7 [480]
0x8000	0x0000 ;_font5x7+0
0x8002	0x0000 ;_font5x7+2
0x8004	0x0000 ;_font5x7+4
0x8006	0x5F00 ;_font5x7+6
0x8008	0x0000 ;_font5x7+8
0x800A	0x0700 ;_font5x7+10
0x800C	0x0700 ;_font5x7+12
0x800E	0x1400 ;_font5x7+14
0x8010	0x147F ;_font5x7+16
0x8012	0x147F ;_font5x7+18
0x8014	0x2A24 ;_font5x7+20
0x8016	0x2A7F ;_font5x7+22
0x8018	0x2312 ;_font5x7+24
0x801A	0x0813 ;_font5x7+26
0x801C	0x6264 ;_font5x7+28
0x801E	0x4936 ;_font5x7+30
0x8020	0x2255 ;_font5x7+32
0x8022	0x0050 ;_font5x7+34
0x8024	0x0305 ;_font5x7+36
0x8026	0x0000 ;_font5x7+38
0x8028	0x1C00 ;_font5x7+40
0x802A	0x4122 ;_font5x7+42
0x802C	0x0000 ;_font5x7+44
0x802E	0x2241 ;_font5x7+46
0x8030	0x001C ;_font5x7+48
0x8032	0x2A08 ;_font5x7+50
0x8034	0x2A1C ;_font5x7+52
0x8036	0x0808 ;_font5x7+54
0x8038	0x3E08 ;_font5x7+56
0x803A	0x0808 ;_font5x7+58
0x803C	0x5000 ;_font5x7+60
0x803E	0x0030 ;_font5x7+62
0x8040	0x0800 ;_font5x7+64
0x8042	0x0808 ;_font5x7+66
0x8044	0x0808 ;_font5x7+68
0x8046	0x3000 ;_font5x7+70
0x8048	0x0030 ;_font5x7+72
0x804A	0x2000 ;_font5x7+74
0x804C	0x0810 ;_font5x7+76
0x804E	0x0204 ;_font5x7+78
0x8050	0x513E ;_font5x7+80
0x8052	0x4549 ;_font5x7+82
0x8054	0x003E ;_font5x7+84
0x8056	0x7F42 ;_font5x7+86
0x8058	0x0040 ;_font5x7+88
0x805A	0x6142 ;_font5x7+90
0x805C	0x4951 ;_font5x7+92
0x805E	0x2146 ;_font5x7+94
0x8060	0x4541 ;_font5x7+96
0x8062	0x314B ;_font5x7+98
0x8064	0x1418 ;_font5x7+100
0x8066	0x7F12 ;_font5x7+102
0x8068	0x2710 ;_font5x7+104
0x806A	0x4545 ;_font5x7+106
0x806C	0x3945 ;_font5x7+108
0x806E	0x4A3C ;_font5x7+110
0x8070	0x4949 ;_font5x7+112
0x8072	0x0130 ;_font5x7+114
0x8074	0x0971 ;_font5x7+116
0x8076	0x0305 ;_font5x7+118
0x8078	0x4936 ;_font5x7+120
0x807A	0x4949 ;_font5x7+122
0x807C	0x0636 ;_font5x7+124
0x807E	0x4949 ;_font5x7+126
0x8080	0x1E29 ;_font5x7+128
0x8082	0x3600 ;_font5x7+130
0x8084	0x0036 ;_font5x7+132
0x8086	0x0000 ;_font5x7+134
0x8088	0x3656 ;_font5x7+136
0x808A	0x0000 ;_font5x7+138
0x808C	0x0800 ;_font5x7+140
0x808E	0x2214 ;_font5x7+142
0x8090	0x1441 ;_font5x7+144
0x8092	0x1414 ;_font5x7+146
0x8094	0x1414 ;_font5x7+148
0x8096	0x2241 ;_font5x7+150
0x8098	0x0814 ;_font5x7+152
0x809A	0x0200 ;_font5x7+154
0x809C	0x5101 ;_font5x7+156
0x809E	0x0609 ;_font5x7+158
0x80A0	0x4932 ;_font5x7+160
0x80A2	0x4179 ;_font5x7+162
0x80A4	0x7E3E ;_font5x7+164
0x80A6	0x1111 ;_font5x7+166
0x80A8	0x7E11 ;_font5x7+168
0x80AA	0x497F ;_font5x7+170
0x80AC	0x4949 ;_font5x7+172
0x80AE	0x3E36 ;_font5x7+174
0x80B0	0x4141 ;_font5x7+176
0x80B2	0x2241 ;_font5x7+178
0x80B4	0x417F ;_font5x7+180
0x80B6	0x2241 ;_font5x7+182
0x80B8	0x7F1C ;_font5x7+184
0x80BA	0x4949 ;_font5x7+186
0x80BC	0x4149 ;_font5x7+188
0x80BE	0x097F ;_font5x7+190
0x80C0	0x0109 ;_font5x7+192
0x80C2	0x3E01 ;_font5x7+194
0x80C4	0x4141 ;_font5x7+196
0x80C6	0x3251 ;_font5x7+198
0x80C8	0x087F ;_font5x7+200
0x80CA	0x0808 ;_font5x7+202
0x80CC	0x007F ;_font5x7+204
0x80CE	0x7F41 ;_font5x7+206
0x80D0	0x0041 ;_font5x7+208
0x80D2	0x4020 ;_font5x7+210
0x80D4	0x3F41 ;_font5x7+212
0x80D6	0x7F01 ;_font5x7+214
0x80D8	0x1408 ;_font5x7+216
0x80DA	0x4122 ;_font5x7+218
0x80DC	0x407F ;_font5x7+220
0x80DE	0x4040 ;_font5x7+222
0x80E0	0x7F40 ;_font5x7+224
0x80E2	0x0402 ;_font5x7+226
0x80E4	0x7F02 ;_font5x7+228
0x80E6	0x047F ;_font5x7+230
0x80E8	0x1008 ;_font5x7+232
0x80EA	0x3E7F ;_font5x7+234
0x80EC	0x4141 ;_font5x7+236
0x80EE	0x3E41 ;_font5x7+238
0x80F0	0x097F ;_font5x7+240
0x80F2	0x0909 ;_font5x7+242
0x80F4	0x3E06 ;_font5x7+244
0x80F6	0x5141 ;_font5x7+246
0x80F8	0x5E21 ;_font5x7+248
0x80FA	0x097F ;_font5x7+250
0x80FC	0x2919 ;_font5x7+252
0x80FE	0x4646 ;_font5x7+254
0x8100	0x4949 ;_font5x7+256
0x8102	0x3149 ;_font5x7+258
0x8104	0x0101 ;_font5x7+260
0x8106	0x017F ;_font5x7+262
0x8108	0x3F01 ;_font5x7+264
0x810A	0x4040 ;_font5x7+266
0x810C	0x3F40 ;_font5x7+268
0x810E	0x201F ;_font5x7+270
0x8110	0x2040 ;_font5x7+272
0x8112	0x7F1F ;_font5x7+274
0x8114	0x1820 ;_font5x7+276
0x8116	0x7F20 ;_font5x7+278
0x8118	0x1463 ;_font5x7+280
0x811A	0x1408 ;_font5x7+282
0x811C	0x0363 ;_font5x7+284
0x811E	0x7804 ;_font5x7+286
0x8120	0x0304 ;_font5x7+288
0x8122	0x5161 ;_font5x7+290
0x8124	0x4549 ;_font5x7+292
0x8126	0x0043 ;_font5x7+294
0x8128	0x7F00 ;_font5x7+296
0x812A	0x4141 ;_font5x7+298
0x812C	0x0402 ;_font5x7+300
0x812E	0x1008 ;_font5x7+302
0x8130	0x4120 ;_font5x7+304
0x8132	0x7F41 ;_font5x7+306
0x8134	0x0000 ;_font5x7+308
0x8136	0x0204 ;_font5x7+310
0x8138	0x0201 ;_font5x7+312
0x813A	0x4004 ;_font5x7+314
0x813C	0x4040 ;_font5x7+316
0x813E	0x4040 ;_font5x7+318
0x8140	0x0100 ;_font5x7+320
0x8142	0x0402 ;_font5x7+322
0x8144	0x2000 ;_font5x7+324
0x8146	0x5454 ;_font5x7+326
0x8148	0x7854 ;_font5x7+328
0x814A	0x487F ;_font5x7+330
0x814C	0x4444 ;_font5x7+332
0x814E	0x3838 ;_font5x7+334
0x8150	0x4444 ;_font5x7+336
0x8152	0x2044 ;_font5x7+338
0x8154	0x4438 ;_font5x7+340
0x8156	0x4844 ;_font5x7+342
0x8158	0x387F ;_font5x7+344
0x815A	0x5454 ;_font5x7+346
0x815C	0x1854 ;_font5x7+348
0x815E	0x7E08 ;_font5x7+350
0x8160	0x0109 ;_font5x7+352
0x8162	0x0802 ;_font5x7+354
0x8164	0x5414 ;_font5x7+356
0x8166	0x3C54 ;_font5x7+358
0x8168	0x087F ;_font5x7+360
0x816A	0x0404 ;_font5x7+362
0x816C	0x0078 ;_font5x7+364
0x816E	0x7D44 ;_font5x7+366
0x8170	0x0040 ;_font5x7+368
0x8172	0x4020 ;_font5x7+370
0x8174	0x3D44 ;_font5x7+372
0x8176	0x0000 ;_font5x7+374
0x8178	0x107F ;_font5x7+376
0x817A	0x4428 ;_font5x7+378
0x817C	0x4100 ;_font5x7+380
0x817E	0x407F ;_font5x7+382
0x8180	0x7C00 ;_font5x7+384
0x8182	0x1804 ;_font5x7+386
0x8184	0x7804 ;_font5x7+388
0x8186	0x087C ;_font5x7+390
0x8188	0x0404 ;_font5x7+392
0x818A	0x3878 ;_font5x7+394
0x818C	0x4444 ;_font5x7+396
0x818E	0x3844 ;_font5x7+398
0x8190	0x147C ;_font5x7+400
0x8192	0x1414 ;_font5x7+402
0x8194	0x0808 ;_font5x7+404
0x8196	0x1414 ;_font5x7+406
0x8198	0x7C18 ;_font5x7+408
0x819A	0x087C ;_font5x7+410
0x819C	0x0404 ;_font5x7+412
0x819E	0x4808 ;_font5x7+414
0x81A0	0x5454 ;_font5x7+416
0x81A2	0x2054 ;_font5x7+418
0x81A4	0x3F04 ;_font5x7+420
0x81A6	0x4044 ;_font5x7+422
0x81A8	0x3C20 ;_font5x7+424
0x81AA	0x4040 ;_font5x7+426
0x81AC	0x7C20 ;_font5x7+428
0x81AE	0x201C ;_font5x7+430
0x81B0	0x2040 ;_font5x7+432
0x81B2	0x3C1C ;_font5x7+434
0x81B4	0x3040 ;_font5x7+436
0x81B6	0x3C40 ;_font5x7+438
0x81B8	0x2844 ;_font5x7+440
0x81BA	0x2810 ;_font5x7+442
0x81BC	0x0C44 ;_font5x7+444
0x81BE	0x5050 ;_font5x7+446
0x81C0	0x3C50 ;_font5x7+448
0x81C2	0x6444 ;_font5x7+450
0x81C4	0x4C54 ;_font5x7+452
0x81C6	0x0044 ;_font5x7+454
0x81C8	0x3608 ;_font5x7+456
0x81CA	0x0041 ;_font5x7+458
0x81CC	0x0000 ;_font5x7+460
0x81CE	0x007F ;_font5x7+462
0x81D0	0x0000 ;_font5x7+464
0x81D2	0x3641 ;_font5x7+466
0x81D4	0x0008 ;_font5x7+468
0x81D6	0x0808 ;_font5x7+470
0x81D8	0x1C2A ;_font5x7+472
0x81DA	0x0808 ;_font5x7+474
0x81DC	0x2A1C ;_font5x7+476
0x81DE	0x0808 ;_font5x7+478
; end of _font5x7
;,0 :: _initBlock_1 [13]
; Containing: ?ICS?lstr1_project [9]
;             ?ICS?lstr2_project [4]
0x81E0	0x6F54 ;_initBlock_1+0 : ?ICS?lstr1_project at 0x81E0
0x81E2	0x206F ;_initBlock_1+2
0x81E4	0x6146 ;_initBlock_1+4
0x81E6	0x2172 ;_initBlock_1+6
0x81E8	0x2000 ;_initBlock_1+8 : ?ICS?lstr2_project at 0x81E9
0x81EA	0x6D63 ;_initBlock_1+10
0x81EC	0x00 ;_initBlock_1+12
; end of _initBlock_1
Symbol List:
//** Routines locations **
//ADDRESS    SIZE    PROCEDURE
//----------------------------------------------
0x0100      [10]    _Delay_10us
0x010A      [14]    __Lib_Glcd_Strobe
0x0118      [44]    _Glcd_Set_X
0x0144       [6]    _Delay_1us
0x014A      [70]    __Lib_Glcd_Write_To_Pins
0x0190     [126]    _Glcd_Read_Data
0x020E      [16]    _Glcd_Write_Data
0x021E      [26]    _Glcd_Set_Page
0x0238      [28]    _Glcd_Set_Side
0x0254      [18]    __Multiply_32x32
0x0266       [6]    _Get_Fosc_kHz
0x026C     [204]    _Glcd_Write_Char
0x0338      [82]    __Divide_32x32
0x038A      [72]    _WordToStr
0x03D2      [24]    _ADC1_Init
0x03EA      [86]    _Glcd_Init
0x0440      [26]    _InitTimer
0x045A      [80]    _IntToStr
0x04AA      [14]    _InitPort
0x04B8      [10]    _InitDelay
0x04C2       [4]    _InitADC
0x04C6       [4]    _InitGLCD
0x04CA      [70]    _Glcd_Write_Text
0x0510      [14]    _InitVariable
0x051E      [30]    _ADC1_Get_Sample
0x053C      [30]    _Timer1Int
0x055A     [432]    _main
//** Variables locations ** 
//ADDRESS    SIZE    VARIABLE
//----------------------------------------------
0x02D2       [0]    GLCD_D4_Direction
0x02D2       [0]    GLCD_D3_Direction
0x02D2       [0]    GLCD_D5_Direction
0x02D2       [0]    GLCD_D7_Direction
0x02D2       [0]    GLCD_D6_Direction
0x02D4       [0]    GLCD_D7
0x02D4       [0]    GLCD_D6
0x02D2       [0]    GLCD_D0_Direction
0x02D2       [0]    GLCD_D2_Direction
0x02D2       [0]    GLCD_D1_Direction
0x02CA       [0]    GLCD_EN
0x0280       [2]    ADCBUF0
0x0800       [2]    _ADC_Get_Sample_Ptr
0x02A0       [2]    ADCON1
0x0104       [0]    TON_bit
0x02A6       [2]    ADCHS
0x02CA       [0]    GLCD_RS
0x02CA       [0]    GLCD_RW
0x02AA       [2]    ADCSSL
0x02A2       [2]    ADCON2
0x02A4       [2]    ADCON3
0x02D4       [0]    GLCD_D5
0x02CA       [0]    GLCD_RST
0x0802       [2]    __Lib_Glcd_fontOffset
0x02C6       [0]    GLCD_CS2_Direction
0x02C6       [0]    GLCD_RW_Direction
0x02C6       [0]    GLCD_CS1_Direction
0x02D0       [2]    LATC
0x0084       [2]    IFS0
0x0804       [1]    __Lib_Glcd_fontH
0x0805       [1]    __Lib_Glcd_fontW
0x0806       [2]    __Lib_Glcd_fontDef
0x02C6       [0]    GLCD_RS_Direction
0x02D4       [0]    GLCD_D1
0x02D4       [0]    GLCD_D0
0x02D4       [0]    GLCD_D2
0x02D4       [0]    GLCD_D4
0x02D4       [0]    GLCD_D3
0x02C6       [0]    GLCD_RST_Direction
0x02C6       [0]    GLCD_EN_Direction
0x0808       [1]    __Lib_Glcd_FontInitialized
0x02CA       [0]    GLCD_CS1
0x02CA       [0]    GLCD_CS2
0x0102       [2]    PR1
0x02D2       [0]    TRISD6_bit
0x02D2       [0]    TRISD5_bit
0x02D2       [0]    TRISD7_bit
0x02CA       [0]    LATB2_bit
0x02CA       [0]    LATB3_bit
0x02D2       [0]    TRISD1_bit
0x02D2       [0]    TRISD0_bit
0x02D2       [0]    TRISD2_bit
0x02D2       [0]    TRISD4_bit
0x02D2       [0]    TRISD3_bit
0x02CA       [0]    LATB5_bit
0x02D4       [0]    RD4_bit
0x02D4       [0]    RD3_bit
0x02D4       [0]    RD5_bit
0x02D4       [0]    RD7_bit
0x02D4       [0]    RD6_bit
0x02CA       [0]    LATB6_bit
0x02CA       [0]    LATB4_bit
0x02D4       [0]    RD0_bit
0x02D4       [0]    RD2_bit
0x02D4       [0]    RD1_bit
0x02C6       [0]    TRISB7_bit
0x080A       [2]    _time
0x080C       [6]    _txt
0x0812       [2]    _temp_sec
0x008C       [2]    IEC0
0x0814       [2]    _temp
0x02C6       [2]    TRISB
0x0104       [2]    T1CON
0x02CE       [2]    PORTC
0x02A8       [2]    ADPCFG
0x02CC       [2]    TRISC
0x0816       [2]    _distance
0x02C6       [0]    TRISB2_bit
0x02C6       [0]    TRISB3_bit
0x02C6       [0]    TRISB5_bit
0x02C6       [0]    TRISB6_bit
0x02C6       [0]    TRISB4_bit
0x0818       [2]    _abc
0x081A       [2]    _temp_old
0x0106       [2]    TMR2
0x02CA       [0]    LATB7_bit
0x0110       [2]    T2CON
0x0020       [2]    SPLIM
0x0022       [2]    ACCAL
0x0024       [2]    ACCAH
0x0026       [2]    ACCAU
0x0028       [2]    ACCBL
0x002A       [2]    ACCBH
0x002C       [2]    ACCBU
0x002E       [2]    PCL
0x0030       [2]    PCH
0x0032       [2]    TBLPAG
0x0034       [2]    PSVPAG
0x0036       [2]    RCOUNT
0x0038       [2]    DCOUNT
0x003A       [2]    DOSTARTL
0x003C       [2]    DOSTARTH
0x003E       [2]    DOENDL
0x0040       [2]    DOENDH
0x0042       [2]    SR
0x0044       [2]    CORCON
0x0046       [2]    MODCON
0x0048       [2]    XMODSRT
0x004A       [2]    XMODEND
0x004C       [2]    YMODSRT
0x004E       [2]    YMODEND
0x0050       [2]    XBREV
0x0052       [2]    DISICNT
0x0080       [2]    INTCON1
0x0082       [2]    INTCON2
0x0084       [2]    IFS0
0x0086       [2]    IFS1
0x0088       [2]    IFS2
0x008C       [2]    IEC0
0x008E       [2]    IEC1
0x0090       [2]    IEC2
0x0094       [2]    IPC0
0x0096       [2]    IPC1
0x0098       [2]    IPC2
0x009A       [2]    IPC3
0x009C       [2]    IPC4
0x009E       [2]    IPC5
0x00A0       [2]    IPC6
0x00A2       [2]    IPC7
0x00A4       [2]    IPC8
0x00A6       [2]    IPC9
0x00A8       [2]    IPC10
0x00B0       [2]    INTTREG
0x00C0       [2]    CNEN1
0x00C2       [2]    CNEN2
0x00C4       [2]    CNPU1
0x00C6       [2]    CNPU2
0x0100       [2]    TMR1
0x0102       [2]    PR1
0x0104       [2]    T1CON
0x0106       [2]    TMR2
0x0108       [2]    TMR3HLD
0x010A       [2]    TMR3
0x010C       [2]    PR2
0x010E       [2]    PR3
0x0110       [2]    T2CON
0x0112       [2]    T3CON
0x0114       [2]    TMR4
0x0116       [2]    TMR5HLD
0x0118       [2]    TMR5
0x0014       [1]    FARG_Glcd_Set_X_x_pos
0x011A       [2]    PR4
0x011C       [2]    PR5
0x011E       [2]    T4CON
0x0120       [2]    T5CON
0x0140       [2]    IC1BUF
0x0142       [2]    IC1CON
0x0144       [2]    IC2BUF
0x0146       [2]    IC2CON
0x0148       [2]    IC3BUF
0x0014       [1]    FARG___Lib_Glcd_Write_To_Pins_ddata
0x014A       [2]    IC3CON
0x014C       [2]    IC4BUF
0x014E       [2]    IC4CON
0x0150       [2]    IC5BUF
0x0152       [2]    IC5CON
0x0154       [2]    IC6BUF
0x0156       [2]    IC6CON
0x0158       [2]    IC7BUF
0x015A       [2]    IC7CON
0x015C       [2]    IC8BUF
0x015E       [2]    IC8CON
0x0180       [2]    OC1RS
0x0182       [2]    OC1R
0x0184       [2]    OC1CON
0x0186       [2]    OC2RS
0x0188       [2]    OC2R
0x018A       [2]    OC2CON
0x018C       [2]    OC3RS
0x018E       [2]    OC3R
0x0190       [2]    OC3CON
0x0192       [2]    OC4RS
0x0194       [2]    OC4R
0x0196       [2]    OC4CON
0x0198       [2]    OC5RS
0x019A       [2]    OC5R
0x019C       [2]    OC5CON
0x019E       [2]    OC6RS
0x01A0       [2]    OC6R
0x01A2       [2]    OC6CON
0x01A4       [2]    OC7RS
0x01A6       [2]    OC7R
0x01A8       [2]    OC7CON
0x01AA       [2]    OC8RS
0x01AC       [2]    OC8R
0x01AE       [2]    OC8CON
0x0200       [2]    I2CRCV
0x0202       [2]    I2CTRN
0x0204       [2]    I2CBRG
0x0206       [2]    I2CCON
0x0208       [2]    I2CSTAT
0x020A       [2]    I2CADD
0x020C       [2]    U1MODE
0x020E       [2]    U1STA
0x0014       [1]    FARG_Glcd_Write_Data_ddata
0x0210       [2]    U1TXREG
0x0212       [2]    U1RXREG
0x0214       [2]    U1BRG
0x0216       [2]    U2MODE
0x0218       [2]    U2STA
0x021A       [2]    U2TXREG
0x021C       [2]    U2RXREG
0x021E       [2]    U2BRG
0x0014       [1]    FARG_Glcd_Set_Page_page
0x0220       [2]    SPI1STAT
0x0222       [2]    SPI1CON
0x0224       [2]    SPI1BUF
0x0226       [2]    SPI2STAT
0x0228       [2]    SPI2CON
0x022A       [2]    SPI2BUF
0x0014       [1]    FARG_Glcd_Set_Side_x_pos
0x0240       [2]    DCICON1
0x0242       [2]    DCICON2
0x0244       [2]    DCICON3
0x0246       [2]    DCISTAT
0x0248       [2]    TSCON
0x024C       [2]    RSCON
0x0250       [2]    RXBUF0
0x0252       [2]    RXBUF1
0x0254       [2]    RXBUF2
0x0256       [2]    RXBUF3
0x0258       [2]    TXBUF0
0x025A       [2]    TXBUF1
0x025C       [2]    TXBUF2
0x025E       [2]    TXBUF3
0x0014       [1]    FARG_Glcd_Write_Char_character
0x0016       [1]    FARG_Glcd_Write_Char_x_pos
0x0018       [1]    FARG_Glcd_Write_Char_page_num
0x001A       [1]    FARG_Glcd_Write_Char_color
0x0280       [2]    ADCBUF0
0x0282       [2]    ADCBUF1
0x0284       [2]    ADCBUF2
0x0286       [2]    ADCBUF3
0x0288       [2]    ADCBUF4
0x028A       [2]    ADCBUF5
0x028C       [2]    ADCBUF6
0x028E       [2]    ADCBUF7
0x0290       [2]    ADCBUF8
0x0292       [2]    ADCBUF9
0x0294       [2]    ADCBUFA
0x0296       [2]    ADCBUFB
0x0298       [2]    ADCBUFC
0x029A       [2]    ADCBUFD
0x029C       [2]    ADCBUFE
0x029E       [2]    ADCBUFF
0x02A0       [2]    ADCON1
0x02A2       [2]    ADCON2
0x02A4       [2]    ADCON3
0x02A6       [2]    ADCHS
0x02A8       [2]    ADPCFG
0x02AA       [2]    ADCSSL
0x02C0       [2]    TRISA
0x02C2       [2]    PORTA
0x02C4       [2]    LATA
0x02C6       [2]    TRISB
0x02C8       [2]    PORTB
0x02CA       [2]    LATB
0x02CC       [2]    TRISC
0x02CE       [2]    PORTC
0x02D0       [2]    LATC
0x02D2       [2]    TRISD
0x02D4       [2]    PORTD
0x02D6       [2]    LATD
0x02DE       [2]    TRISF
0x02E0       [2]    PORTF
0x02E2       [2]    LATF
0x02E4       [2]    TRISG
0x02E6       [2]    PORTG
0x02E8       [2]    LATG
0x0300       [2]    C1RXF0SID
0x0302       [2]    C1RXF0EIDH
0x0304       [2]    C1RXF0EIDL
0x0308       [2]    C1RXF1SID
0x030A       [2]    C1RXF1EIDH
0x030C       [2]    C1RXF1EIDL
0x0310       [2]    C1RXF2SID
0x0312       [2]    C1RXF2EIDH
0x0314       [2]    C1RXF2EIDL
0x0318       [2]    C1RXF3SID
0x031A       [2]    C1RXF3EIDH
0x031C       [2]    C1RXF3EIDL
0x0320       [2]    C1RXF4SID
0x0322       [2]    C1RXF4EIDH
0x0324       [2]    C1RXF4EIDL
0x0328       [2]    C1RXF5SID
0x032A       [2]    C1RXF5EIDH
0x032C       [2]    C1RXF5EIDL
0x0330       [2]    C1RXM0SID
0x0332       [2]    C1RXM0EIDH
0x0334       [2]    C1RXM0EIDL
0x0338       [2]    C1RXM1SID
0x033A       [2]    C1RXM1EIDH
0x033C       [2]    C1RXM1EIDL
0x0340       [2]    C1TX2SID
0x0342       [2]    C1TX2EID
0x0344       [2]    C1TX2DLC
0x0346       [2]    C1TX2B1
0x0348       [2]    C1TX2B2
0x034A       [2]    C1TX2B3
0x034C       [2]    C1TX2B4
0x034E       [2]    C1TX2CON
0x0350       [2]    C1TX1SID
0x0352       [2]    C1TX1EID
0x0354       [2]    C1TX1DLC
0x0356       [2]    C1TX1B1
0x0358       [2]    C1TX1B2
0x035A       [2]    C1TX1B3
0x035C       [2]    C1TX1B4
0x035E       [2]    C1TX1CON
0x0360       [2]    C1TX0SID
0x0362       [2]    C1TX0EID
0x0364       [2]    C1TX0DLC
0x0366       [2]    C1TX0B1
0x0368       [2]    C1TX0B2
0x036A       [2]    C1TX0B3
0x036C       [2]    C1TX0B4
0x036E       [2]    C1TX0CON
0x0370       [2]    C1RX1SID
0x0372       [2]    C1RX1EID
0x0374       [2]    C1RX1DLC
0x0376       [2]    C1RX1B1
0x0378       [2]    C1RX1B2
0x037A       [2]    C1RX1B3
0x037C       [2]    C1RX1B4
0x037E       [2]    C1RX1CON
0x0380       [2]    C1RX0SID
0x0382       [2]    C1RX0EID
0x0384       [2]    C1RX0DLC
0x0386       [2]    C1RX0B1
0x0388       [2]    C1RX0B2
0x0014       [2]    FARG_WordToStr_input
0x0016       [2]    FARG_WordToStr_output
0x038A       [2]    C1RX0B3
0x038C       [2]    C1RX0B4
0x038E       [2]    C1RX0CON
0x0390       [2]    C1CTRL
0x0392       [2]    C1CFG1
0x0394       [2]    C1CFG2
0x0396       [2]    C1INTF
0x0398       [2]    C1INTE
0x039A       [2]    C1RERRCNT
0x039A       [2]    C1EC
0x03C0       [2]    C2RXF0SID
0x03C2       [2]    C2RXF0EIDH
0x03C4       [2]    C2RXF0EIDL
0x03C8       [2]    C2RXF1SID
0x03CA       [2]    C2RXF1EIDH
0x03CC       [2]    C2RXF1EIDL
0x03D0       [2]    C2RXF2SID
0x03D2       [2]    C2RXF2EIDH
0x03D4       [2]    C2RXF2EIDL
0x03D8       [2]    C2RXF3SID
0x03DA       [2]    C2RXF3EIDH
0x03DC       [2]    C2RXF3EIDL
0x03E0       [2]    C2RXF4SID
0x03E2       [2]    C2RXF4EIDH
0x03E4       [2]    C2RXF4EIDL
0x03E8       [2]    C2RXF5SID
0x03EA       [2]    C2RXF5EIDH
0x03EC       [2]    C2RXF5EIDL
0x03F0       [2]    C2RXM0SID
0x03F2       [2]    C2RXM0EIDH
0x03F4       [2]    C2RXM0EIDL
0x03F8       [2]    C2RXM1SID
0x03FA       [2]    C2RXM1EIDH
0x03FC       [2]    C2RXM1EIDL
0x0400       [2]    C2TX2SID
0x0402       [2]    C2TX2EID
0x0404       [2]    C2TX2DLC
0x0406       [2]    C2TX2B1
0x0408       [2]    C2TX2B2
0x040A       [2]    C2TX2B3
0x040C       [2]    C2TX2B4
0x040E       [2]    C2TX2CON
0x0410       [2]    C2TX1SID
0x0412       [2]    C2TX1EID
0x0414       [2]    C2TX1DLC
0x0416       [2]    C2TX1B1
0x0418       [2]    C2TX1B2
0x041A       [2]    C2TX1B3
0x041C       [2]    C2TX1B4
0x041E       [2]    C2TX1CON
0x0420       [2]    C2TX0SID
0x0422       [2]    C2TX0EID
0x0424       [2]    C2TX0DLC
0x0426       [2]    C2TX0B1
0x0428       [2]    C2TX0B2
0x042A       [2]    C2TX0B3
0x042C       [2]    C2TX0B4
0x042E       [2]    C2TX0CON
0x0430       [2]    C2RX1SID
0x0432       [2]    C2RX1EID
0x0434       [2]    C2RX1DLC
0x0436       [2]    C2RX1B1
0x0438       [2]    C2RX1B2
0x043A       [2]    C2RX1B3
0x043C       [2]    C2RX1B4
0x043E       [2]    C2RX1CON
0x0440       [2]    C2RX0SID
0x0442       [2]    C2RX0EID
0x0444       [2]    C2RX0DLC
0x0446       [2]    C2RX0B1
0x0448       [2]    C2RX0B2
0x044A       [2]    C2RX0B3
0x044C       [2]    C2RX0B4
0x044E       [2]    C2RX0CON
0x0450       [2]    C2CTRL
0x0452       [2]    C2CFG1
0x0454       [2]    C2CFG2
0x0456       [2]    C2INTF
0x0458       [2]    C2INTE
0x0014       [2]    FARG_IntToStr_input
0x0016       [2]    FARG_IntToStr_output
0x045A       [2]    C2EC
0x045A       [2]    C2RERRCNT
0x0014       [2]    FARG_Glcd_Write_Text_text
0x0016       [1]    FARG_Glcd_Write_Text_x_pos
0x0018       [1]    FARG_Glcd_Write_Text_page_num
0x001A       [1]    FARG_Glcd_Write_Text_color
0x0014       [2]    FARG_ADC1_Get_Sample_channel
0x0740       [2]    RCON
0x0742       [2]    OSCCON
0x0744       [2]    OSCTUN
0x0760       [2]    NVMCON
0x0762       [2]    NVMADR
0x0764       [2]    NVMADRU
0x0766       [2]    NVMKEY
0x0770       [2]    PMD1
0x0772       [2]    PMD2
0x0774       [2]    PMD3
//** Constants locations ** 
//ADDRESS    SIZE    CONSTANT
//----------------------------------------------
0x8000     [480]    _font5x7
0x81E0       [9]    ?ICS?lstr1_project
0x81E9       [4]    ?ICS?lstr2_project
//** Label List: ** 
//----------------------------------------------
  L_main0
  L_main1
  L_main2
  L_main4
  L_main6
  L_main7
  L_main8
  L_main10
  L_main11
  L_main12
  L_main13
  L_main15
  L_main16
  L_main17
  L_main18
  L_main19
  L_main20
  L_main21
  L_main22
  L_main23
  L_main24
  L_main25
  L_main26
  L_main27
  L_main28
  L_main29
  L_main30
  L_main31
  L_main32
  L_main33
  L_main34
  L_main35
  L_main36
  L_main37
  L_main38
  L_main39
  L_main40
  L__main42
  L__main43
  L__main44
  L__main45
  L__main46
  L__main47
  L__main48
  L__main49
  L__main50
  L__main51
  L__main52
  L__main53
  L__main54
  L__main55
  L__main56
  L_end_Timer1Int
  _Timer1Int
  L_end_InitPort
  _InitPort
  L_end_InitTimer
  _InitTimer
  L_end_InitDelay
  _InitDelay
  L_end_InitADC
  _InitADC
  L_end_InitVariable
  _InitVariable
  L_end_InitGLCD
  _InitGLCD
  L_end_main
  _main
  L__main65
  L__main66
  L__main67
  L__main68
  L__main69
  L__main70
  L__main71
  L__main72
  L__main73
  L__main74
  L__main75
  L__main76
  L__main77
  L__main78
  L__main79
  L__main80
  L__main81
  L_ADC1_Get_Sample0
  L_ADC1_Get_Sample1
  L_end_ADC1_Init
  _ADC1_Init
  L_end_ADC1_Init_Advanced
  _ADC1_Init_Advanced
  L_end_ADC1_Get_Sample
  _ADC1_Get_Sample
  L_end_ADC1_Read
  _ADC1_Read
  L_ByteToStr0
  L_ByteToStr1
  L_ByteToStr2
  L_ByteToStr3
  L_ByteToStr4
  L_ByteToStr5
  L_WordToStr6
  L_WordToStr7
  L_WordToStr8
  L_WordToStr9
  L_WordToStr10
  L_WordToStr11
  L_WordToStrWithZeros12
  L_WordToStrWithZeros13
  L_WordToStrWithZeros14
  L_WordToStrWithZeros15
  L_WordToStrWithZeros16
  L_ShortToStr17
  L_ShortToStr18
  L_ShortToStr19
  L_ShortToStr20
  L_ShortToStr21
  L_ShortToStr22
  L_IntToStr23
  L_IntToStr24
  L_IntToStr25
  L_IntToStr26
  L_IntToStr27
  L_IntToStr28
  L_IntToStrWithZeros29
  L_IntToStrWithZeros30
  L_IntToStrWithZeros31
  L_IntToStrWithZeros32
  L_IntToStrWithZeros33
  L_IntToStrWithZeros34
  L_IntToStrWithZeros35
  L_IntToStrWithZeros36
  L_LongWordToStr37
  L_LongWordToStr38
  L_LongWordToStr39
  L_LongWordToStr40
  L_LongWordToStr41
  L_LongWordToStr42
  L_LongWordToStrWithZeros43
  L_LongWordToStrWithZeros44
  L_LongWordToStrWithZeros45
  L_LongWordToStrWithZeros46
  L_LongWordToStrWithZeros47
  L_LongToStr48
  L_LongToStr49
  L_LongToStr50
  L_LongToStr51
  L_LongToStr52
  L_LongToStr53
  L_LongIntToStrWithZeros54
  L_LongIntToStrWithZeros55
  L_LongIntToStrWithZeros56
  L_LongIntToStrWithZeros57
  L_LongIntToStrWithZeros58
  L_LongIntToStrWithZeros59
  L_LongIntToStrWithZeros60
  L_LongIntToStrWithZeros61
  L_Dec2Bcd62
  L_Dec2Bcd63
  L_Rtrim64
  L_Rtrim65
  L_Ltrim66
  L_Ltrim67
  L_Ltrim68
  L_Ltrim69
  L_Ltrim70
  L_Ltrim71
  L_FloatToStr72
  L_FloatToStr73
  L_FloatToStr74
  L_FloatToStr75
  L_FloatToStr76
  L_FloatToStr77
  L_FloatToStr78
  L_FloatToStr79
  L_FloatToStr80
  L_FloatToStr81
  L_FloatToStr82
  L_FloatToStr83
  L_FloatToStr84
  L_FloatToStr85
  L_FloatToStr86
  L_FloatToStr87
  L_FloatToStr88
  L_FloatToStr89
  L_FloatToStr90
  L_FloatToStr91
  L_FloatToStr92
  L_FloatToStr93
  L__ShortToStr94
  L__IntToStr95
  L__IntToStrWithZeros96
  L__LongToStr97
  L__Ltrim98
  L__Ltrim99
  L__Ltrim100
  L__Ltrim101
  L__FloatToStr102
  L__FloatToStr103
  L__FloatToStr104
  L__FloatToStr105
  L__FloatToStr106
  L__FloatToStr107
  L_end_ByteToHex
  _ByteToHex
  L_end_ShortToHex
  _ShortToHex
  L_end_WordToHex
  _WordToHex
  L_end_IntToHex
  _IntToHex
  L_end_LongWordToHex
  _LongWordToHex
  L_end_LongIntToHex
  _LongIntToHex
  L_end_ByteToStr
  _ByteToStr
  L__ByteToStr115
  L__ByteToStr116
  L_end_WordToStr
  _WordToStr
  L__WordToStr118
  L__WordToStr119
  L_end_WordToStrWithZeros
  _WordToStrWithZeros
  L__WordToStrWithZeros121
  L__WordToStrWithZeros122
  L_end_ShortToStr
  _ShortToStr
  L__ShortToStr124
  L__ShortToStr125
  L__ShortToStr126
  L__ShortToStr127
  L_end_IntToStr
  _IntToStr
  L__IntToStr129
  L__IntToStr130
  L__IntToStr131
  L__IntToStr132
  L_end_IntToStrWithZeros
  _IntToStrWithZeros
  L__IntToStrWithZeros134
  L__IntToStrWithZeros135
  L__IntToStrWithZeros136
  L__IntToStrWithZeros137
  L__IntToStrWithZeros138
  L_end_LongWordToStr
  _LongWordToStr
  L__LongWordToStr140
  L__LongWordToStr141
  L_end_LongWordToStrWithZeros
  _LongWordToStrWithZeros
  L__LongWordToStrWithZeros143
  L__LongWordToStrWithZeros144
  L_end_LongToStr
  _LongToStr
  L__LongToStr146
  L__LongToStr147
  L__LongToStr148
  L__LongToStr149
  L_end_LongIntToStrWithZeros
  _LongIntToStrWithZeros
  L__LongIntToStrWithZeros151
  L__LongIntToStrWithZeros152
  L__LongIntToStrWithZeros153
  L__LongIntToStrWithZeros154
  L__LongIntToStrWithZeros155
  L_end_Dec2Bcd
  _Dec2Bcd
  L__Dec2Bcd157
  L_end_Bcd2Dec
  _Bcd2Dec
  L_end_Bcd2Dec16
  _Bcd2Dec16
  L_end_Dec2Bcd16
  _Dec2Bcd16
  L_end_Rtrim
  _Rtrim
  L__Rtrim162
  L_end_Ltrim
  _Ltrim
  L__Ltrim164
  L__Ltrim165
  L__Ltrim166
  L_end_FloatToStr
  _FloatToStr
  L__FloatToStr168
  L__FloatToStr169
  L__FloatToStr170
  L__FloatToStr171
  L__FloatToStr172
  L__FloatToStr173
  L__FloatToStr174
  L__FloatToStr175
  L__FloatToStr176
  L__FloatToStr177
  L__FloatToStr178
  L__FloatToStr179
  L__FloatToStr180
  L__FloatToStr181
  L__FloatToStr182
  L__FloatToStr183
  L__FloatToStr184
  L__FloatToStr185
  L__FloatToStr186
  Delay_Cyc_loop
  Delay_Cyc_rez
  Label1
  Label2
  Delay_Cyc_loop
  Delay_Cyc_rem
  L_VDelay_ms3
  L_VDelay_ms4
  Label1
  Label2
  Delay_Cyc_loop
  Delay_Cyc_rem
  L_VDelay_Advanced_ms7
  L_VDelay_Advanced_ms8
  Label1
  Label2
  Delay_Cyc_loop
  Delay_Cyc_rem
  L_Delay_10us11
  L_Delay_22us13
  L_Delay_50us15
  L_Delay_80us17
  L_Delay_500us19
  L_Delay_5500us21
  L_Delay_1ms23
  L_Delay_5ms25
  L_Delay_8ms27
  L_Delay_10ms29
  L_Delay_100ms31
  L_Delay_1sec33
  L_end_Get_Fosc_kHz
  _Get_Fosc_kHz
  L_end_Get_Fosc_Per_Cyc
  _Get_Fosc_Per_Cyc
  L_end_Delay_Cyc
  _Delay_Cyc
  L_end_Delay_Cyc_Long
  _Delay_Cyc_Long
  L_end_VDelay_ms
  _VDelay_ms
  L_end_VDelay_Advanced_ms
  _VDelay_Advanced_ms
  L_end_Delay_W0
  _Delay_W0
  L_end_Delay_1us
  _Delay_1us
  L_end_Delay_10us
  _Delay_10us
  L_end_Delay_22us
  _Delay_22us
  L_end_Delay_50us
  _Delay_50us
  L_end_Delay_80us
  _Delay_80us
  L_end_Delay_500us
  _Delay_500us
  L_end_Delay_5500us
  _Delay_5500us
  L_end_Delay_1ms
  _Delay_1ms
  L_end_Delay_5ms
  _Delay_5ms
  L_end_Delay_8ms
  _Delay_8ms
  L_end_Delay_10ms
  _Delay_10ms
  L_end_Delay_100ms
  _Delay_100ms
  L_end_Delay_1sec
  _Delay_1sec
  L_Glcd_Set_Side0
  L_Glcd_Set_Side1
  L_Glcd_Fill2
  L_Glcd_Fill3
  L_Glcd_Fill4
  L_Glcd_Fill5
  L_Glcd_Fill6
  L_Glcd_Fill7
  L_Glcd_Fill8
  L_Glcd_Fill9
  L_Glcd_Fill10
  L_Glcd_Fill11
  L_Glcd_Fill12
  L_Glcd_Fill13
  L_Glcd_Write_Char14
  L_Glcd_Write_Char15
  L_Glcd_Write_Char16
  L_Glcd_Write_Char17
  L_Glcd_Write_Char18
  L_Glcd_Write_Char19
  L_Glcd_Write_Char20
  L_Glcd_Write_Char21
  L_Glcd_Write_Char22
  L_Glcd_Write_Char23
  L_Glcd_Write_Char24
  L_Glcd_Write_Char25
  L_Glcd_Write_Char26
  L_Glcd_Write_Char27
  L_Glcd_Write_Text28
  L_Glcd_Write_Text29
  L_Glcd_Write_Text30
  L_Glcd_Dot31
  L_Glcd_Dot32
  L_Glcd_Dot33
  L_Glcd_Dot34
  L_Glcd_Dot35
  L_Glcd_Dot36
  L_Glcd_Dot37
  L_Glcd_Dot38
  L_Glcd_Line39
  L_Glcd_Line40
  L_Glcd_Line41
  L_Glcd_Line42
  L_Glcd_Line43
  L_Glcd_Line44
  L_Glcd_Line45
  L_Glcd_Line46
  L_Glcd_Line47
  L_Glcd_Line48
  L_Glcd_Line49
  L_Glcd_Line50
  L_Glcd_Line51
  L_Glcd_Line52
  L_Glcd_Line53
  L_Glcd_Line54
  L_Glcd_Line55
  L_Glcd_Line56
  L_Glcd_Line57
  L_Glcd_Line58
  L_Glcd_H_Line59
  L_Glcd_H_Line60
  L_Glcd_H_Line61
  L_Glcd_H_Line62
  L_Glcd_H_Line63
  L_Glcd_H_Line64
  L_Glcd_H_Line65
  L_Glcd_H_Line66
  L_Glcd_H_Line67
  L_Glcd_H_Line68
  L_Glcd_V_Line69
  L_Glcd_V_Line70
  L_Glcd_V_Line71
  L_Glcd_V_Line72
  L_Glcd_V_Line73
  L_Glcd_V_Line74
  L_Glcd_V_Line75
  L_Glcd_V_Line76
  L_Glcd_V_Line77
  L_Glcd_V_Line78
  L_Glcd_Circle79
  L_Glcd_Circle80
  L_Glcd_Circle81
  L_Glcd_Circle82
  L_Glcd_Circle_Fill83
  L_Glcd_Circle_Fill84
  L_Glcd_Circle_Fill85
  L_Glcd_Circle_Fill86
  L_Glcd_Circle_Fill87
  L_Glcd_Circle_Fill88
  L_Glcd_Image89
  L_Glcd_Image90
  L_Glcd_Image91
  L_Glcd_Image92
  L_Glcd_Image93
  L_Glcd_Image94
  L_Glcd_Image95
  L_Glcd_Image96
  L_Glcd_Rectangle_Round_Edges97
  L_Glcd_Rectangle_Round_Edges98
  L_Glcd_Rectangle_Round_Edges99
  L_Glcd_Rectangle_Round_Edges100
  L_Glcd_Rectangle_Round_Edges101
  L_Glcd_Rectangle_Round_Edges102
  L_Glcd_Rectangle_Round_Edges103
  L_Glcd_Rectangle_Round_Edges104
  L_Glcd_Rectangle_Round_Edges105
  L_Glcd_Rectangle_Round_Edges106
  L_Glcd_Rectangle_Round_Edges107
  L_Glcd_Rectangle_Round_Edges108
  L_Glcd_Box109
  L_Glcd_Box110
  L_Glcd_Box111
  L_Glcd_Rectangle_Round_Edges_Fill112
  L_Glcd_Rectangle_Round_Edges_Fill113
  L_Glcd_Rectangle_Round_Edges_Fill114
  L_Glcd_Rectangle_Round_Edges_Fill115
  L_Glcd_Rectangle_Round_Edges_Fill116
  L_Glcd_Rectangle_Round_Edges_Fill117
  L_Glcd_Rectangle_Round_Edges_Fill118
  L_Glcd_Rectangle_Round_Edges_Fill119
  L_Glcd_Rectangle_Round_Edges_Fill120
  L_Glcd_Rectangle_Round_Edges_Fill121
  L_Glcd_Rectangle_Round_Edges_Fill122
  L_Glcd_Rectangle_Round_Edges_Fill123
  L_Glcd_PartialImage124
  L_Glcd_PartialImage125
  L_Glcd_PartialImage126
  L_Glcd_PartialImage127
  L_Glcd_PartialImage128
  L_Glcd_PartialImage129
  L_Glcd_PartialImage130
  L_Glcd_PartialImage131
  L_Glcd_PartialImage132
  L_Glcd_PartialImage133
  L_Glcd_PartialImage134
  L_Glcd_PartialImage135
  L_Glcd_PartialImage136
  L_Glcd_PartialImage137
  L_Glcd_PartialImage138
  L_Glcd_PartialImage139
  L_Glcd_PartialImage140
  L_Glcd_PartialImage141
  L_Glcd_PartialImage142
  L_Glcd_PartialImage143
  L_Glcd_PartialImage144
  L_Glcd_PartialImage145
  L_Glcd_PartialImage146
  L_Glcd_PartialImage147
  L_Glcd_PartialImage148
  L_Glcd_PartialImage149
  L_Glcd_PartialImage150
  L_Glcd_PartialImage151
  L_Glcd_PartialImage152
  L__Glcd_Dot153
  L__Glcd_Dot154
  L__Glcd_Dot155
  L__Glcd_Dot156
  L__Glcd_Dot157
  L__Glcd_Line158
  L__Glcd_Line159
  L__Glcd_H_Line160
  L__Glcd_H_Line161
  L__Glcd_H_Line162
  L__Glcd_V_Line163
  L__Glcd_V_Line164
  L__Glcd_V_Line165
  L__Glcd_PartialImage166
  L__Glcd_PartialImage167
  L__Glcd_PartialImage168
  L__Glcd_PartialImage169
  L__Glcd_PartialImage170
  L__Glcd_PartialImage171
  L__Glcd_PartialImage172
  L__Glcd_PartialImage173
  L__Glcd_PartialImage174
  L__Glcd_PartialImage175
  L__Glcd_PartialImage176
  L__Glcd_PartialImage177
  L__Glcd_PartialImage178
  L__Glcd_PartialImage179
  L_end_Write_To_Pins
  __Lib_Glcd_Write_To_Pins
  L_end_Strobe
  __Lib_Glcd_Strobe
  L_end_Glcd_Set_Page
  _Glcd_Set_Page
  L_end_Glcd_Set_Side
  _Glcd_Set_Side
  L_end_Glcd_Set_X
  _Glcd_Set_X
  L_end_Glcd_Read_Data
  _Glcd_Read_Data
  L_end_Glcd_Write_Data
  _Glcd_Write_Data
  L_end_Glcd_Fill
  _Glcd_Fill
  L__Glcd_Fill188
  L__Glcd_Fill189
  L__Glcd_Fill190
  L__Glcd_Fill191
  L_end_Glcd_Init
  _Glcd_Init
  L_end_Glcd_Set_Font
  _Glcd_Set_Font
  L_end_Glcd_Write_Char
  _Glcd_Write_Char
  L__Glcd_Write_Char195
  L__Glcd_Write_Char196
  L__Glcd_Write_Char197
  L__Glcd_Write_Char198
  L__Glcd_Write_Char199
  L__Glcd_Write_Char200
  L__Glcd_Write_Char201
  L__Glcd_Write_Char202
  L_end_Glcd_Write_Text
  _Glcd_Write_Text
  L__Glcd_Write_Text204
  L__Glcd_Write_Text205
  L_end_Glcd_Dot
  _Glcd_Dot
  L__Glcd_Dot207
  L__Glcd_Dot208
  L__Glcd_Dot209
  L__Glcd_Dot210
  L__Glcd_Dot211
  L__Glcd_Dot212
  L__Glcd_Dot213
  L_end_Glcd_Line
  _Glcd_Line
  L__Glcd_Line215
  L__Glcd_Line216
  L__Glcd_Line217
  L__Glcd_Line218
  L__Glcd_Line219
  L__Glcd_Line220
  L__Glcd_Line221
  L__Glcd_Line222
  L__Glcd_Line223
  L__Glcd_Line224
  L__Glcd_Line225
  L__Glcd_Line226
  L__Glcd_Line227
  L__Glcd_Line228
  L__Glcd_Line229
  L_end_Glcd_H_Line
  _Glcd_H_Line
  L__Glcd_H_Line231
  L__Glcd_H_Line232
  L__Glcd_H_Line233
  L__Glcd_H_Line234
  L__Glcd_H_Line235
  L__Glcd_H_Line236
  L__Glcd_H_Line237
  L__Glcd_H_Line238
  L_end_Glcd_V_Line
  _Glcd_V_Line
  L__Glcd_V_Line240
  L__Glcd_V_Line241
  L__Glcd_V_Line242
  L__Glcd_V_Line243
  L__Glcd_V_Line244
  L__Glcd_V_Line245
  L__Glcd_V_Line246
  L__Glcd_V_Line247
  L_end_Glcd_Circle
  _Glcd_Circle
  L__Glcd_Circle249
  L__Glcd_Circle250
  L_end_Glcd_Circle_Fill
  _Glcd_Circle_Fill
  L__Glcd_Circle_Fill252
  L__Glcd_Circle_Fill253
  L__Glcd_Circle_Fill254
  L__Glcd_Circle_Fill255
  L_end_Glcd_Image
  _Glcd_Image
  L__Glcd_Image257
  L__Glcd_Image258
  L__Glcd_Image259
  L_end_Glcd_Rectangle
  _Glcd_Rectangle
  L_end_Glcd_Rectangle_Round_Edges
  _Glcd_Rectangle_Round_Edges
  L__Glcd_Rectangle_Round_Edges262
  L__Glcd_Rectangle_Round_Edges263
  L__Glcd_Rectangle_Round_Edges264
  L__Glcd_Rectangle_Round_Edges265
  L__Glcd_Rectangle_Round_Edges266
  L__Glcd_Rectangle_Round_Edges267
  L__Glcd_Rectangle_Round_Edges268
  L__Glcd_Rectangle_Round_Edges269
  L_end_Glcd_Box
  _Glcd_Box
  L__Glcd_Box271
  L_end_Glcd_Rectangle_Round_Edges_Fill
  _Glcd_Rectangle_Round_Edges_Fill
  L__Glcd_Rectangle_Round_Edges_Fill273
  L__Glcd_Rectangle_Round_Edges_Fill274
  L__Glcd_Rectangle_Round_Edges_Fill275
  L__Glcd_Rectangle_Round_Edges_Fill276
  L__Glcd_Rectangle_Round_Edges_Fill277
  L__Glcd_Rectangle_Round_Edges_Fill278
  L__Glcd_Rectangle_Round_Edges_Fill279
  L__Glcd_Rectangle_Round_Edges_Fill280
  L_end_Glcd_PartialImage
  _Glcd_PartialImage
  L__Glcd_PartialImage282
  L__Glcd_PartialImage283
  L__Glcd_PartialImage284
  L__Glcd_PartialImage285
  L__Glcd_PartialImage286
  L__Glcd_PartialImage287
  L__Glcd_PartialImage288
  L__Glcd_PartialImage289
  L__Glcd_PartialImage290
  L__Glcd_PartialImage291
  L__Glcd_PartialImage292
  L__Glcd_PartialImage293
  L__Glcd_PartialImage294
  L__Glcd_PartialImage295
  L__Glcd_PartialImage296
  L__Glcd_PartialImage297
  L__Glcd_PartialImage298
  Divide_32x32___testsus
  the_end_Divide_32x32
  Divide_32x32___divsi3
  Divide_32x32___udivsi3
  Divide_32x32_divtestb
  Divide_32x32_calcquot
  Divide_32x32_returnq
  Divide_32x32_nextbit
  Divide_32x32_iterate
  Modulus_32x32___testsus
  the_end_Modulus_32x32
  Modulus_32x32___modsi3
  Modulus_32x32___umodsi3
  Modulus_32x32_modtestb
  Modulus_32x32_calcrem
  Modulus_32x32_exitr
  Modulus_32x32___udivsi3
  Modulus_32x32_nextbit
  Modulus_32x32_iterate
  L_end__Multiply_32x32
  __Multiply_32x32
  L_end__Divide_32x32
  __Divide_32x32
  L_end__Modulus_32x32
  __Modulus_32x32
  L_main0
  L_main1
  L_main2
  L_main4
  L_main6
  L_main7
  L_main8
  L_main10
  L_main11
  L_main12
  L_main13
  L_main15
  L_main16
  L_main17
  L_main18
  L_main19
  L_main20
  L_main21
  L_main22
  L_main23
  L_main24
  L_main25
  L_main26
  L_main27
  L_main28
  L_main29
  L_main30
  L_main31
  L_main32
  L_main33
  L_main34
  L_main35
  L_main36
  L_main37
  L_main38
  L_main39
  L_main40
  L__main42
  L__main43
  L__main44
  L__main45
  L__main46
  L__main47
  L__main48
  L__main49
  L__main50
  L__main51
  L__main52
  L__main53
  L__main54
  L__main55
  L__main56
  L_end_Timer1Int
  _Timer1Int
  L_end_InitPort
  _InitPort
  L_end_InitTimer
  _InitTimer
  L_end_InitDelay
  _InitDelay
  L_end_InitADC
  _InitADC
  L_end_InitVariable
  _InitVariable
  L_end_InitGLCD
  _InitGLCD
  L_end_main
  _main
  L__main65
  L__main66
  L__main67
  L__main68
  L__main69
  L__main70
  L__main71
  L__main72
  L__main73
  L__main74
  L__main75
  L__main76
  L__main77
  L__main78
  L__main79
  L__main80
  L__main81
